2025-09-19 18:06:38,890 - fpl_analytics - INFO - Performance - page_render_dashboard: 0.00s
2025-09-19 18:06:38,946 - fpl_analytics - INFO - Performance - app_run: 0.11s - {'page': 'dashboard'}
2025-09-19 18:07:08,585 - fpl_analytics - INFO - Performance - page_render_dashboard: 1.39s
2025-09-19 18:07:08,600 - fpl_analytics - INFO - Performance - app_run: 2.76s - {'page': 'dashboard'}
2025-09-19 18:09:21,039 - fpl_analytics - INFO - Performance - page_render_players: 0.60s
2025-09-19 18:09:21,055 - fpl_analytics - INFO - Performance - app_run: 0.64s - {'page': 'players'}
2025-09-19 18:10:20,796 - fpl_analytics - INFO - Performance - page_render_my_team: 7.79s
2025-09-19 18:10:20,821 - fpl_analytics - INFO - Performance - app_run: 7.86s - {'page': 'my_team'}
2025-09-19 18:10:25,586 - fpl_analytics - INFO - Performance - page_render_my_team: 0.87s
2025-09-19 18:10:25,607 - fpl_analytics - INFO - Performance - app_run: 0.93s - {'page': 'my_team'}
2025-09-19 18:10:29,008 - fpl_analytics - INFO - Performance - app_run: 2.25s - {'page': 'my_team'}
2025-09-19 18:10:33,660 - fpl_analytics - INFO - Performance - page_render_my_team: 4.40s
2025-09-19 18:10:33,660 - fpl_analytics - INFO - Performance - app_run: 4.45s - {'page': 'my_team'}
2025-09-19 18:37:43,782 - fpl_analytics - ERROR - Error in app_controller_run: {'error_type': 'AttributeError', 'error_message': 'st.session_state has no attribute "data_loaded". Did you forget to initialize it? More info: https://docs.streamlit.io/develop/concepts/architecture/session-state#initialization', 'context': 'app_controller_run', 'traceback': 'Traceback (most recent call last):\n  File "C:\\Users\\daakara\\OneDrive - DPDHL\\Documents\\fpl_ai_agent\\.venv\\Lib\\site-packages\\streamlit\\runtime\\state\\session_state.py", line 469, in __getitem__\n    return self._getitem(widget_id, key)\n           ^^^^^^^^^^^^^^^^^^^^^^^^^^^^^\n  File "C:\\Users\\daakara\\OneDrive - DPDHL\\Documents\\fpl_ai_agent\\.venv\\Lib\\site-packages\\streamlit\\runtime\\state\\session_state.py", line 517, in _getitem\n    raise KeyError\nKeyError\n\nDuring handling of the above exception, another exception occurred:\n\nTraceback (most recent call last):\n  File "C:\\Users\\daakara\\OneDrive - DPDHL\\Documents\\fpl_ai_agent\\.venv\\Lib\\site-packages\\streamlit\\runtime\\state\\session_state_proxy.py", line 130, in __getattr__\n    return self[key]\n           ~~~~^^^^^\n  File "C:\\Users\\daakara\\OneDrive - DPDHL\\Documents\\fpl_ai_agent\\.venv\\Lib\\site-packages\\streamlit\\runtime\\state\\session_state_proxy.py", line 101, in __getitem__\n    return get_session_state()[key]\n           ~~~~~~~~~~~~~~~~~~~^^^^^\n  File "C:\\Users\\daakara\\OneDrive - DPDHL\\Documents\\fpl_ai_agent\\.venv\\Lib\\site-packages\\streamlit\\runtime\\state\\safe_session_state.py", line 104, in __getitem__\n    return self._state[key]\n           ~~~~~~~~~~~^^^^^\n  File "C:\\Users\\daakara\\OneDrive - DPDHL\\Documents\\fpl_ai_agent\\.venv\\Lib\\site-packages\\streamlit\\runtime\\state\\session_state.py", line 471, in __getitem__\n    raise KeyError(_missing_key_error_message(key))\nKeyError: \'st.session_state has no key "data_loaded". Did you forget to initialize it? More info: https://docs.streamlit.io/develop/concepts/architecture/session-state#initialization\'\n\nDuring handling of the above exception, another exception occurred:\n\nTraceback (most recent call last):\n  File "C:\\Users\\daakara\\OneDrive - DPDHL\\Documents\\fpl_ai_agent\\main_modular_app\\core\\app_controller.py", line 133, in run\n    # Ensure session state is properly initialized\n    ^^^^^^^^^^^^^^^^^^^^^^^^^^^^^\n  File "C:\\Users\\daakara\\OneDrive - DPDHL\\Documents\\fpl_ai_agent\\main_modular_app\\core\\app_controller.py", line 213, in render_enhanced_header\n    # Status indicators\n                        \n  File "C:\\Users\\daakara\\OneDrive - DPDHL\\Documents\\fpl_ai_agent\\.venv\\Lib\\site-packages\\streamlit\\runtime\\state\\session_state_proxy.py", line 132, in __getattr__\n    raise AttributeError(_missing_attr_error_message(key))\nAttributeError: st.session_state has no attribute "data_loaded". Did you forget to initialize it? More info: https://docs.streamlit.io/develop/concepts/architecture/session-state#initialization\n'}
2025-09-19 18:37:43,783 - fpl_analytics - ERROR - Error in run: {'error_type': 'UnboundLocalError', 'error_message': "cannot access local variable 'selected_page' where it is not associated with a value", 'context': 'run', 'traceback': 'Traceback (most recent call last):\n  File "C:\\Users\\daakara\\OneDrive - DPDHL\\Documents\\fpl_ai_agent\\.venv\\Lib\\site-packages\\streamlit\\runtime\\state\\session_state.py", line 469, in __getitem__\n    return self._getitem(widget_id, key)\n           ^^^^^^^^^^^^^^^^^^^^^^^^^^^^^\n  File "C:\\Users\\daakara\\OneDrive - DPDHL\\Documents\\fpl_ai_agent\\.venv\\Lib\\site-packages\\streamlit\\runtime\\state\\session_state.py", line 517, in _getitem\n    raise KeyError\nKeyError\n\nDuring handling of the above exception, another exception occurred:\n\nTraceback (most recent call last):\n  File "C:\\Users\\daakara\\OneDrive - DPDHL\\Documents\\fpl_ai_agent\\.venv\\Lib\\site-packages\\streamlit\\runtime\\state\\session_state_proxy.py", line 130, in __getattr__\n    return self[key]\n           ~~~~^^^^^\n  File "C:\\Users\\daakara\\OneDrive - DPDHL\\Documents\\fpl_ai_agent\\.venv\\Lib\\site-packages\\streamlit\\runtime\\state\\session_state_proxy.py", line 101, in __getitem__\n    return get_session_state()[key]\n           ~~~~~~~~~~~~~~~~~~~^^^^^\n  File "C:\\Users\\daakara\\OneDrive - DPDHL\\Documents\\fpl_ai_agent\\.venv\\Lib\\site-packages\\streamlit\\runtime\\state\\safe_session_state.py", line 104, in __getitem__\n    return self._state[key]\n           ~~~~~~~~~~~^^^^^\n  File "C:\\Users\\daakara\\OneDrive - DPDHL\\Documents\\fpl_ai_agent\\.venv\\Lib\\site-packages\\streamlit\\runtime\\state\\session_state.py", line 471, in __getitem__\n    raise KeyError(_missing_key_error_message(key))\nKeyError: \'st.session_state has no key "data_loaded". Did you forget to initialize it? More info: https://docs.streamlit.io/develop/concepts/architecture/session-state#initialization\'\n\nDuring handling of the above exception, another exception occurred:\n\nTraceback (most recent call last):\n  File "C:\\Users\\daakara\\OneDrive - DPDHL\\Documents\\fpl_ai_agent\\main_modular_app\\core\\app_controller.py", line 133, in run\n    # Ensure session state is properly initialized\n    ^^^^^^^^^^^^^^^^^^^^^^^^^^^^^\n  File "C:\\Users\\daakara\\OneDrive - DPDHL\\Documents\\fpl_ai_agent\\main_modular_app\\core\\app_controller.py", line 213, in render_enhanced_header\n    # Status indicators\n                        \n  File "C:\\Users\\daakara\\OneDrive - DPDHL\\Documents\\fpl_ai_agent\\.venv\\Lib\\site-packages\\streamlit\\runtime\\state\\session_state_proxy.py", line 132, in __getattr__\n    raise AttributeError(_missing_attr_error_message(key))\nAttributeError: st.session_state has no attribute "data_loaded". Did you forget to initialize it? More info: https://docs.streamlit.io/develop/concepts/architecture/session-state#initialization\n\nDuring handling of the above exception, another exception occurred:\n\nTraceback (most recent call last):\n  File "C:\\Users\\daakara\\OneDrive - DPDHL\\Documents\\fpl_ai_agent\\main_modular_app\\utils\\error_handling.py", line 99, in wrapper\n    return func(*args, **kwargs)\n           ^^^^^^^^^^^^^^^^^^^^^\n  File "C:\\Users\\daakara\\OneDrive - DPDHL\\Documents\\fpl_ai_agent\\main_modular_app\\core\\app_controller.py", line 198, in run\nUnboundLocalError: cannot access local variable \'selected_page\' where it is not associated with a value\n'}
2025-09-19 18:37:54,101 - fpl_analytics - ERROR - Error in app_controller_run: {'error_type': 'AttributeError', 'error_message': 'st.session_state has no attribute "data_loaded". Did you forget to initialize it? More info: https://docs.streamlit.io/develop/concepts/architecture/session-state#initialization', 'context': 'app_controller_run', 'traceback': 'Traceback (most recent call last):\n  File "C:\\Users\\daakara\\OneDrive - DPDHL\\Documents\\fpl_ai_agent\\.venv\\Lib\\site-packages\\streamlit\\runtime\\state\\session_state.py", line 469, in __getitem__\n    return self._getitem(widget_id, key)\n           ^^^^^^^^^^^^^^^^^^^^^^^^^^^^^\n  File "C:\\Users\\daakara\\OneDrive - DPDHL\\Documents\\fpl_ai_agent\\.venv\\Lib\\site-packages\\streamlit\\runtime\\state\\session_state.py", line 517, in _getitem\n    raise KeyError\nKeyError\n\nDuring handling of the above exception, another exception occurred:\n\nTraceback (most recent call last):\n  File "C:\\Users\\daakara\\OneDrive - DPDHL\\Documents\\fpl_ai_agent\\.venv\\Lib\\site-packages\\streamlit\\runtime\\state\\session_state_proxy.py", line 130, in __getattr__\n    return self[key]\n           ~~~~^^^^^\n  File "C:\\Users\\daakara\\OneDrive - DPDHL\\Documents\\fpl_ai_agent\\.venv\\Lib\\site-packages\\streamlit\\runtime\\state\\session_state_proxy.py", line 101, in __getitem__\n    return get_session_state()[key]\n           ~~~~~~~~~~~~~~~~~~~^^^^^\n  File "C:\\Users\\daakara\\OneDrive - DPDHL\\Documents\\fpl_ai_agent\\.venv\\Lib\\site-packages\\streamlit\\runtime\\state\\safe_session_state.py", line 104, in __getitem__\n    return self._state[key]\n           ~~~~~~~~~~~^^^^^\n  File "C:\\Users\\daakara\\OneDrive - DPDHL\\Documents\\fpl_ai_agent\\.venv\\Lib\\site-packages\\streamlit\\runtime\\state\\session_state.py", line 471, in __getitem__\n    raise KeyError(_missing_key_error_message(key))\nKeyError: \'st.session_state has no key "data_loaded". Did you forget to initialize it? More info: https://docs.streamlit.io/develop/concepts/architecture/session-state#initialization\'\n\nDuring handling of the above exception, another exception occurred:\n\nTraceback (most recent call last):\n  File "C:\\Users\\daakara\\OneDrive - DPDHL\\Documents\\fpl_ai_agent\\main_modular_app\\core\\app_controller.py", line 133, in run\n    # Ensure session state is properly initialized\n    ^^^^^^^^^^^^^^^^^^^^^^^^^^^^^\n  File "C:\\Users\\daakara\\OneDrive - DPDHL\\Documents\\fpl_ai_agent\\main_modular_app\\core\\app_controller.py", line 213, in render_enhanced_header\n    # Status indicators\n                        \n  File "C:\\Users\\daakara\\OneDrive - DPDHL\\Documents\\fpl_ai_agent\\.venv\\Lib\\site-packages\\streamlit\\runtime\\state\\session_state_proxy.py", line 132, in __getattr__\n    raise AttributeError(_missing_attr_error_message(key))\nAttributeError: st.session_state has no attribute "data_loaded". Did you forget to initialize it? More info: https://docs.streamlit.io/develop/concepts/architecture/session-state#initialization\n'}
2025-09-19 18:37:54,116 - fpl_analytics - ERROR - Error in run: {'error_type': 'UnboundLocalError', 'error_message': "cannot access local variable 'selected_page' where it is not associated with a value", 'context': 'run', 'traceback': 'Traceback (most recent call last):\n  File "C:\\Users\\daakara\\OneDrive - DPDHL\\Documents\\fpl_ai_agent\\.venv\\Lib\\site-packages\\streamlit\\runtime\\state\\session_state.py", line 469, in __getitem__\n    return self._getitem(widget_id, key)\n           ^^^^^^^^^^^^^^^^^^^^^^^^^^^^^\n  File "C:\\Users\\daakara\\OneDrive - DPDHL\\Documents\\fpl_ai_agent\\.venv\\Lib\\site-packages\\streamlit\\runtime\\state\\session_state.py", line 517, in _getitem\n    raise KeyError\nKeyError\n\nDuring handling of the above exception, another exception occurred:\n\nTraceback (most recent call last):\n  File "C:\\Users\\daakara\\OneDrive - DPDHL\\Documents\\fpl_ai_agent\\.venv\\Lib\\site-packages\\streamlit\\runtime\\state\\session_state_proxy.py", line 130, in __getattr__\n    return self[key]\n           ~~~~^^^^^\n  File "C:\\Users\\daakara\\OneDrive - DPDHL\\Documents\\fpl_ai_agent\\.venv\\Lib\\site-packages\\streamlit\\runtime\\state\\session_state_proxy.py", line 101, in __getitem__\n    return get_session_state()[key]\n           ~~~~~~~~~~~~~~~~~~~^^^^^\n  File "C:\\Users\\daakara\\OneDrive - DPDHL\\Documents\\fpl_ai_agent\\.venv\\Lib\\site-packages\\streamlit\\runtime\\state\\safe_session_state.py", line 104, in __getitem__\n    return self._state[key]\n           ~~~~~~~~~~~^^^^^\n  File "C:\\Users\\daakara\\OneDrive - DPDHL\\Documents\\fpl_ai_agent\\.venv\\Lib\\site-packages\\streamlit\\runtime\\state\\session_state.py", line 471, in __getitem__\n    raise KeyError(_missing_key_error_message(key))\nKeyError: \'st.session_state has no key "data_loaded". Did you forget to initialize it? More info: https://docs.streamlit.io/develop/concepts/architecture/session-state#initialization\'\n\nDuring handling of the above exception, another exception occurred:\n\nTraceback (most recent call last):\n  File "C:\\Users\\daakara\\OneDrive - DPDHL\\Documents\\fpl_ai_agent\\main_modular_app\\core\\app_controller.py", line 133, in run\n    # Ensure session state is properly initialized\n    ^^^^^^^^^^^^^^^^^^^^^^^^^^^^^\n  File "C:\\Users\\daakara\\OneDrive - DPDHL\\Documents\\fpl_ai_agent\\main_modular_app\\core\\app_controller.py", line 213, in render_enhanced_header\n    # Status indicators\n                        \n  File "C:\\Users\\daakara\\OneDrive - DPDHL\\Documents\\fpl_ai_agent\\.venv\\Lib\\site-packages\\streamlit\\runtime\\state\\session_state_proxy.py", line 132, in __getattr__\n    raise AttributeError(_missing_attr_error_message(key))\nAttributeError: st.session_state has no attribute "data_loaded". Did you forget to initialize it? More info: https://docs.streamlit.io/develop/concepts/architecture/session-state#initialization\n\nDuring handling of the above exception, another exception occurred:\n\nTraceback (most recent call last):\n  File "C:\\Users\\daakara\\OneDrive - DPDHL\\Documents\\fpl_ai_agent\\main_modular_app\\utils\\error_handling.py", line 99, in wrapper\n    return func(*args, **kwargs)\n           ^^^^^^^^^^^^^^^^^^^^^\n  File "C:\\Users\\daakara\\OneDrive - DPDHL\\Documents\\fpl_ai_agent\\main_modular_app\\core\\app_controller.py", line 198, in run\nUnboundLocalError: cannot access local variable \'selected_page\' where it is not associated with a value\n'}
2025-09-19 18:40:01,616 - fpl_analytics - INFO - Performance - page_render_dashboard: 0.00s
2025-09-19 18:40:01,616 - fpl_analytics - INFO - Performance - app_run: 0.02s - {'page': 'dashboard'}
2025-09-19 18:40:09,355 - fpl_analytics - INFO - User Action: data_refresh - Details: {'success': True}
2025-09-19 18:40:09,671 - fpl_analytics - INFO - Performance - page_render_dashboard: 0.32s
2025-09-19 18:40:09,689 - fpl_analytics - INFO - Performance - app_run: 1.62s - {'page': 'dashboard'}
2025-09-19 18:40:16,765 - fpl_analytics - ERROR - Error in app_controller_run: {'error_type': 'StreamlitAPIException', 'error_message': 'Could not find page: `ai_recommendations`. Must be the file path relative to the main script, from the directory: `main_modular_app`. Only the main app file and files in the `pages/` directory are supported.', 'context': 'app_controller_run', 'traceback': 'Traceback (most recent call last):\n  File "C:\\Users\\daakara\\OneDrive - DPDHL\\Documents\\fpl_ai_agent\\main_modular_app\\core\\app_controller.py", line 167, in run\n    self.render_enhanced_dashboard()\n  File "C:\\Users\\daakara\\OneDrive - DPDHL\\Documents\\fpl_ai_agent\\main_modular_app\\core\\app_controller.py", line 376, in render_enhanced_dashboard\n    st.switch_page("ai_recommendations")\n  File "C:\\Users\\daakara\\OneDrive - DPDHL\\Documents\\fpl_ai_agent\\.venv\\Lib\\site-packages\\streamlit\\runtime\\metrics_util.py", line 443, in wrapped_func\n    result = non_optional_func(*args, **kwargs)\n             ^^^^^^^^^^^^^^^^^^^^^^^^^^^^^^^^^^\n  File "C:\\Users\\daakara\\OneDrive - DPDHL\\Documents\\fpl_ai_agent\\.venv\\Lib\\site-packages\\streamlit\\commands\\execution_control.py", line 222, in switch_page\n    raise StreamlitAPIException(\nstreamlit.errors.StreamlitAPIException: Could not find page: `ai_recommendations`. Must be the file path relative to the main script, from the directory: `main_modular_app`. Only the main app file and files in the `pages/` directory are supported.\n'}
2025-09-19 18:40:16,765 - fpl_analytics - INFO - Performance - app_run: 0.12s - {'page': 'dashboard'}
2025-09-19 18:40:16,781 - fpl_analytics - ERROR - Error in run: {'error_type': 'StreamlitAPIException', 'error_message': 'Could not find page: `ai_recommendations`. Must be the file path relative to the main script, from the directory: `main_modular_app`. Only the main app file and files in the `pages/` directory are supported.', 'context': 'run', 'traceback': 'Traceback (most recent call last):\n  File "C:\\Users\\daakara\\OneDrive - DPDHL\\Documents\\fpl_ai_agent\\main_modular_app\\utils\\error_handling.py", line 99, in wrapper\n    return func(*args, **kwargs)\n           ^^^^^^^^^^^^^^^^^^^^^\n  File "C:\\Users\\daakara\\OneDrive - DPDHL\\Documents\\fpl_ai_agent\\main_modular_app\\core\\app_controller.py", line 167, in run\n    self.render_enhanced_dashboard()\n  File "C:\\Users\\daakara\\OneDrive - DPDHL\\Documents\\fpl_ai_agent\\main_modular_app\\core\\app_controller.py", line 376, in render_enhanced_dashboard\n    st.switch_page("ai_recommendations")\n  File "C:\\Users\\daakara\\OneDrive - DPDHL\\Documents\\fpl_ai_agent\\.venv\\Lib\\site-packages\\streamlit\\runtime\\metrics_util.py", line 443, in wrapped_func\n    result = non_optional_func(*args, **kwargs)\n             ^^^^^^^^^^^^^^^^^^^^^^^^^^^^^^^^^^\n  File "C:\\Users\\daakara\\OneDrive - DPDHL\\Documents\\fpl_ai_agent\\.venv\\Lib\\site-packages\\streamlit\\commands\\execution_control.py", line 222, in switch_page\n    raise StreamlitAPIException(\nstreamlit.errors.StreamlitAPIException: Could not find page: `ai_recommendations`. Must be the file path relative to the main script, from the directory: `main_modular_app`. Only the main app file and files in the `pages/` directory are supported.\n'}
2025-09-19 18:40:37,322 - fpl_analytics - INFO - Performance - page_render_fixtures: 0.40s
2025-09-19 18:40:37,330 - fpl_analytics - INFO - Performance - app_run: 0.45s - {'page': 'fixtures'}
2025-09-19 18:40:48,038 - fpl_analytics - INFO - Performance - page_render_players: 0.64s
2025-09-19 18:40:48,044 - fpl_analytics - INFO - Performance - app_run: 0.68s - {'page': 'players'}
2025-09-19 18:41:40,865 - fpl_analytics - INFO - Performance - page_render_my_team: 1.58s
2025-09-19 18:41:40,881 - fpl_analytics - INFO - Performance - app_run: 1.64s - {'page': 'my_team'}
2025-09-19 18:41:44,117 - fpl_analytics - INFO - Performance - page_render_my_team: 1.14s
2025-09-19 18:41:44,126 - fpl_analytics - INFO - Performance - app_run: 1.19s - {'page': 'my_team'}
2025-09-19 18:41:47,002 - fpl_analytics - INFO - Performance - app_run: 2.44s - {'page': 'my_team'}
2025-09-19 18:41:51,227 - fpl_analytics - INFO - Performance - page_render_my_team: 3.99s
2025-09-19 18:41:51,242 - fpl_analytics - INFO - Performance - app_run: 4.06s - {'page': 'my_team'}
2025-09-19 18:48:31,462 - fpl_analytics - ERROR - Error in app_controller_run: {'error_type': 'StreamlitDuplicateElementKey', 'error_message': "There are multiple elements with the same `key='recent_dashboard'`. To fix this, please make sure that the `key` argument is unique for each element you create.", 'context': 'app_controller_run', 'traceback': 'Traceback (most recent call last):\n  File "C:\\Users\\daakara\\OneDrive - DPDHL\\Documents\\fpl_ai_agent\\main_modular_app\\core\\app_controller.py", line 154, in run\n    recent_page = self.nav_manager.render_recent_pages()\n                  ^^^^^^^^^^^^^^^^^^^^^^^^^^^^^^^^^^^^^^\n  File "C:\\Users\\daakara\\OneDrive - DPDHL\\Documents\\fpl_ai_agent\\main_modular_app\\utils\\modern_ui_components.py", line 217, in render_recent_pages\n    if st.sidebar.button(page_names.get(page, page), key=f"recent_{page}"):\n       ^^^^^^^^^^^^^^^^^^^^^^^^^^^^^^^^^^^^^^^^^^^^^^^^^^^^^^^^^^^^^^^^^^^\n  File "C:\\Users\\daakara\\OneDrive - DPDHL\\Documents\\fpl_ai_agent\\.venv\\Lib\\site-packages\\streamlit\\runtime\\metrics_util.py", line 443, in wrapped_func\n    result = non_optional_func(*args, **kwargs)\n             ^^^^^^^^^^^^^^^^^^^^^^^^^^^^^^^^^^\n  File "C:\\Users\\daakara\\OneDrive - DPDHL\\Documents\\fpl_ai_agent\\.venv\\Lib\\site-packages\\streamlit\\elements\\widgets\\button.py", line 268, in button\n    return self.dg._button(\n           ^^^^^^^^^^^^^^^^\n  File "C:\\Users\\daakara\\OneDrive - DPDHL\\Documents\\fpl_ai_agent\\.venv\\Lib\\site-packages\\streamlit\\elements\\widgets\\button.py", line 1121, in _button\n    element_id = compute_and_register_element_id(\n                 ^^^^^^^^^^^^^^^^^^^^^^^^^^^^^^^^\n  File "C:\\Users\\daakara\\OneDrive - DPDHL\\Documents\\fpl_ai_agent\\.venv\\Lib\\site-packages\\streamlit\\elements\\lib\\utils.py", line 253, in compute_and_register_element_id\n    _register_element_id(ctx, element_type, element_id)\n  File "C:\\Users\\daakara\\OneDrive - DPDHL\\Documents\\fpl_ai_agent\\.venv\\Lib\\site-packages\\streamlit\\elements\\lib\\utils.py", line 145, in _register_element_id\n    raise StreamlitDuplicateElementKey(user_key)\nstreamlit.errors.StreamlitDuplicateElementKey: There are multiple elements with the same `key=\'recent_dashboard\'`. To fix this, please make sure that the `key` argument is unique for each element you create.\n'}
2025-09-19 18:48:31,462 - fpl_analytics - INFO - Performance - app_run: 0.05s - {'page': 'dashboard'}
2025-09-19 18:48:31,472 - fpl_analytics - ERROR - Error in run: {'error_type': 'StreamlitDuplicateElementKey', 'error_message': "There are multiple elements with the same `key='recent_dashboard'`. To fix this, please make sure that the `key` argument is unique for each element you create.", 'context': 'run', 'traceback': 'Traceback (most recent call last):\n  File "C:\\Users\\daakara\\OneDrive - DPDHL\\Documents\\fpl_ai_agent\\main_modular_app\\utils\\error_handling.py", line 99, in wrapper\n    return func(*args, **kwargs)\n           ^^^^^^^^^^^^^^^^^^^^^\n  File "C:\\Users\\daakara\\OneDrive - DPDHL\\Documents\\fpl_ai_agent\\main_modular_app\\core\\app_controller.py", line 154, in run\n    recent_page = self.nav_manager.render_recent_pages()\n                  ^^^^^^^^^^^^^^^^^^^^^^^^^^^^^^^^^^^^^^\n  File "C:\\Users\\daakara\\OneDrive - DPDHL\\Documents\\fpl_ai_agent\\main_modular_app\\utils\\modern_ui_components.py", line 217, in render_recent_pages\n    if st.sidebar.button(page_names.get(page, page), key=f"recent_{page}"):\n       ^^^^^^^^^^^^^^^^^^^^^^^^^^^^^^^^^^^^^^^^^^^^^^^^^^^^^^^^^^^^^^^^^^^\n  File "C:\\Users\\daakara\\OneDrive - DPDHL\\Documents\\fpl_ai_agent\\.venv\\Lib\\site-packages\\streamlit\\runtime\\metrics_util.py", line 443, in wrapped_func\n    result = non_optional_func(*args, **kwargs)\n             ^^^^^^^^^^^^^^^^^^^^^^^^^^^^^^^^^^\n  File "C:\\Users\\daakara\\OneDrive - DPDHL\\Documents\\fpl_ai_agent\\.venv\\Lib\\site-packages\\streamlit\\elements\\widgets\\button.py", line 268, in button\n    return self.dg._button(\n           ^^^^^^^^^^^^^^^^\n  File "C:\\Users\\daakara\\OneDrive - DPDHL\\Documents\\fpl_ai_agent\\.venv\\Lib\\site-packages\\streamlit\\elements\\widgets\\button.py", line 1121, in _button\n    element_id = compute_and_register_element_id(\n                 ^^^^^^^^^^^^^^^^^^^^^^^^^^^^^^^^\n  File "C:\\Users\\daakara\\OneDrive - DPDHL\\Documents\\fpl_ai_agent\\.venv\\Lib\\site-packages\\streamlit\\elements\\lib\\utils.py", line 253, in compute_and_register_element_id\n    _register_element_id(ctx, element_type, element_id)\n  File "C:\\Users\\daakara\\OneDrive - DPDHL\\Documents\\fpl_ai_agent\\.venv\\Lib\\site-packages\\streamlit\\elements\\lib\\utils.py", line 145, in _register_element_id\n    raise StreamlitDuplicateElementKey(user_key)\nstreamlit.errors.StreamlitDuplicateElementKey: There are multiple elements with the same `key=\'recent_dashboard\'`. To fix this, please make sure that the `key` argument is unique for each element you create.\n'}
2025-09-19 18:55:07,587 - fpl_analytics - INFO - Performance - app_run: 0.04s - {'page': 'my_team'}
2025-09-19 18:55:07,896 - fpl_analytics - ERROR - Error in app_controller_run: {'error_type': 'StreamlitDuplicateElementKey', 'error_message': "There are multiple elements with the same `key='recent_dashboard'`. To fix this, please make sure that the `key` argument is unique for each element you create.", 'context': 'app_controller_run', 'traceback': 'Traceback (most recent call last):\n  File "C:\\Users\\daakara\\OneDrive - DPDHL\\Documents\\fpl_ai_agent\\main_modular_app\\core\\app_controller.py", line 154, in run\n    recent_page = self.nav_manager.render_recent_pages()\n                  ^^^^^^^^^^^^^^^^^^^^^^^^^^^^^^^^^^^^^^\n  File "C:\\Users\\daakara\\OneDrive - DPDHL\\Documents\\fpl_ai_agent\\main_modular_app\\utils\\modern_ui_components.py", line 217, in render_recent_pages\n    if st.sidebar.button(page_names.get(page, page), key=f"recent_{page}"):\n       ^^^^^^^^^^^^^^^^^^^^^^^^^^^^^^^^^^^^^^^^^^^^^^^^^^^^^^^^^^^^^^^^^^^\n  File "C:\\Users\\daakara\\OneDrive - DPDHL\\Documents\\fpl_ai_agent\\.venv\\Lib\\site-packages\\streamlit\\runtime\\metrics_util.py", line 443, in wrapped_func\n    result = non_optional_func(*args, **kwargs)\n             ^^^^^^^^^^^^^^^^^^^^^^^^^^^^^^^^^^\n  File "C:\\Users\\daakara\\OneDrive - DPDHL\\Documents\\fpl_ai_agent\\.venv\\Lib\\site-packages\\streamlit\\elements\\widgets\\button.py", line 268, in button\n    return self.dg._button(\n           ^^^^^^^^^^^^^^^^\n  File "C:\\Users\\daakara\\OneDrive - DPDHL\\Documents\\fpl_ai_agent\\.venv\\Lib\\site-packages\\streamlit\\elements\\widgets\\button.py", line 1121, in _button\n    element_id = compute_and_register_element_id(\n                 ^^^^^^^^^^^^^^^^^^^^^^^^^^^^^^^^\n  File "C:\\Users\\daakara\\OneDrive - DPDHL\\Documents\\fpl_ai_agent\\.venv\\Lib\\site-packages\\streamlit\\elements\\lib\\utils.py", line 253, in compute_and_register_element_id\n    _register_element_id(ctx, element_type, element_id)\n  File "C:\\Users\\daakara\\OneDrive - DPDHL\\Documents\\fpl_ai_agent\\.venv\\Lib\\site-packages\\streamlit\\elements\\lib\\utils.py", line 145, in _register_element_id\n    raise StreamlitDuplicateElementKey(user_key)\nstreamlit.errors.StreamlitDuplicateElementKey: There are multiple elements with the same `key=\'recent_dashboard\'`. To fix this, please make sure that the `key` argument is unique for each element you create.\n'}
2025-09-19 18:55:07,904 - fpl_analytics - INFO - Performance - app_run: 0.05s - {'page': 'dashboard'}
2025-09-19 18:55:07,904 - fpl_analytics - ERROR - Error in run: {'error_type': 'StreamlitDuplicateElementKey', 'error_message': "There are multiple elements with the same `key='recent_dashboard'`. To fix this, please make sure that the `key` argument is unique for each element you create.", 'context': 'run', 'traceback': 'Traceback (most recent call last):\n  File "C:\\Users\\daakara\\OneDrive - DPDHL\\Documents\\fpl_ai_agent\\main_modular_app\\utils\\error_handling.py", line 99, in wrapper\n    return func(*args, **kwargs)\n           ^^^^^^^^^^^^^^^^^^^^^\n  File "C:\\Users\\daakara\\OneDrive - DPDHL\\Documents\\fpl_ai_agent\\main_modular_app\\core\\app_controller.py", line 154, in run\n    recent_page = self.nav_manager.render_recent_pages()\n                  ^^^^^^^^^^^^^^^^^^^^^^^^^^^^^^^^^^^^^^\n  File "C:\\Users\\daakara\\OneDrive - DPDHL\\Documents\\fpl_ai_agent\\main_modular_app\\utils\\modern_ui_components.py", line 217, in render_recent_pages\n    if st.sidebar.button(page_names.get(page, page), key=f"recent_{page}"):\n       ^^^^^^^^^^^^^^^^^^^^^^^^^^^^^^^^^^^^^^^^^^^^^^^^^^^^^^^^^^^^^^^^^^^\n  File "C:\\Users\\daakara\\OneDrive - DPDHL\\Documents\\fpl_ai_agent\\.venv\\Lib\\site-packages\\streamlit\\runtime\\metrics_util.py", line 443, in wrapped_func\n    result = non_optional_func(*args, **kwargs)\n             ^^^^^^^^^^^^^^^^^^^^^^^^^^^^^^^^^^\n  File "C:\\Users\\daakara\\OneDrive - DPDHL\\Documents\\fpl_ai_agent\\.venv\\Lib\\site-packages\\streamlit\\elements\\widgets\\button.py", line 268, in button\n    return self.dg._button(\n           ^^^^^^^^^^^^^^^^\n  File "C:\\Users\\daakara\\OneDrive - DPDHL\\Documents\\fpl_ai_agent\\.venv\\Lib\\site-packages\\streamlit\\elements\\widgets\\button.py", line 1121, in _button\n    element_id = compute_and_register_element_id(\n                 ^^^^^^^^^^^^^^^^^^^^^^^^^^^^^^^^\n  File "C:\\Users\\daakara\\OneDrive - DPDHL\\Documents\\fpl_ai_agent\\.venv\\Lib\\site-packages\\streamlit\\elements\\lib\\utils.py", line 253, in compute_and_register_element_id\n    _register_element_id(ctx, element_type, element_id)\n  File "C:\\Users\\daakara\\OneDrive - DPDHL\\Documents\\fpl_ai_agent\\.venv\\Lib\\site-packages\\streamlit\\elements\\lib\\utils.py", line 145, in _register_element_id\n    raise StreamlitDuplicateElementKey(user_key)\nstreamlit.errors.StreamlitDuplicateElementKey: There are multiple elements with the same `key=\'recent_dashboard\'`. To fix this, please make sure that the `key` argument is unique for each element you create.\n'}
2025-09-19 18:55:22,774 - fpl_analytics - ERROR - Error in app_controller_run: {'error_type': 'StreamlitDuplicateElementKey', 'error_message': "There are multiple elements with the same `key='recent_dashboard'`. To fix this, please make sure that the `key` argument is unique for each element you create.", 'context': 'app_controller_run', 'traceback': 'Traceback (most recent call last):\n  File "C:\\Users\\daakara\\OneDrive - DPDHL\\Documents\\fpl_ai_agent\\main_modular_app\\core\\app_controller.py", line 154, in run\n    recent_page = self.nav_manager.render_recent_pages()\n                  ^^^^^^^^^^^^^^^^^^^^^^^^^^^^^^^^^^^^^^\n  File "C:\\Users\\daakara\\OneDrive - DPDHL\\Documents\\fpl_ai_agent\\main_modular_app\\utils\\modern_ui_components.py", line 217, in render_recent_pages\n    if st.sidebar.button(page_names.get(page, page), key=f"recent_{page}"):\n       ^^^^^^^^^^^^^^^^^^^^^^^^^^^^^^^^^^^^^^^^^^^^^^^^^^^^^^^^^^^^^^^^^^^\n  File "C:\\Users\\daakara\\OneDrive - DPDHL\\Documents\\fpl_ai_agent\\.venv\\Lib\\site-packages\\streamlit\\runtime\\metrics_util.py", line 443, in wrapped_func\n    result = non_optional_func(*args, **kwargs)\n             ^^^^^^^^^^^^^^^^^^^^^^^^^^^^^^^^^^\n  File "C:\\Users\\daakara\\OneDrive - DPDHL\\Documents\\fpl_ai_agent\\.venv\\Lib\\site-packages\\streamlit\\elements\\widgets\\button.py", line 268, in button\n    return self.dg._button(\n           ^^^^^^^^^^^^^^^^\n  File "C:\\Users\\daakara\\OneDrive - DPDHL\\Documents\\fpl_ai_agent\\.venv\\Lib\\site-packages\\streamlit\\elements\\widgets\\button.py", line 1121, in _button\n    element_id = compute_and_register_element_id(\n                 ^^^^^^^^^^^^^^^^^^^^^^^^^^^^^^^^\n  File "C:\\Users\\daakara\\OneDrive - DPDHL\\Documents\\fpl_ai_agent\\.venv\\Lib\\site-packages\\streamlit\\elements\\lib\\utils.py", line 253, in compute_and_register_element_id\n    _register_element_id(ctx, element_type, element_id)\n  File "C:\\Users\\daakara\\OneDrive - DPDHL\\Documents\\fpl_ai_agent\\.venv\\Lib\\site-packages\\streamlit\\elements\\lib\\utils.py", line 145, in _register_element_id\n    raise StreamlitDuplicateElementKey(user_key)\nstreamlit.errors.StreamlitDuplicateElementKey: There are multiple elements with the same `key=\'recent_dashboard\'`. To fix this, please make sure that the `key` argument is unique for each element you create.\n'}
2025-09-19 18:55:22,774 - fpl_analytics - INFO - Performance - app_run: 1.79s - {'page': 'dashboard'}
2025-09-19 18:55:22,784 - fpl_analytics - ERROR - Error in run: {'error_type': 'StreamlitDuplicateElementKey', 'error_message': "There are multiple elements with the same `key='recent_dashboard'`. To fix this, please make sure that the `key` argument is unique for each element you create.", 'context': 'run', 'traceback': 'Traceback (most recent call last):\n  File "C:\\Users\\daakara\\OneDrive - DPDHL\\Documents\\fpl_ai_agent\\main_modular_app\\utils\\error_handling.py", line 99, in wrapper\n    return func(*args, **kwargs)\n           ^^^^^^^^^^^^^^^^^^^^^\n  File "C:\\Users\\daakara\\OneDrive - DPDHL\\Documents\\fpl_ai_agent\\main_modular_app\\core\\app_controller.py", line 154, in run\n    recent_page = self.nav_manager.render_recent_pages()\n                  ^^^^^^^^^^^^^^^^^^^^^^^^^^^^^^^^^^^^^^\n  File "C:\\Users\\daakara\\OneDrive - DPDHL\\Documents\\fpl_ai_agent\\main_modular_app\\utils\\modern_ui_components.py", line 217, in render_recent_pages\n    if st.sidebar.button(page_names.get(page, page), key=f"recent_{page}"):\n       ^^^^^^^^^^^^^^^^^^^^^^^^^^^^^^^^^^^^^^^^^^^^^^^^^^^^^^^^^^^^^^^^^^^\n  File "C:\\Users\\daakara\\OneDrive - DPDHL\\Documents\\fpl_ai_agent\\.venv\\Lib\\site-packages\\streamlit\\runtime\\metrics_util.py", line 443, in wrapped_func\n    result = non_optional_func(*args, **kwargs)\n             ^^^^^^^^^^^^^^^^^^^^^^^^^^^^^^^^^^\n  File "C:\\Users\\daakara\\OneDrive - DPDHL\\Documents\\fpl_ai_agent\\.venv\\Lib\\site-packages\\streamlit\\elements\\widgets\\button.py", line 268, in button\n    return self.dg._button(\n           ^^^^^^^^^^^^^^^^\n  File "C:\\Users\\daakara\\OneDrive - DPDHL\\Documents\\fpl_ai_agent\\.venv\\Lib\\site-packages\\streamlit\\elements\\widgets\\button.py", line 1121, in _button\n    element_id = compute_and_register_element_id(\n                 ^^^^^^^^^^^^^^^^^^^^^^^^^^^^^^^^\n  File "C:\\Users\\daakara\\OneDrive - DPDHL\\Documents\\fpl_ai_agent\\.venv\\Lib\\site-packages\\streamlit\\elements\\lib\\utils.py", line 253, in compute_and_register_element_id\n    _register_element_id(ctx, element_type, element_id)\n  File "C:\\Users\\daakara\\OneDrive - DPDHL\\Documents\\fpl_ai_agent\\.venv\\Lib\\site-packages\\streamlit\\elements\\lib\\utils.py", line 145, in _register_element_id\n    raise StreamlitDuplicateElementKey(user_key)\nstreamlit.errors.StreamlitDuplicateElementKey: There are multiple elements with the same `key=\'recent_dashboard\'`. To fix this, please make sure that the `key` argument is unique for each element you create.\n'}
2025-09-19 18:55:25,457 - fpl_analytics - INFO - Performance - app_run: 0.03s - {'page': 'my_team'}
2025-09-19 18:55:25,725 - fpl_analytics - ERROR - Error in app_controller_run: {'error_type': 'StreamlitDuplicateElementKey', 'error_message': "There are multiple elements with the same `key='recent_dashboard'`. To fix this, please make sure that the `key` argument is unique for each element you create.", 'context': 'app_controller_run', 'traceback': 'Traceback (most recent call last):\n  File "C:\\Users\\daakara\\OneDrive - DPDHL\\Documents\\fpl_ai_agent\\main_modular_app\\core\\app_controller.py", line 154, in run\n    recent_page = self.nav_manager.render_recent_pages()\n                  ^^^^^^^^^^^^^^^^^^^^^^^^^^^^^^^^^^^^^^\n  File "C:\\Users\\daakara\\OneDrive - DPDHL\\Documents\\fpl_ai_agent\\main_modular_app\\utils\\modern_ui_components.py", line 217, in render_recent_pages\n    if st.sidebar.button(page_names.get(page, page), key=f"recent_{page}"):\n       ^^^^^^^^^^^^^^^^^^^^^^^^^^^^^^^^^^^^^^^^^^^^^^^^^^^^^^^^^^^^^^^^^^^\n  File "C:\\Users\\daakara\\OneDrive - DPDHL\\Documents\\fpl_ai_agent\\.venv\\Lib\\site-packages\\streamlit\\runtime\\metrics_util.py", line 443, in wrapped_func\n    result = non_optional_func(*args, **kwargs)\n             ^^^^^^^^^^^^^^^^^^^^^^^^^^^^^^^^^^\n  File "C:\\Users\\daakara\\OneDrive - DPDHL\\Documents\\fpl_ai_agent\\.venv\\Lib\\site-packages\\streamlit\\elements\\widgets\\button.py", line 268, in button\n    return self.dg._button(\n           ^^^^^^^^^^^^^^^^\n  File "C:\\Users\\daakara\\OneDrive - DPDHL\\Documents\\fpl_ai_agent\\.venv\\Lib\\site-packages\\streamlit\\elements\\widgets\\button.py", line 1121, in _button\n    element_id = compute_and_register_element_id(\n                 ^^^^^^^^^^^^^^^^^^^^^^^^^^^^^^^^\n  File "C:\\Users\\daakara\\OneDrive - DPDHL\\Documents\\fpl_ai_agent\\.venv\\Lib\\site-packages\\streamlit\\elements\\lib\\utils.py", line 253, in compute_and_register_element_id\n    _register_element_id(ctx, element_type, element_id)\n  File "C:\\Users\\daakara\\OneDrive - DPDHL\\Documents\\fpl_ai_agent\\.venv\\Lib\\site-packages\\streamlit\\elements\\lib\\utils.py", line 145, in _register_element_id\n    raise StreamlitDuplicateElementKey(user_key)\nstreamlit.errors.StreamlitDuplicateElementKey: There are multiple elements with the same `key=\'recent_dashboard\'`. To fix this, please make sure that the `key` argument is unique for each element you create.\n'}
2025-09-19 18:55:25,725 - fpl_analytics - INFO - Performance - app_run: 0.02s - {'page': 'dashboard'}
2025-09-19 18:55:25,739 - fpl_analytics - ERROR - Error in run: {'error_type': 'StreamlitDuplicateElementKey', 'error_message': "There are multiple elements with the same `key='recent_dashboard'`. To fix this, please make sure that the `key` argument is unique for each element you create.", 'context': 'run', 'traceback': 'Traceback (most recent call last):\n  File "C:\\Users\\daakara\\OneDrive - DPDHL\\Documents\\fpl_ai_agent\\main_modular_app\\utils\\error_handling.py", line 99, in wrapper\n    return func(*args, **kwargs)\n           ^^^^^^^^^^^^^^^^^^^^^\n  File "C:\\Users\\daakara\\OneDrive - DPDHL\\Documents\\fpl_ai_agent\\main_modular_app\\core\\app_controller.py", line 154, in run\n    recent_page = self.nav_manager.render_recent_pages()\n                  ^^^^^^^^^^^^^^^^^^^^^^^^^^^^^^^^^^^^^^\n  File "C:\\Users\\daakara\\OneDrive - DPDHL\\Documents\\fpl_ai_agent\\main_modular_app\\utils\\modern_ui_components.py", line 217, in render_recent_pages\n    if st.sidebar.button(page_names.get(page, page), key=f"recent_{page}"):\n       ^^^^^^^^^^^^^^^^^^^^^^^^^^^^^^^^^^^^^^^^^^^^^^^^^^^^^^^^^^^^^^^^^^^\n  File "C:\\Users\\daakara\\OneDrive - DPDHL\\Documents\\fpl_ai_agent\\.venv\\Lib\\site-packages\\streamlit\\runtime\\metrics_util.py", line 443, in wrapped_func\n    result = non_optional_func(*args, **kwargs)\n             ^^^^^^^^^^^^^^^^^^^^^^^^^^^^^^^^^^\n  File "C:\\Users\\daakara\\OneDrive - DPDHL\\Documents\\fpl_ai_agent\\.venv\\Lib\\site-packages\\streamlit\\elements\\widgets\\button.py", line 268, in button\n    return self.dg._button(\n           ^^^^^^^^^^^^^^^^\n  File "C:\\Users\\daakara\\OneDrive - DPDHL\\Documents\\fpl_ai_agent\\.venv\\Lib\\site-packages\\streamlit\\elements\\widgets\\button.py", line 1121, in _button\n    element_id = compute_and_register_element_id(\n                 ^^^^^^^^^^^^^^^^^^^^^^^^^^^^^^^^\n  File "C:\\Users\\daakara\\OneDrive - DPDHL\\Documents\\fpl_ai_agent\\.venv\\Lib\\site-packages\\streamlit\\elements\\lib\\utils.py", line 253, in compute_and_register_element_id\n    _register_element_id(ctx, element_type, element_id)\n  File "C:\\Users\\daakara\\OneDrive - DPDHL\\Documents\\fpl_ai_agent\\.venv\\Lib\\site-packages\\streamlit\\elements\\lib\\utils.py", line 145, in _register_element_id\n    raise StreamlitDuplicateElementKey(user_key)\nstreamlit.errors.StreamlitDuplicateElementKey: There are multiple elements with the same `key=\'recent_dashboard\'`. To fix this, please make sure that the `key` argument is unique for each element you create.\n'}
2025-09-19 18:55:30,768 - fpl_analytics - ERROR - Error in app_controller_run: {'error_type': 'StreamlitDuplicateElementKey', 'error_message': "There are multiple elements with the same `key='recent_my_team'`. To fix this, please make sure that the `key` argument is unique for each element you create.", 'context': 'app_controller_run', 'traceback': 'Traceback (most recent call last):\n  File "C:\\Users\\daakara\\OneDrive - DPDHL\\Documents\\fpl_ai_agent\\main_modular_app\\core\\app_controller.py", line 154, in run\n    recent_page = self.nav_manager.render_recent_pages()\n                  ^^^^^^^^^^^^^^^^^^^^^^^^^^^^^^^^^^^^^^\n  File "C:\\Users\\daakara\\OneDrive - DPDHL\\Documents\\fpl_ai_agent\\main_modular_app\\utils\\modern_ui_components.py", line 217, in render_recent_pages\n    if st.sidebar.button(page_names.get(page, page), key=f"recent_{page}"):\n       ^^^^^^^^^^^^^^^^^^^^^^^^^^^^^^^^^^^^^^^^^^^^^^^^^^^^^^^^^^^^^^^^^^^\n  File "C:\\Users\\daakara\\OneDrive - DPDHL\\Documents\\fpl_ai_agent\\.venv\\Lib\\site-packages\\streamlit\\runtime\\metrics_util.py", line 443, in wrapped_func\n    result = non_optional_func(*args, **kwargs)\n             ^^^^^^^^^^^^^^^^^^^^^^^^^^^^^^^^^^\n  File "C:\\Users\\daakara\\OneDrive - DPDHL\\Documents\\fpl_ai_agent\\.venv\\Lib\\site-packages\\streamlit\\elements\\widgets\\button.py", line 268, in button\n    return self.dg._button(\n           ^^^^^^^^^^^^^^^^\n  File "C:\\Users\\daakara\\OneDrive - DPDHL\\Documents\\fpl_ai_agent\\.venv\\Lib\\site-packages\\streamlit\\elements\\widgets\\button.py", line 1121, in _button\n    element_id = compute_and_register_element_id(\n                 ^^^^^^^^^^^^^^^^^^^^^^^^^^^^^^^^\n  File "C:\\Users\\daakara\\OneDrive - DPDHL\\Documents\\fpl_ai_agent\\.venv\\Lib\\site-packages\\streamlit\\elements\\lib\\utils.py", line 253, in compute_and_register_element_id\n    _register_element_id(ctx, element_type, element_id)\n  File "C:\\Users\\daakara\\OneDrive - DPDHL\\Documents\\fpl_ai_agent\\.venv\\Lib\\site-packages\\streamlit\\elements\\lib\\utils.py", line 145, in _register_element_id\n    raise StreamlitDuplicateElementKey(user_key)\nstreamlit.errors.StreamlitDuplicateElementKey: There are multiple elements with the same `key=\'recent_my_team\'`. To fix this, please make sure that the `key` argument is unique for each element you create.\n'}
2025-09-19 18:55:30,768 - fpl_analytics - INFO - Performance - app_run: 0.02s - {'page': 'my_team'}
2025-09-19 18:55:30,783 - fpl_analytics - ERROR - Error in run: {'error_type': 'StreamlitDuplicateElementKey', 'error_message': "There are multiple elements with the same `key='recent_my_team'`. To fix this, please make sure that the `key` argument is unique for each element you create.", 'context': 'run', 'traceback': 'Traceback (most recent call last):\n  File "C:\\Users\\daakara\\OneDrive - DPDHL\\Documents\\fpl_ai_agent\\main_modular_app\\utils\\error_handling.py", line 99, in wrapper\n    return func(*args, **kwargs)\n           ^^^^^^^^^^^^^^^^^^^^^\n  File "C:\\Users\\daakara\\OneDrive - DPDHL\\Documents\\fpl_ai_agent\\main_modular_app\\core\\app_controller.py", line 154, in run\n    recent_page = self.nav_manager.render_recent_pages()\n                  ^^^^^^^^^^^^^^^^^^^^^^^^^^^^^^^^^^^^^^\n  File "C:\\Users\\daakara\\OneDrive - DPDHL\\Documents\\fpl_ai_agent\\main_modular_app\\utils\\modern_ui_components.py", line 217, in render_recent_pages\n    if st.sidebar.button(page_names.get(page, page), key=f"recent_{page}"):\n       ^^^^^^^^^^^^^^^^^^^^^^^^^^^^^^^^^^^^^^^^^^^^^^^^^^^^^^^^^^^^^^^^^^^\n  File "C:\\Users\\daakara\\OneDrive - DPDHL\\Documents\\fpl_ai_agent\\.venv\\Lib\\site-packages\\streamlit\\runtime\\metrics_util.py", line 443, in wrapped_func\n    result = non_optional_func(*args, **kwargs)\n             ^^^^^^^^^^^^^^^^^^^^^^^^^^^^^^^^^^\n  File "C:\\Users\\daakara\\OneDrive - DPDHL\\Documents\\fpl_ai_agent\\.venv\\Lib\\site-packages\\streamlit\\elements\\widgets\\button.py", line 268, in button\n    return self.dg._button(\n           ^^^^^^^^^^^^^^^^\n  File "C:\\Users\\daakara\\OneDrive - DPDHL\\Documents\\fpl_ai_agent\\.venv\\Lib\\site-packages\\streamlit\\elements\\widgets\\button.py", line 1121, in _button\n    element_id = compute_and_register_element_id(\n                 ^^^^^^^^^^^^^^^^^^^^^^^^^^^^^^^^\n  File "C:\\Users\\daakara\\OneDrive - DPDHL\\Documents\\fpl_ai_agent\\.venv\\Lib\\site-packages\\streamlit\\elements\\lib\\utils.py", line 253, in compute_and_register_element_id\n    _register_element_id(ctx, element_type, element_id)\n  File "C:\\Users\\daakara\\OneDrive - DPDHL\\Documents\\fpl_ai_agent\\.venv\\Lib\\site-packages\\streamlit\\elements\\lib\\utils.py", line 145, in _register_element_id\n    raise StreamlitDuplicateElementKey(user_key)\nstreamlit.errors.StreamlitDuplicateElementKey: There are multiple elements with the same `key=\'recent_my_team\'`. To fix this, please make sure that the `key` argument is unique for each element you create.\n'}
2025-09-19 18:55:38,767 - fpl_analytics - ERROR - Error in app_controller_run: {'error_type': 'StreamlitDuplicateElementKey', 'error_message': "There are multiple elements with the same `key='recent_my_team'`. To fix this, please make sure that the `key` argument is unique for each element you create.", 'context': 'app_controller_run', 'traceback': 'Traceback (most recent call last):\n  File "C:\\Users\\daakara\\OneDrive - DPDHL\\Documents\\fpl_ai_agent\\main_modular_app\\core\\app_controller.py", line 154, in run\n    recent_page = self.nav_manager.render_recent_pages()\n                  ^^^^^^^^^^^^^^^^^^^^^^^^^^^^^^^^^^^^^^\n  File "C:\\Users\\daakara\\OneDrive - DPDHL\\Documents\\fpl_ai_agent\\main_modular_app\\utils\\modern_ui_components.py", line 217, in render_recent_pages\n    if st.sidebar.button(page_names.get(page, page), key=f"recent_{page}"):\n       ^^^^^^^^^^^^^^^^^^^^^^^^^^^^^^^^^^^^^^^^^^^^^^^^^^^^^^^^^^^^^^^^^^^\n  File "C:\\Users\\daakara\\OneDrive - DPDHL\\Documents\\fpl_ai_agent\\.venv\\Lib\\site-packages\\streamlit\\runtime\\metrics_util.py", line 443, in wrapped_func\n    result = non_optional_func(*args, **kwargs)\n             ^^^^^^^^^^^^^^^^^^^^^^^^^^^^^^^^^^\n  File "C:\\Users\\daakara\\OneDrive - DPDHL\\Documents\\fpl_ai_agent\\.venv\\Lib\\site-packages\\streamlit\\elements\\widgets\\button.py", line 268, in button\n    return self.dg._button(\n           ^^^^^^^^^^^^^^^^\n  File "C:\\Users\\daakara\\OneDrive - DPDHL\\Documents\\fpl_ai_agent\\.venv\\Lib\\site-packages\\streamlit\\elements\\widgets\\button.py", line 1121, in _button\n    element_id = compute_and_register_element_id(\n                 ^^^^^^^^^^^^^^^^^^^^^^^^^^^^^^^^\n  File "C:\\Users\\daakara\\OneDrive - DPDHL\\Documents\\fpl_ai_agent\\.venv\\Lib\\site-packages\\streamlit\\elements\\lib\\utils.py", line 253, in compute_and_register_element_id\n    _register_element_id(ctx, element_type, element_id)\n  File "C:\\Users\\daakara\\OneDrive - DPDHL\\Documents\\fpl_ai_agent\\.venv\\Lib\\site-packages\\streamlit\\elements\\lib\\utils.py", line 145, in _register_element_id\n    raise StreamlitDuplicateElementKey(user_key)\nstreamlit.errors.StreamlitDuplicateElementKey: There are multiple elements with the same `key=\'recent_my_team\'`. To fix this, please make sure that the `key` argument is unique for each element you create.\n'}
2025-09-19 18:55:38,767 - fpl_analytics - INFO - Performance - app_run: 0.03s - {'page': 'fixtures'}
2025-09-19 18:55:38,767 - fpl_analytics - ERROR - Error in run: {'error_type': 'StreamlitDuplicateElementKey', 'error_message': "There are multiple elements with the same `key='recent_my_team'`. To fix this, please make sure that the `key` argument is unique for each element you create.", 'context': 'run', 'traceback': 'Traceback (most recent call last):\n  File "C:\\Users\\daakara\\OneDrive - DPDHL\\Documents\\fpl_ai_agent\\main_modular_app\\utils\\error_handling.py", line 99, in wrapper\n    return func(*args, **kwargs)\n           ^^^^^^^^^^^^^^^^^^^^^\n  File "C:\\Users\\daakara\\OneDrive - DPDHL\\Documents\\fpl_ai_agent\\main_modular_app\\core\\app_controller.py", line 154, in run\n    recent_page = self.nav_manager.render_recent_pages()\n                  ^^^^^^^^^^^^^^^^^^^^^^^^^^^^^^^^^^^^^^\n  File "C:\\Users\\daakara\\OneDrive - DPDHL\\Documents\\fpl_ai_agent\\main_modular_app\\utils\\modern_ui_components.py", line 217, in render_recent_pages\n    if st.sidebar.button(page_names.get(page, page), key=f"recent_{page}"):\n       ^^^^^^^^^^^^^^^^^^^^^^^^^^^^^^^^^^^^^^^^^^^^^^^^^^^^^^^^^^^^^^^^^^^\n  File "C:\\Users\\daakara\\OneDrive - DPDHL\\Documents\\fpl_ai_agent\\.venv\\Lib\\site-packages\\streamlit\\runtime\\metrics_util.py", line 443, in wrapped_func\n    result = non_optional_func(*args, **kwargs)\n             ^^^^^^^^^^^^^^^^^^^^^^^^^^^^^^^^^^\n  File "C:\\Users\\daakara\\OneDrive - DPDHL\\Documents\\fpl_ai_agent\\.venv\\Lib\\site-packages\\streamlit\\elements\\widgets\\button.py", line 268, in button\n    return self.dg._button(\n           ^^^^^^^^^^^^^^^^\n  File "C:\\Users\\daakara\\OneDrive - DPDHL\\Documents\\fpl_ai_agent\\.venv\\Lib\\site-packages\\streamlit\\elements\\widgets\\button.py", line 1121, in _button\n    element_id = compute_and_register_element_id(\n                 ^^^^^^^^^^^^^^^^^^^^^^^^^^^^^^^^\n  File "C:\\Users\\daakara\\OneDrive - DPDHL\\Documents\\fpl_ai_agent\\.venv\\Lib\\site-packages\\streamlit\\elements\\lib\\utils.py", line 253, in compute_and_register_element_id\n    _register_element_id(ctx, element_type, element_id)\n  File "C:\\Users\\daakara\\OneDrive - DPDHL\\Documents\\fpl_ai_agent\\.venv\\Lib\\site-packages\\streamlit\\elements\\lib\\utils.py", line 145, in _register_element_id\n    raise StreamlitDuplicateElementKey(user_key)\nstreamlit.errors.StreamlitDuplicateElementKey: There are multiple elements with the same `key=\'recent_my_team\'`. To fix this, please make sure that the `key` argument is unique for each element you create.\n'}
2025-09-19 20:33:10,219 - fpl_analytics - ERROR - Error in app_controller_run: {'error_type': 'StreamlitDuplicateElementKey', 'error_message': "There are multiple elements with the same `key='recent_my_team'`. To fix this, please make sure that the `key` argument is unique for each element you create.", 'context': 'app_controller_run', 'traceback': 'Traceback (most recent call last):\n  File "C:\\Users\\daakara\\OneDrive - DPDHL\\Documents\\fpl_ai_agent\\main_modular_app\\core\\app_controller.py", line 154, in run\n    recent_page = self.nav_manager.render_recent_pages()\n                  ^^^^^^^^^^^^^^^^^^^^^^^^^^^^^^^^^^^^^^\n  File "C:\\Users\\daakara\\OneDrive - DPDHL\\Documents\\fpl_ai_agent\\main_modular_app\\utils\\modern_ui_components.py", line 217, in render_recent_pages\n    if st.sidebar.button(page_names.get(page, page), key=f"recent_{page}"):\n       ^^^^^^^^^^^^^^^^^^^^^^^^^^^^^^^^^^^^^^^^^^^^^^^^^^^^^^^^^^^^^^^^^^^\n  File "C:\\Users\\daakara\\OneDrive - DPDHL\\Documents\\fpl_ai_agent\\.venv\\Lib\\site-packages\\streamlit\\runtime\\metrics_util.py", line 443, in wrapped_func\n    result = non_optional_func(*args, **kwargs)\n             ^^^^^^^^^^^^^^^^^^^^^^^^^^^^^^^^^^\n  File "C:\\Users\\daakara\\OneDrive - DPDHL\\Documents\\fpl_ai_agent\\.venv\\Lib\\site-packages\\streamlit\\elements\\widgets\\button.py", line 268, in button\n    return self.dg._button(\n           ^^^^^^^^^^^^^^^^\n  File "C:\\Users\\daakara\\OneDrive - DPDHL\\Documents\\fpl_ai_agent\\.venv\\Lib\\site-packages\\streamlit\\elements\\widgets\\button.py", line 1121, in _button\n    element_id = compute_and_register_element_id(\n                 ^^^^^^^^^^^^^^^^^^^^^^^^^^^^^^^^\n  File "C:\\Users\\daakara\\OneDrive - DPDHL\\Documents\\fpl_ai_agent\\.venv\\Lib\\site-packages\\streamlit\\elements\\lib\\utils.py", line 253, in compute_and_register_element_id\n    _register_element_id(ctx, element_type, element_id)\n  File "C:\\Users\\daakara\\OneDrive - DPDHL\\Documents\\fpl_ai_agent\\.venv\\Lib\\site-packages\\streamlit\\elements\\lib\\utils.py", line 145, in _register_element_id\n    raise StreamlitDuplicateElementKey(user_key)\nstreamlit.errors.StreamlitDuplicateElementKey: There are multiple elements with the same `key=\'recent_my_team\'`. To fix this, please make sure that the `key` argument is unique for each element you create.\n'}
2025-09-19 20:33:10,226 - fpl_analytics - INFO - Performance - app_run: 34.30s - {'page': 'my_team'}
2025-09-19 20:33:10,229 - fpl_analytics - ERROR - Error in run: {'error_type': 'StreamlitDuplicateElementKey', 'error_message': "There are multiple elements with the same `key='recent_my_team'`. To fix this, please make sure that the `key` argument is unique for each element you create.", 'context': 'run', 'traceback': 'Traceback (most recent call last):\n  File "C:\\Users\\daakara\\OneDrive - DPDHL\\Documents\\fpl_ai_agent\\main_modular_app\\utils\\error_handling.py", line 99, in wrapper\n    return func(*args, **kwargs)\n           ^^^^^^^^^^^^^^^^^^^^^\n  File "C:\\Users\\daakara\\OneDrive - DPDHL\\Documents\\fpl_ai_agent\\main_modular_app\\core\\app_controller.py", line 154, in run\n    recent_page = self.nav_manager.render_recent_pages()\n                  ^^^^^^^^^^^^^^^^^^^^^^^^^^^^^^^^^^^^^^\n  File "C:\\Users\\daakara\\OneDrive - DPDHL\\Documents\\fpl_ai_agent\\main_modular_app\\utils\\modern_ui_components.py", line 217, in render_recent_pages\n    if st.sidebar.button(page_names.get(page, page), key=f"recent_{page}"):\n       ^^^^^^^^^^^^^^^^^^^^^^^^^^^^^^^^^^^^^^^^^^^^^^^^^^^^^^^^^^^^^^^^^^^\n  File "C:\\Users\\daakara\\OneDrive - DPDHL\\Documents\\fpl_ai_agent\\.venv\\Lib\\site-packages\\streamlit\\runtime\\metrics_util.py", line 443, in wrapped_func\n    result = non_optional_func(*args, **kwargs)\n             ^^^^^^^^^^^^^^^^^^^^^^^^^^^^^^^^^^\n  File "C:\\Users\\daakara\\OneDrive - DPDHL\\Documents\\fpl_ai_agent\\.venv\\Lib\\site-packages\\streamlit\\elements\\widgets\\button.py", line 268, in button\n    return self.dg._button(\n           ^^^^^^^^^^^^^^^^\n  File "C:\\Users\\daakara\\OneDrive - DPDHL\\Documents\\fpl_ai_agent\\.venv\\Lib\\site-packages\\streamlit\\elements\\widgets\\button.py", line 1121, in _button\n    element_id = compute_and_register_element_id(\n                 ^^^^^^^^^^^^^^^^^^^^^^^^^^^^^^^^\n  File "C:\\Users\\daakara\\OneDrive - DPDHL\\Documents\\fpl_ai_agent\\.venv\\Lib\\site-packages\\streamlit\\elements\\lib\\utils.py", line 253, in compute_and_register_element_id\n    _register_element_id(ctx, element_type, element_id)\n  File "C:\\Users\\daakara\\OneDrive - DPDHL\\Documents\\fpl_ai_agent\\.venv\\Lib\\site-packages\\streamlit\\elements\\lib\\utils.py", line 145, in _register_element_id\n    raise StreamlitDuplicateElementKey(user_key)\nstreamlit.errors.StreamlitDuplicateElementKey: There are multiple elements with the same `key=\'recent_my_team\'`. To fix this, please make sure that the `key` argument is unique for each element you create.\n'}
2025-09-19 20:33:23,950 - fpl_analytics - ERROR - Error in app_controller_run: {'error_type': 'StreamlitDuplicateElementKey', 'error_message': "There are multiple elements with the same `key='recent_my_team'`. To fix this, please make sure that the `key` argument is unique for each element you create.", 'context': 'app_controller_run', 'traceback': 'Traceback (most recent call last):\n  File "C:\\Users\\daakara\\OneDrive - DPDHL\\Documents\\fpl_ai_agent\\main_modular_app\\core\\app_controller.py", line 154, in run\n    recent_page = self.nav_manager.render_recent_pages()\n                  ^^^^^^^^^^^^^^^^^^^^^^^^^^^^^^^^^^^^^^\n  File "C:\\Users\\daakara\\OneDrive - DPDHL\\Documents\\fpl_ai_agent\\main_modular_app\\utils\\modern_ui_components.py", line 217, in render_recent_pages\n    if st.sidebar.button(page_names.get(page, page), key=f"recent_{page}"):\n       ^^^^^^^^^^^^^^^^^^^^^^^^^^^^^^^^^^^^^^^^^^^^^^^^^^^^^^^^^^^^^^^^^^^\n  File "C:\\Users\\daakara\\OneDrive - DPDHL\\Documents\\fpl_ai_agent\\.venv\\Lib\\site-packages\\streamlit\\runtime\\metrics_util.py", line 443, in wrapped_func\n    result = non_optional_func(*args, **kwargs)\n             ^^^^^^^^^^^^^^^^^^^^^^^^^^^^^^^^^^\n  File "C:\\Users\\daakara\\OneDrive - DPDHL\\Documents\\fpl_ai_agent\\.venv\\Lib\\site-packages\\streamlit\\elements\\widgets\\button.py", line 268, in button\n    return self.dg._button(\n           ^^^^^^^^^^^^^^^^\n  File "C:\\Users\\daakara\\OneDrive - DPDHL\\Documents\\fpl_ai_agent\\.venv\\Lib\\site-packages\\streamlit\\elements\\widgets\\button.py", line 1121, in _button\n    element_id = compute_and_register_element_id(\n                 ^^^^^^^^^^^^^^^^^^^^^^^^^^^^^^^^\n  File "C:\\Users\\daakara\\OneDrive - DPDHL\\Documents\\fpl_ai_agent\\.venv\\Lib\\site-packages\\streamlit\\elements\\lib\\utils.py", line 253, in compute_and_register_element_id\n    _register_element_id(ctx, element_type, element_id)\n  File "C:\\Users\\daakara\\OneDrive - DPDHL\\Documents\\fpl_ai_agent\\.venv\\Lib\\site-packages\\streamlit\\elements\\lib\\utils.py", line 145, in _register_element_id\n    raise StreamlitDuplicateElementKey(user_key)\nstreamlit.errors.StreamlitDuplicateElementKey: There are multiple elements with the same `key=\'recent_my_team\'`. To fix this, please make sure that the `key` argument is unique for each element you create.\n'}
2025-09-19 20:33:23,952 - fpl_analytics - INFO - Performance - app_run: 0.02s - {'page': 'players'}
2025-09-19 20:33:23,955 - fpl_analytics - ERROR - Error in run: {'error_type': 'StreamlitDuplicateElementKey', 'error_message': "There are multiple elements with the same `key='recent_my_team'`. To fix this, please make sure that the `key` argument is unique for each element you create.", 'context': 'run', 'traceback': 'Traceback (most recent call last):\n  File "C:\\Users\\daakara\\OneDrive - DPDHL\\Documents\\fpl_ai_agent\\main_modular_app\\utils\\error_handling.py", line 99, in wrapper\n    return func(*args, **kwargs)\n           ^^^^^^^^^^^^^^^^^^^^^\n  File "C:\\Users\\daakara\\OneDrive - DPDHL\\Documents\\fpl_ai_agent\\main_modular_app\\core\\app_controller.py", line 154, in run\n    recent_page = self.nav_manager.render_recent_pages()\n                  ^^^^^^^^^^^^^^^^^^^^^^^^^^^^^^^^^^^^^^\n  File "C:\\Users\\daakara\\OneDrive - DPDHL\\Documents\\fpl_ai_agent\\main_modular_app\\utils\\modern_ui_components.py", line 217, in render_recent_pages\n    if st.sidebar.button(page_names.get(page, page), key=f"recent_{page}"):\n       ^^^^^^^^^^^^^^^^^^^^^^^^^^^^^^^^^^^^^^^^^^^^^^^^^^^^^^^^^^^^^^^^^^^\n  File "C:\\Users\\daakara\\OneDrive - DPDHL\\Documents\\fpl_ai_agent\\.venv\\Lib\\site-packages\\streamlit\\runtime\\metrics_util.py", line 443, in wrapped_func\n    result = non_optional_func(*args, **kwargs)\n             ^^^^^^^^^^^^^^^^^^^^^^^^^^^^^^^^^^\n  File "C:\\Users\\daakara\\OneDrive - DPDHL\\Documents\\fpl_ai_agent\\.venv\\Lib\\site-packages\\streamlit\\elements\\widgets\\button.py", line 268, in button\n    return self.dg._button(\n           ^^^^^^^^^^^^^^^^\n  File "C:\\Users\\daakara\\OneDrive - DPDHL\\Documents\\fpl_ai_agent\\.venv\\Lib\\site-packages\\streamlit\\elements\\widgets\\button.py", line 1121, in _button\n    element_id = compute_and_register_element_id(\n                 ^^^^^^^^^^^^^^^^^^^^^^^^^^^^^^^^\n  File "C:\\Users\\daakara\\OneDrive - DPDHL\\Documents\\fpl_ai_agent\\.venv\\Lib\\site-packages\\streamlit\\elements\\lib\\utils.py", line 253, in compute_and_register_element_id\n    _register_element_id(ctx, element_type, element_id)\n  File "C:\\Users\\daakara\\OneDrive - DPDHL\\Documents\\fpl_ai_agent\\.venv\\Lib\\site-packages\\streamlit\\elements\\lib\\utils.py", line 145, in _register_element_id\n    raise StreamlitDuplicateElementKey(user_key)\nstreamlit.errors.StreamlitDuplicateElementKey: There are multiple elements with the same `key=\'recent_my_team\'`. To fix this, please make sure that the `key` argument is unique for each element you create.\n'}
2025-09-19 20:44:03,904 - fpl_analytics - ERROR - Error in app_controller_run: {'error_type': 'StreamlitDuplicateElementKey', 'error_message': "There are multiple elements with the same `key='recent_my_team'`. To fix this, please make sure that the `key` argument is unique for each element you create.", 'context': 'app_controller_run', 'traceback': 'Traceback (most recent call last):\n  File "C:\\Users\\daakara\\OneDrive - DPDHL\\Documents\\fpl_ai_agent\\main_modular_app\\core\\app_controller.py", line 154, in run\n    recent_page = self.nav_manager.render_recent_pages()\n                  ^^^^^^^^^^^^^^^^^^^^^^^^^^^^^^^^^^^^^^\n  File "C:\\Users\\daakara\\OneDrive - DPDHL\\Documents\\fpl_ai_agent\\main_modular_app\\utils\\modern_ui_components.py", line 217, in render_recent_pages\n    if st.sidebar.button(page_names.get(page, page), key=f"recent_{page}"):\n       ^^^^^^^^^^^^^^^^^^^^^^^^^^^^^^^^^^^^^^^^^^^^^^^^^^^^^^^^^^^^^^^^^^^\n  File "C:\\Users\\daakara\\OneDrive - DPDHL\\Documents\\fpl_ai_agent\\.venv\\Lib\\site-packages\\streamlit\\runtime\\metrics_util.py", line 443, in wrapped_func\n    result = non_optional_func(*args, **kwargs)\n             ^^^^^^^^^^^^^^^^^^^^^^^^^^^^^^^^^^\n  File "C:\\Users\\daakara\\OneDrive - DPDHL\\Documents\\fpl_ai_agent\\.venv\\Lib\\site-packages\\streamlit\\elements\\widgets\\button.py", line 268, in button\n    return self.dg._button(\n           ^^^^^^^^^^^^^^^^\n  File "C:\\Users\\daakara\\OneDrive - DPDHL\\Documents\\fpl_ai_agent\\.venv\\Lib\\site-packages\\streamlit\\elements\\widgets\\button.py", line 1121, in _button\n    element_id = compute_and_register_element_id(\n                 ^^^^^^^^^^^^^^^^^^^^^^^^^^^^^^^^\n  File "C:\\Users\\daakara\\OneDrive - DPDHL\\Documents\\fpl_ai_agent\\.venv\\Lib\\site-packages\\streamlit\\elements\\lib\\utils.py", line 253, in compute_and_register_element_id\n    _register_element_id(ctx, element_type, element_id)\n  File "C:\\Users\\daakara\\OneDrive - DPDHL\\Documents\\fpl_ai_agent\\.venv\\Lib\\site-packages\\streamlit\\elements\\lib\\utils.py", line 145, in _register_element_id\n    raise StreamlitDuplicateElementKey(user_key)\nstreamlit.errors.StreamlitDuplicateElementKey: There are multiple elements with the same `key=\'recent_my_team\'`. To fix this, please make sure that the `key` argument is unique for each element you create.\n'}
2025-09-19 20:44:03,905 - fpl_analytics - INFO - Performance - app_run: 0.02s - {'page': 'dashboard'}
2025-09-19 20:44:03,906 - fpl_analytics - ERROR - Error in run: {'error_type': 'StreamlitDuplicateElementKey', 'error_message': "There are multiple elements with the same `key='recent_my_team'`. To fix this, please make sure that the `key` argument is unique for each element you create.", 'context': 'run', 'traceback': 'Traceback (most recent call last):\n  File "C:\\Users\\daakara\\OneDrive - DPDHL\\Documents\\fpl_ai_agent\\main_modular_app\\utils\\error_handling.py", line 99, in wrapper\n    return func(*args, **kwargs)\n           ^^^^^^^^^^^^^^^^^^^^^\n  File "C:\\Users\\daakara\\OneDrive - DPDHL\\Documents\\fpl_ai_agent\\main_modular_app\\core\\app_controller.py", line 154, in run\n    recent_page = self.nav_manager.render_recent_pages()\n                  ^^^^^^^^^^^^^^^^^^^^^^^^^^^^^^^^^^^^^^\n  File "C:\\Users\\daakara\\OneDrive - DPDHL\\Documents\\fpl_ai_agent\\main_modular_app\\utils\\modern_ui_components.py", line 217, in render_recent_pages\n    if st.sidebar.button(page_names.get(page, page), key=f"recent_{page}"):\n       ^^^^^^^^^^^^^^^^^^^^^^^^^^^^^^^^^^^^^^^^^^^^^^^^^^^^^^^^^^^^^^^^^^^\n  File "C:\\Users\\daakara\\OneDrive - DPDHL\\Documents\\fpl_ai_agent\\.venv\\Lib\\site-packages\\streamlit\\runtime\\metrics_util.py", line 443, in wrapped_func\n    result = non_optional_func(*args, **kwargs)\n             ^^^^^^^^^^^^^^^^^^^^^^^^^^^^^^^^^^\n  File "C:\\Users\\daakara\\OneDrive - DPDHL\\Documents\\fpl_ai_agent\\.venv\\Lib\\site-packages\\streamlit\\elements\\widgets\\button.py", line 268, in button\n    return self.dg._button(\n           ^^^^^^^^^^^^^^^^\n  File "C:\\Users\\daakara\\OneDrive - DPDHL\\Documents\\fpl_ai_agent\\.venv\\Lib\\site-packages\\streamlit\\elements\\widgets\\button.py", line 1121, in _button\n    element_id = compute_and_register_element_id(\n                 ^^^^^^^^^^^^^^^^^^^^^^^^^^^^^^^^\n  File "C:\\Users\\daakara\\OneDrive - DPDHL\\Documents\\fpl_ai_agent\\.venv\\Lib\\site-packages\\streamlit\\elements\\lib\\utils.py", line 253, in compute_and_register_element_id\n    _register_element_id(ctx, element_type, element_id)\n  File "C:\\Users\\daakara\\OneDrive - DPDHL\\Documents\\fpl_ai_agent\\.venv\\Lib\\site-packages\\streamlit\\elements\\lib\\utils.py", line 145, in _register_element_id\n    raise StreamlitDuplicateElementKey(user_key)\nstreamlit.errors.StreamlitDuplicateElementKey: There are multiple elements with the same `key=\'recent_my_team\'`. To fix this, please make sure that the `key` argument is unique for each element you create.\n'}
2025-09-19 20:44:12,927 - fpl_analytics - ERROR - Error in app_controller_run: {'error_type': 'StreamlitDuplicateElementKey', 'error_message': "There are multiple elements with the same `key='recent_fixtures'`. To fix this, please make sure that the `key` argument is unique for each element you create.", 'context': 'app_controller_run', 'traceback': 'Traceback (most recent call last):\n  File "C:\\Users\\daakara\\OneDrive - DPDHL\\Documents\\fpl_ai_agent\\main_modular_app\\core\\app_controller.py", line 154, in run\n    recent_page = self.nav_manager.render_recent_pages()\n                  ^^^^^^^^^^^^^^^^^^^^^^^^^^^^^^^^^^^^^^\n  File "C:\\Users\\daakara\\OneDrive - DPDHL\\Documents\\fpl_ai_agent\\main_modular_app\\utils\\modern_ui_components.py", line 217, in render_recent_pages\n    if st.sidebar.button(page_names.get(page, page), key=f"recent_{page}"):\n       ^^^^^^^^^^^^^^^^^^^^^^^^^^^^^^^^^^^^^^^^^^^^^^^^^^^^^^^^^^^^^^^^^^^\n  File "C:\\Users\\daakara\\OneDrive - DPDHL\\Documents\\fpl_ai_agent\\.venv\\Lib\\site-packages\\streamlit\\runtime\\metrics_util.py", line 443, in wrapped_func\n    result = non_optional_func(*args, **kwargs)\n             ^^^^^^^^^^^^^^^^^^^^^^^^^^^^^^^^^^\n  File "C:\\Users\\daakara\\OneDrive - DPDHL\\Documents\\fpl_ai_agent\\.venv\\Lib\\site-packages\\streamlit\\elements\\widgets\\button.py", line 268, in button\n    return self.dg._button(\n           ^^^^^^^^^^^^^^^^\n  File "C:\\Users\\daakara\\OneDrive - DPDHL\\Documents\\fpl_ai_agent\\.venv\\Lib\\site-packages\\streamlit\\elements\\widgets\\button.py", line 1121, in _button\n    element_id = compute_and_register_element_id(\n                 ^^^^^^^^^^^^^^^^^^^^^^^^^^^^^^^^\n  File "C:\\Users\\daakara\\OneDrive - DPDHL\\Documents\\fpl_ai_agent\\.venv\\Lib\\site-packages\\streamlit\\elements\\lib\\utils.py", line 253, in compute_and_register_element_id\n    _register_element_id(ctx, element_type, element_id)\n  File "C:\\Users\\daakara\\OneDrive - DPDHL\\Documents\\fpl_ai_agent\\.venv\\Lib\\site-packages\\streamlit\\elements\\lib\\utils.py", line 145, in _register_element_id\n    raise StreamlitDuplicateElementKey(user_key)\nstreamlit.errors.StreamlitDuplicateElementKey: There are multiple elements with the same `key=\'recent_fixtures\'`. To fix this, please make sure that the `key` argument is unique for each element you create.\n'}
2025-09-19 20:44:12,928 - fpl_analytics - INFO - Performance - app_run: 0.01s - {'page': 'fixtures'}
2025-09-19 20:44:12,930 - fpl_analytics - ERROR - Error in run: {'error_type': 'StreamlitDuplicateElementKey', 'error_message': "There are multiple elements with the same `key='recent_fixtures'`. To fix this, please make sure that the `key` argument is unique for each element you create.", 'context': 'run', 'traceback': 'Traceback (most recent call last):\n  File "C:\\Users\\daakara\\OneDrive - DPDHL\\Documents\\fpl_ai_agent\\main_modular_app\\utils\\error_handling.py", line 99, in wrapper\n    return func(*args, **kwargs)\n           ^^^^^^^^^^^^^^^^^^^^^\n  File "C:\\Users\\daakara\\OneDrive - DPDHL\\Documents\\fpl_ai_agent\\main_modular_app\\core\\app_controller.py", line 154, in run\n    recent_page = self.nav_manager.render_recent_pages()\n                  ^^^^^^^^^^^^^^^^^^^^^^^^^^^^^^^^^^^^^^\n  File "C:\\Users\\daakara\\OneDrive - DPDHL\\Documents\\fpl_ai_agent\\main_modular_app\\utils\\modern_ui_components.py", line 217, in render_recent_pages\n    if st.sidebar.button(page_names.get(page, page), key=f"recent_{page}"):\n       ^^^^^^^^^^^^^^^^^^^^^^^^^^^^^^^^^^^^^^^^^^^^^^^^^^^^^^^^^^^^^^^^^^^\n  File "C:\\Users\\daakara\\OneDrive - DPDHL\\Documents\\fpl_ai_agent\\.venv\\Lib\\site-packages\\streamlit\\runtime\\metrics_util.py", line 443, in wrapped_func\n    result = non_optional_func(*args, **kwargs)\n             ^^^^^^^^^^^^^^^^^^^^^^^^^^^^^^^^^^\n  File "C:\\Users\\daakara\\OneDrive - DPDHL\\Documents\\fpl_ai_agent\\.venv\\Lib\\site-packages\\streamlit\\elements\\widgets\\button.py", line 268, in button\n    return self.dg._button(\n           ^^^^^^^^^^^^^^^^\n  File "C:\\Users\\daakara\\OneDrive - DPDHL\\Documents\\fpl_ai_agent\\.venv\\Lib\\site-packages\\streamlit\\elements\\widgets\\button.py", line 1121, in _button\n    element_id = compute_and_register_element_id(\n                 ^^^^^^^^^^^^^^^^^^^^^^^^^^^^^^^^\n  File "C:\\Users\\daakara\\OneDrive - DPDHL\\Documents\\fpl_ai_agent\\.venv\\Lib\\site-packages\\streamlit\\elements\\lib\\utils.py", line 253, in compute_and_register_element_id\n    _register_element_id(ctx, element_type, element_id)\n  File "C:\\Users\\daakara\\OneDrive - DPDHL\\Documents\\fpl_ai_agent\\.venv\\Lib\\site-packages\\streamlit\\elements\\lib\\utils.py", line 145, in _register_element_id\n    raise StreamlitDuplicateElementKey(user_key)\nstreamlit.errors.StreamlitDuplicateElementKey: There are multiple elements with the same `key=\'recent_fixtures\'`. To fix this, please make sure that the `key` argument is unique for each element you create.\n'}
2025-09-19 20:44:17,746 - fpl_analytics - ERROR - Error in app_controller_run: {'error_type': 'StreamlitDuplicateElementKey', 'error_message': "There are multiple elements with the same `key='recent_fixtures'`. To fix this, please make sure that the `key` argument is unique for each element you create.", 'context': 'app_controller_run', 'traceback': 'Traceback (most recent call last):\n  File "C:\\Users\\daakara\\OneDrive - DPDHL\\Documents\\fpl_ai_agent\\main_modular_app\\core\\app_controller.py", line 154, in run\n    recent_page = self.nav_manager.render_recent_pages()\n                  ^^^^^^^^^^^^^^^^^^^^^^^^^^^^^^^^^^^^^^\n  File "C:\\Users\\daakara\\OneDrive - DPDHL\\Documents\\fpl_ai_agent\\main_modular_app\\utils\\modern_ui_components.py", line 217, in render_recent_pages\n    if st.sidebar.button(page_names.get(page, page), key=f"recent_{page}"):\n       ^^^^^^^^^^^^^^^^^^^^^^^^^^^^^^^^^^^^^^^^^^^^^^^^^^^^^^^^^^^^^^^^^^^\n  File "C:\\Users\\daakara\\OneDrive - DPDHL\\Documents\\fpl_ai_agent\\.venv\\Lib\\site-packages\\streamlit\\runtime\\metrics_util.py", line 443, in wrapped_func\n    result = non_optional_func(*args, **kwargs)\n             ^^^^^^^^^^^^^^^^^^^^^^^^^^^^^^^^^^\n  File "C:\\Users\\daakara\\OneDrive - DPDHL\\Documents\\fpl_ai_agent\\.venv\\Lib\\site-packages\\streamlit\\elements\\widgets\\button.py", line 268, in button\n    return self.dg._button(\n           ^^^^^^^^^^^^^^^^\n  File "C:\\Users\\daakara\\OneDrive - DPDHL\\Documents\\fpl_ai_agent\\.venv\\Lib\\site-packages\\streamlit\\elements\\widgets\\button.py", line 1121, in _button\n    element_id = compute_and_register_element_id(\n                 ^^^^^^^^^^^^^^^^^^^^^^^^^^^^^^^^\n  File "C:\\Users\\daakara\\OneDrive - DPDHL\\Documents\\fpl_ai_agent\\.venv\\Lib\\site-packages\\streamlit\\elements\\lib\\utils.py", line 253, in compute_and_register_element_id\n    _register_element_id(ctx, element_type, element_id)\n  File "C:\\Users\\daakara\\OneDrive - DPDHL\\Documents\\fpl_ai_agent\\.venv\\Lib\\site-packages\\streamlit\\elements\\lib\\utils.py", line 145, in _register_element_id\n    raise StreamlitDuplicateElementKey(user_key)\nstreamlit.errors.StreamlitDuplicateElementKey: There are multiple elements with the same `key=\'recent_fixtures\'`. To fix this, please make sure that the `key` argument is unique for each element you create.\n'}
2025-09-19 20:44:17,746 - fpl_analytics - INFO - Performance - app_run: 1.21s - {'page': 'fixtures'}
2025-09-19 20:44:17,754 - fpl_analytics - ERROR - Error in run: {'error_type': 'StreamlitDuplicateElementKey', 'error_message': "There are multiple elements with the same `key='recent_fixtures'`. To fix this, please make sure that the `key` argument is unique for each element you create.", 'context': 'run', 'traceback': 'Traceback (most recent call last):\n  File "C:\\Users\\daakara\\OneDrive - DPDHL\\Documents\\fpl_ai_agent\\main_modular_app\\utils\\error_handling.py", line 99, in wrapper\n    return func(*args, **kwargs)\n           ^^^^^^^^^^^^^^^^^^^^^\n  File "C:\\Users\\daakara\\OneDrive - DPDHL\\Documents\\fpl_ai_agent\\main_modular_app\\core\\app_controller.py", line 154, in run\n    recent_page = self.nav_manager.render_recent_pages()\n                  ^^^^^^^^^^^^^^^^^^^^^^^^^^^^^^^^^^^^^^\n  File "C:\\Users\\daakara\\OneDrive - DPDHL\\Documents\\fpl_ai_agent\\main_modular_app\\utils\\modern_ui_components.py", line 217, in render_recent_pages\n    if st.sidebar.button(page_names.get(page, page), key=f"recent_{page}"):\n       ^^^^^^^^^^^^^^^^^^^^^^^^^^^^^^^^^^^^^^^^^^^^^^^^^^^^^^^^^^^^^^^^^^^\n  File "C:\\Users\\daakara\\OneDrive - DPDHL\\Documents\\fpl_ai_agent\\.venv\\Lib\\site-packages\\streamlit\\runtime\\metrics_util.py", line 443, in wrapped_func\n    result = non_optional_func(*args, **kwargs)\n             ^^^^^^^^^^^^^^^^^^^^^^^^^^^^^^^^^^\n  File "C:\\Users\\daakara\\OneDrive - DPDHL\\Documents\\fpl_ai_agent\\.venv\\Lib\\site-packages\\streamlit\\elements\\widgets\\button.py", line 268, in button\n    return self.dg._button(\n           ^^^^^^^^^^^^^^^^\n  File "C:\\Users\\daakara\\OneDrive - DPDHL\\Documents\\fpl_ai_agent\\.venv\\Lib\\site-packages\\streamlit\\elements\\widgets\\button.py", line 1121, in _button\n    element_id = compute_and_register_element_id(\n                 ^^^^^^^^^^^^^^^^^^^^^^^^^^^^^^^^\n  File "C:\\Users\\daakara\\OneDrive - DPDHL\\Documents\\fpl_ai_agent\\.venv\\Lib\\site-packages\\streamlit\\elements\\lib\\utils.py", line 253, in compute_and_register_element_id\n    _register_element_id(ctx, element_type, element_id)\n  File "C:\\Users\\daakara\\OneDrive - DPDHL\\Documents\\fpl_ai_agent\\.venv\\Lib\\site-packages\\streamlit\\elements\\lib\\utils.py", line 145, in _register_element_id\n    raise StreamlitDuplicateElementKey(user_key)\nstreamlit.errors.StreamlitDuplicateElementKey: There are multiple elements with the same `key=\'recent_fixtures\'`. To fix this, please make sure that the `key` argument is unique for each element you create.\n'}
2025-09-19 20:44:22,022 - fpl_analytics - INFO - Performance - app_run: 0.01s - {'page': 'fixtures'}
2025-09-19 20:44:22,146 - fpl_analytics - ERROR - Error in app_controller_run: {'error_type': 'StreamlitDuplicateElementKey', 'error_message': "There are multiple elements with the same `key='recent_fixtures'`. To fix this, please make sure that the `key` argument is unique for each element you create.", 'context': 'app_controller_run', 'traceback': 'Traceback (most recent call last):\n  File "C:\\Users\\daakara\\OneDrive - DPDHL\\Documents\\fpl_ai_agent\\main_modular_app\\core\\app_controller.py", line 154, in run\n    recent_page = self.nav_manager.render_recent_pages()\n                  ^^^^^^^^^^^^^^^^^^^^^^^^^^^^^^^^^^^^^^\n  File "C:\\Users\\daakara\\OneDrive - DPDHL\\Documents\\fpl_ai_agent\\main_modular_app\\utils\\modern_ui_components.py", line 217, in render_recent_pages\n    if st.sidebar.button(page_names.get(page, page), key=f"recent_{page}"):\n       ^^^^^^^^^^^^^^^^^^^^^^^^^^^^^^^^^^^^^^^^^^^^^^^^^^^^^^^^^^^^^^^^^^^\n  File "C:\\Users\\daakara\\OneDrive - DPDHL\\Documents\\fpl_ai_agent\\.venv\\Lib\\site-packages\\streamlit\\runtime\\metrics_util.py", line 443, in wrapped_func\n    result = non_optional_func(*args, **kwargs)\n             ^^^^^^^^^^^^^^^^^^^^^^^^^^^^^^^^^^\n  File "C:\\Users\\daakara\\OneDrive - DPDHL\\Documents\\fpl_ai_agent\\.venv\\Lib\\site-packages\\streamlit\\elements\\widgets\\button.py", line 268, in button\n    return self.dg._button(\n           ^^^^^^^^^^^^^^^^\n  File "C:\\Users\\daakara\\OneDrive - DPDHL\\Documents\\fpl_ai_agent\\.venv\\Lib\\site-packages\\streamlit\\elements\\widgets\\button.py", line 1121, in _button\n    element_id = compute_and_register_element_id(\n                 ^^^^^^^^^^^^^^^^^^^^^^^^^^^^^^^^\n  File "C:\\Users\\daakara\\OneDrive - DPDHL\\Documents\\fpl_ai_agent\\.venv\\Lib\\site-packages\\streamlit\\elements\\lib\\utils.py", line 253, in compute_and_register_element_id\n    _register_element_id(ctx, element_type, element_id)\n  File "C:\\Users\\daakara\\OneDrive - DPDHL\\Documents\\fpl_ai_agent\\.venv\\Lib\\site-packages\\streamlit\\elements\\lib\\utils.py", line 145, in _register_element_id\n    raise StreamlitDuplicateElementKey(user_key)\nstreamlit.errors.StreamlitDuplicateElementKey: There are multiple elements with the same `key=\'recent_fixtures\'`. To fix this, please make sure that the `key` argument is unique for each element you create.\n'}
2025-09-19 20:44:22,147 - fpl_analytics - INFO - Performance - app_run: 0.01s - {'page': 'fixtures'}
2025-09-19 20:44:22,148 - fpl_analytics - ERROR - Error in run: {'error_type': 'StreamlitDuplicateElementKey', 'error_message': "There are multiple elements with the same `key='recent_fixtures'`. To fix this, please make sure that the `key` argument is unique for each element you create.", 'context': 'run', 'traceback': 'Traceback (most recent call last):\n  File "C:\\Users\\daakara\\OneDrive - DPDHL\\Documents\\fpl_ai_agent\\main_modular_app\\utils\\error_handling.py", line 99, in wrapper\n    return func(*args, **kwargs)\n           ^^^^^^^^^^^^^^^^^^^^^\n  File "C:\\Users\\daakara\\OneDrive - DPDHL\\Documents\\fpl_ai_agent\\main_modular_app\\core\\app_controller.py", line 154, in run\n    recent_page = self.nav_manager.render_recent_pages()\n                  ^^^^^^^^^^^^^^^^^^^^^^^^^^^^^^^^^^^^^^\n  File "C:\\Users\\daakara\\OneDrive - DPDHL\\Documents\\fpl_ai_agent\\main_modular_app\\utils\\modern_ui_components.py", line 217, in render_recent_pages\n    if st.sidebar.button(page_names.get(page, page), key=f"recent_{page}"):\n       ^^^^^^^^^^^^^^^^^^^^^^^^^^^^^^^^^^^^^^^^^^^^^^^^^^^^^^^^^^^^^^^^^^^\n  File "C:\\Users\\daakara\\OneDrive - DPDHL\\Documents\\fpl_ai_agent\\.venv\\Lib\\site-packages\\streamlit\\runtime\\metrics_util.py", line 443, in wrapped_func\n    result = non_optional_func(*args, **kwargs)\n             ^^^^^^^^^^^^^^^^^^^^^^^^^^^^^^^^^^\n  File "C:\\Users\\daakara\\OneDrive - DPDHL\\Documents\\fpl_ai_agent\\.venv\\Lib\\site-packages\\streamlit\\elements\\widgets\\button.py", line 268, in button\n    return self.dg._button(\n           ^^^^^^^^^^^^^^^^\n  File "C:\\Users\\daakara\\OneDrive - DPDHL\\Documents\\fpl_ai_agent\\.venv\\Lib\\site-packages\\streamlit\\elements\\widgets\\button.py", line 1121, in _button\n    element_id = compute_and_register_element_id(\n                 ^^^^^^^^^^^^^^^^^^^^^^^^^^^^^^^^\n  File "C:\\Users\\daakara\\OneDrive - DPDHL\\Documents\\fpl_ai_agent\\.venv\\Lib\\site-packages\\streamlit\\elements\\lib\\utils.py", line 253, in compute_and_register_element_id\n    _register_element_id(ctx, element_type, element_id)\n  File "C:\\Users\\daakara\\OneDrive - DPDHL\\Documents\\fpl_ai_agent\\.venv\\Lib\\site-packages\\streamlit\\elements\\lib\\utils.py", line 145, in _register_element_id\n    raise StreamlitDuplicateElementKey(user_key)\nstreamlit.errors.StreamlitDuplicateElementKey: There are multiple elements with the same `key=\'recent_fixtures\'`. To fix this, please make sure that the `key` argument is unique for each element you create.\n'}
2025-09-19 20:45:06,015 - fpl_analytics - INFO - Performance - page_render_dashboard: 0.00s
2025-09-19 20:45:06,021 - fpl_analytics - INFO - Performance - app_run: 0.02s - {'page': 'dashboard'}
2025-09-19 20:45:13,766 - fpl_analytics - INFO - User Action: data_refresh - Details: {'success': True}
2025-09-19 20:45:14,285 - fpl_analytics - INFO - Performance - page_render_dashboard: 0.51s
2025-09-19 20:45:14,291 - fpl_analytics - INFO - Performance - app_run: 1.76s - {'page': 'dashboard'}
2025-09-19 20:45:31,536 - fpl_analytics - INFO - Performance - page_render_fixtures: 2.41s
2025-09-19 20:45:31,542 - fpl_analytics - INFO - Performance - app_run: 2.43s - {'page': 'fixtures'}
2025-09-19 20:46:02,899 - fpl_analytics - INFO - Performance - page_render_my_team: 1.45s
2025-09-19 20:46:02,909 - fpl_analytics - INFO - Performance - app_run: 1.48s - {'page': 'my_team'}
2025-09-19 20:46:06,037 - fpl_analytics - INFO - Performance - page_render_my_team: 0.85s
2025-09-19 20:46:06,048 - fpl_analytics - INFO - Performance - app_run: 0.87s - {'page': 'my_team'}
2025-09-19 20:46:08,920 - fpl_analytics - INFO - Performance - app_run: 2.05s - {'page': 'my_team'}
2025-09-19 20:46:09,457 - fpl_analytics - INFO - Performance - page_render_my_team: 0.39s
2025-09-19 20:46:09,466 - fpl_analytics - INFO - Performance - app_run: 0.42s - {'page': 'my_team'}
2025-09-19 20:46:20,901 - fpl_analytics - ERROR - Error in app_controller_run: {'error_type': 'StreamlitAPIException', 'error_message': 'Could not find page: `settings`. Must be the file path relative to the main script, from the directory: `main_modular_app`. Only the main app file and files in the `pages/` directory are supported.', 'context': 'app_controller_run', 'traceback': 'Traceback (most recent call last):\n  File "C:\\Users\\daakara\\OneDrive - DPDHL\\Documents\\fpl_ai_agent\\main_modular_app\\core\\app_controller.py", line 142, in run\n    self.handle_quick_action(quick_action)\n  File "C:\\Users\\daakara\\OneDrive - DPDHL\\Documents\\fpl_ai_agent\\main_modular_app\\core\\app_controller.py", line 421, in handle_quick_action\n    st.switch_page("settings")\n  File "C:\\Users\\daakara\\OneDrive - DPDHL\\Documents\\fpl_ai_agent\\.venv\\Lib\\site-packages\\streamlit\\runtime\\metrics_util.py", line 443, in wrapped_func\n    result = non_optional_func(*args, **kwargs)\n             ^^^^^^^^^^^^^^^^^^^^^^^^^^^^^^^^^^\n  File "C:\\Users\\daakara\\OneDrive - DPDHL\\Documents\\fpl_ai_agent\\.venv\\Lib\\site-packages\\streamlit\\commands\\execution_control.py", line 222, in switch_page\n    raise StreamlitAPIException(\nstreamlit.errors.StreamlitAPIException: Could not find page: `settings`. Must be the file path relative to the main script, from the directory: `main_modular_app`. Only the main app file and files in the `pages/` directory are supported.\n'}
2025-09-19 20:46:20,902 - fpl_analytics - INFO - Performance - app_run: 0.02s - {'page': 'dashboard'}
2025-09-19 20:46:20,904 - fpl_analytics - ERROR - Error in run: {'error_type': 'StreamlitAPIException', 'error_message': 'Could not find page: `settings`. Must be the file path relative to the main script, from the directory: `main_modular_app`. Only the main app file and files in the `pages/` directory are supported.', 'context': 'run', 'traceback': 'Traceback (most recent call last):\n  File "C:\\Users\\daakara\\OneDrive - DPDHL\\Documents\\fpl_ai_agent\\main_modular_app\\utils\\error_handling.py", line 99, in wrapper\n    return func(*args, **kwargs)\n           ^^^^^^^^^^^^^^^^^^^^^\n  File "C:\\Users\\daakara\\OneDrive - DPDHL\\Documents\\fpl_ai_agent\\main_modular_app\\core\\app_controller.py", line 142, in run\n    self.handle_quick_action(quick_action)\n  File "C:\\Users\\daakara\\OneDrive - DPDHL\\Documents\\fpl_ai_agent\\main_modular_app\\core\\app_controller.py", line 421, in handle_quick_action\n    st.switch_page("settings")\n  File "C:\\Users\\daakara\\OneDrive - DPDHL\\Documents\\fpl_ai_agent\\.venv\\Lib\\site-packages\\streamlit\\runtime\\metrics_util.py", line 443, in wrapped_func\n    result = non_optional_func(*args, **kwargs)\n             ^^^^^^^^^^^^^^^^^^^^^^^^^^^^^^^^^^\n  File "C:\\Users\\daakara\\OneDrive - DPDHL\\Documents\\fpl_ai_agent\\.venv\\Lib\\site-packages\\streamlit\\commands\\execution_control.py", line 222, in switch_page\n    raise StreamlitAPIException(\nstreamlit.errors.StreamlitAPIException: Could not find page: `settings`. Must be the file path relative to the main script, from the directory: `main_modular_app`. Only the main app file and files in the `pages/` directory are supported.\n'}
2025-09-19 20:46:31,141 - fpl_analytics - INFO - User Action: data_refresh - Details: {'success': True}
2025-09-19 20:46:31,157 - fpl_analytics - ERROR - Error in app_controller_run: {'error_type': 'StreamlitDuplicateElementKey', 'error_message': "There are multiple elements with the same `key='recent_dashboard'`. To fix this, please make sure that the `key` argument is unique for each element you create.", 'context': 'app_controller_run', 'traceback': 'Traceback (most recent call last):\n  File "C:\\Users\\daakara\\OneDrive - DPDHL\\Documents\\fpl_ai_agent\\main_modular_app\\core\\app_controller.py", line 154, in run\n    recent_page = self.nav_manager.render_recent_pages()\n                  ^^^^^^^^^^^^^^^^^^^^^^^^^^^^^^^^^^^^^^\n  File "C:\\Users\\daakara\\OneDrive - DPDHL\\Documents\\fpl_ai_agent\\main_modular_app\\utils\\modern_ui_components.py", line 217, in render_recent_pages\n    if st.sidebar.button(page_names.get(page, page), key=f"recent_{page}"):\n       ^^^^^^^^^^^^^^^^^^^^^^^^^^^^^^^^^^^^^^^^^^^^^^^^^^^^^^^^^^^^^^^^^^^\n  File "C:\\Users\\daakara\\OneDrive - DPDHL\\Documents\\fpl_ai_agent\\.venv\\Lib\\site-packages\\streamlit\\runtime\\metrics_util.py", line 443, in wrapped_func\n    result = non_optional_func(*args, **kwargs)\n             ^^^^^^^^^^^^^^^^^^^^^^^^^^^^^^^^^^\n  File "C:\\Users\\daakara\\OneDrive - DPDHL\\Documents\\fpl_ai_agent\\.venv\\Lib\\site-packages\\streamlit\\elements\\widgets\\button.py", line 268, in button\n    return self.dg._button(\n           ^^^^^^^^^^^^^^^^\n  File "C:\\Users\\daakara\\OneDrive - DPDHL\\Documents\\fpl_ai_agent\\.venv\\Lib\\site-packages\\streamlit\\elements\\widgets\\button.py", line 1121, in _button\n    element_id = compute_and_register_element_id(\n                 ^^^^^^^^^^^^^^^^^^^^^^^^^^^^^^^^\n  File "C:\\Users\\daakara\\OneDrive - DPDHL\\Documents\\fpl_ai_agent\\.venv\\Lib\\site-packages\\streamlit\\elements\\lib\\utils.py", line 253, in compute_and_register_element_id\n    _register_element_id(ctx, element_type, element_id)\n  File "C:\\Users\\daakara\\OneDrive - DPDHL\\Documents\\fpl_ai_agent\\.venv\\Lib\\site-packages\\streamlit\\elements\\lib\\utils.py", line 145, in _register_element_id\n    raise StreamlitDuplicateElementKey(user_key)\nstreamlit.errors.StreamlitDuplicateElementKey: There are multiple elements with the same `key=\'recent_dashboard\'`. To fix this, please make sure that the `key` argument is unique for each element you create.\n'}
2025-09-19 20:46:31,158 - fpl_analytics - INFO - Performance - app_run: 1.13s - {'page': 'dashboard'}
2025-09-19 20:46:31,159 - fpl_analytics - ERROR - Error in run: {'error_type': 'StreamlitDuplicateElementKey', 'error_message': "There are multiple elements with the same `key='recent_dashboard'`. To fix this, please make sure that the `key` argument is unique for each element you create.", 'context': 'run', 'traceback': 'Traceback (most recent call last):\n  File "C:\\Users\\daakara\\OneDrive - DPDHL\\Documents\\fpl_ai_agent\\main_modular_app\\utils\\error_handling.py", line 99, in wrapper\n    return func(*args, **kwargs)\n           ^^^^^^^^^^^^^^^^^^^^^\n  File "C:\\Users\\daakara\\OneDrive - DPDHL\\Documents\\fpl_ai_agent\\main_modular_app\\core\\app_controller.py", line 154, in run\n    recent_page = self.nav_manager.render_recent_pages()\n                  ^^^^^^^^^^^^^^^^^^^^^^^^^^^^^^^^^^^^^^\n  File "C:\\Users\\daakara\\OneDrive - DPDHL\\Documents\\fpl_ai_agent\\main_modular_app\\utils\\modern_ui_components.py", line 217, in render_recent_pages\n    if st.sidebar.button(page_names.get(page, page), key=f"recent_{page}"):\n       ^^^^^^^^^^^^^^^^^^^^^^^^^^^^^^^^^^^^^^^^^^^^^^^^^^^^^^^^^^^^^^^^^^^\n  File "C:\\Users\\daakara\\OneDrive - DPDHL\\Documents\\fpl_ai_agent\\.venv\\Lib\\site-packages\\streamlit\\runtime\\metrics_util.py", line 443, in wrapped_func\n    result = non_optional_func(*args, **kwargs)\n             ^^^^^^^^^^^^^^^^^^^^^^^^^^^^^^^^^^\n  File "C:\\Users\\daakara\\OneDrive - DPDHL\\Documents\\fpl_ai_agent\\.venv\\Lib\\site-packages\\streamlit\\elements\\widgets\\button.py", line 268, in button\n    return self.dg._button(\n           ^^^^^^^^^^^^^^^^\n  File "C:\\Users\\daakara\\OneDrive - DPDHL\\Documents\\fpl_ai_agent\\.venv\\Lib\\site-packages\\streamlit\\elements\\widgets\\button.py", line 1121, in _button\n    element_id = compute_and_register_element_id(\n                 ^^^^^^^^^^^^^^^^^^^^^^^^^^^^^^^^\n  File "C:\\Users\\daakara\\OneDrive - DPDHL\\Documents\\fpl_ai_agent\\.venv\\Lib\\site-packages\\streamlit\\elements\\lib\\utils.py", line 253, in compute_and_register_element_id\n    _register_element_id(ctx, element_type, element_id)\n  File "C:\\Users\\daakara\\OneDrive - DPDHL\\Documents\\fpl_ai_agent\\.venv\\Lib\\site-packages\\streamlit\\elements\\lib\\utils.py", line 145, in _register_element_id\n    raise StreamlitDuplicateElementKey(user_key)\nstreamlit.errors.StreamlitDuplicateElementKey: There are multiple elements with the same `key=\'recent_dashboard\'`. To fix this, please make sure that the `key` argument is unique for each element you create.\n'}
2025-09-19 20:46:40,820 - fpl_analytics - ERROR - Error in app_controller_run: {'error_type': 'StreamlitDuplicateElementKey', 'error_message': "There are multiple elements with the same `key='recent_dashboard'`. To fix this, please make sure that the `key` argument is unique for each element you create.", 'context': 'app_controller_run', 'traceback': 'Traceback (most recent call last):\n  File "C:\\Users\\daakara\\OneDrive - DPDHL\\Documents\\fpl_ai_agent\\main_modular_app\\core\\app_controller.py", line 154, in run\n    recent_page = self.nav_manager.render_recent_pages()\n                  ^^^^^^^^^^^^^^^^^^^^^^^^^^^^^^^^^^^^^^\n  File "C:\\Users\\daakara\\OneDrive - DPDHL\\Documents\\fpl_ai_agent\\main_modular_app\\utils\\modern_ui_components.py", line 217, in render_recent_pages\n    if st.sidebar.button(page_names.get(page, page), key=f"recent_{page}"):\n       ^^^^^^^^^^^^^^^^^^^^^^^^^^^^^^^^^^^^^^^^^^^^^^^^^^^^^^^^^^^^^^^^^^^\n  File "C:\\Users\\daakara\\OneDrive - DPDHL\\Documents\\fpl_ai_agent\\.venv\\Lib\\site-packages\\streamlit\\runtime\\metrics_util.py", line 443, in wrapped_func\n    result = non_optional_func(*args, **kwargs)\n             ^^^^^^^^^^^^^^^^^^^^^^^^^^^^^^^^^^\n  File "C:\\Users\\daakara\\OneDrive - DPDHL\\Documents\\fpl_ai_agent\\.venv\\Lib\\site-packages\\streamlit\\elements\\widgets\\button.py", line 268, in button\n    return self.dg._button(\n           ^^^^^^^^^^^^^^^^\n  File "C:\\Users\\daakara\\OneDrive - DPDHL\\Documents\\fpl_ai_agent\\.venv\\Lib\\site-packages\\streamlit\\elements\\widgets\\button.py", line 1121, in _button\n    element_id = compute_and_register_element_id(\n                 ^^^^^^^^^^^^^^^^^^^^^^^^^^^^^^^^\n  File "C:\\Users\\daakara\\OneDrive - DPDHL\\Documents\\fpl_ai_agent\\.venv\\Lib\\site-packages\\streamlit\\elements\\lib\\utils.py", line 253, in compute_and_register_element_id\n    _register_element_id(ctx, element_type, element_id)\n  File "C:\\Users\\daakara\\OneDrive - DPDHL\\Documents\\fpl_ai_agent\\.venv\\Lib\\site-packages\\streamlit\\elements\\lib\\utils.py", line 145, in _register_element_id\n    raise StreamlitDuplicateElementKey(user_key)\nstreamlit.errors.StreamlitDuplicateElementKey: There are multiple elements with the same `key=\'recent_dashboard\'`. To fix this, please make sure that the `key` argument is unique for each element you create.\n'}
2025-09-19 20:46:40,821 - fpl_analytics - INFO - Performance - app_run: 0.02s - {'page': 'players'}
2025-09-19 20:46:40,823 - fpl_analytics - ERROR - Error in run: {'error_type': 'StreamlitDuplicateElementKey', 'error_message': "There are multiple elements with the same `key='recent_dashboard'`. To fix this, please make sure that the `key` argument is unique for each element you create.", 'context': 'run', 'traceback': 'Traceback (most recent call last):\n  File "C:\\Users\\daakara\\OneDrive - DPDHL\\Documents\\fpl_ai_agent\\main_modular_app\\utils\\error_handling.py", line 99, in wrapper\n    return func(*args, **kwargs)\n           ^^^^^^^^^^^^^^^^^^^^^\n  File "C:\\Users\\daakara\\OneDrive - DPDHL\\Documents\\fpl_ai_agent\\main_modular_app\\core\\app_controller.py", line 154, in run\n    recent_page = self.nav_manager.render_recent_pages()\n                  ^^^^^^^^^^^^^^^^^^^^^^^^^^^^^^^^^^^^^^\n  File "C:\\Users\\daakara\\OneDrive - DPDHL\\Documents\\fpl_ai_agent\\main_modular_app\\utils\\modern_ui_components.py", line 217, in render_recent_pages\n    if st.sidebar.button(page_names.get(page, page), key=f"recent_{page}"):\n       ^^^^^^^^^^^^^^^^^^^^^^^^^^^^^^^^^^^^^^^^^^^^^^^^^^^^^^^^^^^^^^^^^^^\n  File "C:\\Users\\daakara\\OneDrive - DPDHL\\Documents\\fpl_ai_agent\\.venv\\Lib\\site-packages\\streamlit\\runtime\\metrics_util.py", line 443, in wrapped_func\n    result = non_optional_func(*args, **kwargs)\n             ^^^^^^^^^^^^^^^^^^^^^^^^^^^^^^^^^^\n  File "C:\\Users\\daakara\\OneDrive - DPDHL\\Documents\\fpl_ai_agent\\.venv\\Lib\\site-packages\\streamlit\\elements\\widgets\\button.py", line 268, in button\n    return self.dg._button(\n           ^^^^^^^^^^^^^^^^\n  File "C:\\Users\\daakara\\OneDrive - DPDHL\\Documents\\fpl_ai_agent\\.venv\\Lib\\site-packages\\streamlit\\elements\\widgets\\button.py", line 1121, in _button\n    element_id = compute_and_register_element_id(\n                 ^^^^^^^^^^^^^^^^^^^^^^^^^^^^^^^^\n  File "C:\\Users\\daakara\\OneDrive - DPDHL\\Documents\\fpl_ai_agent\\.venv\\Lib\\site-packages\\streamlit\\elements\\lib\\utils.py", line 253, in compute_and_register_element_id\n    _register_element_id(ctx, element_type, element_id)\n  File "C:\\Users\\daakara\\OneDrive - DPDHL\\Documents\\fpl_ai_agent\\.venv\\Lib\\site-packages\\streamlit\\elements\\lib\\utils.py", line 145, in _register_element_id\n    raise StreamlitDuplicateElementKey(user_key)\nstreamlit.errors.StreamlitDuplicateElementKey: There are multiple elements with the same `key=\'recent_dashboard\'`. To fix this, please make sure that the `key` argument is unique for each element you create.\n'}
2025-09-19 20:46:45,168 - fpl_analytics - ERROR - Error in app_controller_run: {'error_type': 'StreamlitDuplicateElementKey', 'error_message': "There are multiple elements with the same `key='recent_fixtures'`. To fix this, please make sure that the `key` argument is unique for each element you create.", 'context': 'app_controller_run', 'traceback': 'Traceback (most recent call last):\n  File "C:\\Users\\daakara\\OneDrive - DPDHL\\Documents\\fpl_ai_agent\\main_modular_app\\core\\app_controller.py", line 154, in run\n    recent_page = self.nav_manager.render_recent_pages()\n                  ^^^^^^^^^^^^^^^^^^^^^^^^^^^^^^^^^^^^^^\n  File "C:\\Users\\daakara\\OneDrive - DPDHL\\Documents\\fpl_ai_agent\\main_modular_app\\utils\\modern_ui_components.py", line 217, in render_recent_pages\n    if st.sidebar.button(page_names.get(page, page), key=f"recent_{page}"):\n       ^^^^^^^^^^^^^^^^^^^^^^^^^^^^^^^^^^^^^^^^^^^^^^^^^^^^^^^^^^^^^^^^^^^\n  File "C:\\Users\\daakara\\OneDrive - DPDHL\\Documents\\fpl_ai_agent\\.venv\\Lib\\site-packages\\streamlit\\runtime\\metrics_util.py", line 443, in wrapped_func\n    result = non_optional_func(*args, **kwargs)\n             ^^^^^^^^^^^^^^^^^^^^^^^^^^^^^^^^^^\n  File "C:\\Users\\daakara\\OneDrive - DPDHL\\Documents\\fpl_ai_agent\\.venv\\Lib\\site-packages\\streamlit\\elements\\widgets\\button.py", line 268, in button\n    return self.dg._button(\n           ^^^^^^^^^^^^^^^^\n  File "C:\\Users\\daakara\\OneDrive - DPDHL\\Documents\\fpl_ai_agent\\.venv\\Lib\\site-packages\\streamlit\\elements\\widgets\\button.py", line 1121, in _button\n    element_id = compute_and_register_element_id(\n                 ^^^^^^^^^^^^^^^^^^^^^^^^^^^^^^^^\n  File "C:\\Users\\daakara\\OneDrive - DPDHL\\Documents\\fpl_ai_agent\\.venv\\Lib\\site-packages\\streamlit\\elements\\lib\\utils.py", line 253, in compute_and_register_element_id\n    _register_element_id(ctx, element_type, element_id)\n  File "C:\\Users\\daakara\\OneDrive - DPDHL\\Documents\\fpl_ai_agent\\.venv\\Lib\\site-packages\\streamlit\\elements\\lib\\utils.py", line 145, in _register_element_id\n    raise StreamlitDuplicateElementKey(user_key)\nstreamlit.errors.StreamlitDuplicateElementKey: There are multiple elements with the same `key=\'recent_fixtures\'`. To fix this, please make sure that the `key` argument is unique for each element you create.\n'}
2025-09-19 20:46:45,169 - fpl_analytics - INFO - Performance - app_run: 0.02s - {'page': 'fixtures'}
2025-09-19 20:46:45,172 - fpl_analytics - ERROR - Error in run: {'error_type': 'StreamlitDuplicateElementKey', 'error_message': "There are multiple elements with the same `key='recent_fixtures'`. To fix this, please make sure that the `key` argument is unique for each element you create.", 'context': 'run', 'traceback': 'Traceback (most recent call last):\n  File "C:\\Users\\daakara\\OneDrive - DPDHL\\Documents\\fpl_ai_agent\\main_modular_app\\utils\\error_handling.py", line 99, in wrapper\n    return func(*args, **kwargs)\n           ^^^^^^^^^^^^^^^^^^^^^\n  File "C:\\Users\\daakara\\OneDrive - DPDHL\\Documents\\fpl_ai_agent\\main_modular_app\\core\\app_controller.py", line 154, in run\n    recent_page = self.nav_manager.render_recent_pages()\n                  ^^^^^^^^^^^^^^^^^^^^^^^^^^^^^^^^^^^^^^\n  File "C:\\Users\\daakara\\OneDrive - DPDHL\\Documents\\fpl_ai_agent\\main_modular_app\\utils\\modern_ui_components.py", line 217, in render_recent_pages\n    if st.sidebar.button(page_names.get(page, page), key=f"recent_{page}"):\n       ^^^^^^^^^^^^^^^^^^^^^^^^^^^^^^^^^^^^^^^^^^^^^^^^^^^^^^^^^^^^^^^^^^^\n  File "C:\\Users\\daakara\\OneDrive - DPDHL\\Documents\\fpl_ai_agent\\.venv\\Lib\\site-packages\\streamlit\\runtime\\metrics_util.py", line 443, in wrapped_func\n    result = non_optional_func(*args, **kwargs)\n             ^^^^^^^^^^^^^^^^^^^^^^^^^^^^^^^^^^\n  File "C:\\Users\\daakara\\OneDrive - DPDHL\\Documents\\fpl_ai_agent\\.venv\\Lib\\site-packages\\streamlit\\elements\\widgets\\button.py", line 268, in button\n    return self.dg._button(\n           ^^^^^^^^^^^^^^^^\n  File "C:\\Users\\daakara\\OneDrive - DPDHL\\Documents\\fpl_ai_agent\\.venv\\Lib\\site-packages\\streamlit\\elements\\widgets\\button.py", line 1121, in _button\n    element_id = compute_and_register_element_id(\n                 ^^^^^^^^^^^^^^^^^^^^^^^^^^^^^^^^\n  File "C:\\Users\\daakara\\OneDrive - DPDHL\\Documents\\fpl_ai_agent\\.venv\\Lib\\site-packages\\streamlit\\elements\\lib\\utils.py", line 253, in compute_and_register_element_id\n    _register_element_id(ctx, element_type, element_id)\n  File "C:\\Users\\daakara\\OneDrive - DPDHL\\Documents\\fpl_ai_agent\\.venv\\Lib\\site-packages\\streamlit\\elements\\lib\\utils.py", line 145, in _register_element_id\n    raise StreamlitDuplicateElementKey(user_key)\nstreamlit.errors.StreamlitDuplicateElementKey: There are multiple elements with the same `key=\'recent_fixtures\'`. To fix this, please make sure that the `key` argument is unique for each element you create.\n'}
2025-09-19 20:46:48,751 - fpl_analytics - ERROR - Error in app_controller_run: {'error_type': 'StreamlitDuplicateElementKey', 'error_message': "There are multiple elements with the same `key='recent_dashboard'`. To fix this, please make sure that the `key` argument is unique for each element you create.", 'context': 'app_controller_run', 'traceback': 'Traceback (most recent call last):\n  File "C:\\Users\\daakara\\OneDrive - DPDHL\\Documents\\fpl_ai_agent\\main_modular_app\\core\\app_controller.py", line 154, in run\n    recent_page = self.nav_manager.render_recent_pages()\n                  ^^^^^^^^^^^^^^^^^^^^^^^^^^^^^^^^^^^^^^\n  File "C:\\Users\\daakara\\OneDrive - DPDHL\\Documents\\fpl_ai_agent\\main_modular_app\\utils\\modern_ui_components.py", line 217, in render_recent_pages\n    if st.sidebar.button(page_names.get(page, page), key=f"recent_{page}"):\n       ^^^^^^^^^^^^^^^^^^^^^^^^^^^^^^^^^^^^^^^^^^^^^^^^^^^^^^^^^^^^^^^^^^^\n  File "C:\\Users\\daakara\\OneDrive - DPDHL\\Documents\\fpl_ai_agent\\.venv\\Lib\\site-packages\\streamlit\\runtime\\metrics_util.py", line 443, in wrapped_func\n    result = non_optional_func(*args, **kwargs)\n             ^^^^^^^^^^^^^^^^^^^^^^^^^^^^^^^^^^\n  File "C:\\Users\\daakara\\OneDrive - DPDHL\\Documents\\fpl_ai_agent\\.venv\\Lib\\site-packages\\streamlit\\elements\\widgets\\button.py", line 268, in button\n    return self.dg._button(\n           ^^^^^^^^^^^^^^^^\n  File "C:\\Users\\daakara\\OneDrive - DPDHL\\Documents\\fpl_ai_agent\\.venv\\Lib\\site-packages\\streamlit\\elements\\widgets\\button.py", line 1121, in _button\n    element_id = compute_and_register_element_id(\n                 ^^^^^^^^^^^^^^^^^^^^^^^^^^^^^^^^\n  File "C:\\Users\\daakara\\OneDrive - DPDHL\\Documents\\fpl_ai_agent\\.venv\\Lib\\site-packages\\streamlit\\elements\\lib\\utils.py", line 253, in compute_and_register_element_id\n    _register_element_id(ctx, element_type, element_id)\n  File "C:\\Users\\daakara\\OneDrive - DPDHL\\Documents\\fpl_ai_agent\\.venv\\Lib\\site-packages\\streamlit\\elements\\lib\\utils.py", line 145, in _register_element_id\n    raise StreamlitDuplicateElementKey(user_key)\nstreamlit.errors.StreamlitDuplicateElementKey: There are multiple elements with the same `key=\'recent_dashboard\'`. To fix this, please make sure that the `key` argument is unique for each element you create.\n'}
2025-09-19 20:46:48,752 - fpl_analytics - INFO - Performance - app_run: 0.02s - {'page': 'dashboard'}
2025-09-19 20:46:48,753 - fpl_analytics - ERROR - Error in run: {'error_type': 'StreamlitDuplicateElementKey', 'error_message': "There are multiple elements with the same `key='recent_dashboard'`. To fix this, please make sure that the `key` argument is unique for each element you create.", 'context': 'run', 'traceback': 'Traceback (most recent call last):\n  File "C:\\Users\\daakara\\OneDrive - DPDHL\\Documents\\fpl_ai_agent\\main_modular_app\\utils\\error_handling.py", line 99, in wrapper\n    return func(*args, **kwargs)\n           ^^^^^^^^^^^^^^^^^^^^^\n  File "C:\\Users\\daakara\\OneDrive - DPDHL\\Documents\\fpl_ai_agent\\main_modular_app\\core\\app_controller.py", line 154, in run\n    recent_page = self.nav_manager.render_recent_pages()\n                  ^^^^^^^^^^^^^^^^^^^^^^^^^^^^^^^^^^^^^^\n  File "C:\\Users\\daakara\\OneDrive - DPDHL\\Documents\\fpl_ai_agent\\main_modular_app\\utils\\modern_ui_components.py", line 217, in render_recent_pages\n    if st.sidebar.button(page_names.get(page, page), key=f"recent_{page}"):\n       ^^^^^^^^^^^^^^^^^^^^^^^^^^^^^^^^^^^^^^^^^^^^^^^^^^^^^^^^^^^^^^^^^^^\n  File "C:\\Users\\daakara\\OneDrive - DPDHL\\Documents\\fpl_ai_agent\\.venv\\Lib\\site-packages\\streamlit\\runtime\\metrics_util.py", line 443, in wrapped_func\n    result = non_optional_func(*args, **kwargs)\n             ^^^^^^^^^^^^^^^^^^^^^^^^^^^^^^^^^^\n  File "C:\\Users\\daakara\\OneDrive - DPDHL\\Documents\\fpl_ai_agent\\.venv\\Lib\\site-packages\\streamlit\\elements\\widgets\\button.py", line 268, in button\n    return self.dg._button(\n           ^^^^^^^^^^^^^^^^\n  File "C:\\Users\\daakara\\OneDrive - DPDHL\\Documents\\fpl_ai_agent\\.venv\\Lib\\site-packages\\streamlit\\elements\\widgets\\button.py", line 1121, in _button\n    element_id = compute_and_register_element_id(\n                 ^^^^^^^^^^^^^^^^^^^^^^^^^^^^^^^^\n  File "C:\\Users\\daakara\\OneDrive - DPDHL\\Documents\\fpl_ai_agent\\.venv\\Lib\\site-packages\\streamlit\\elements\\lib\\utils.py", line 253, in compute_and_register_element_id\n    _register_element_id(ctx, element_type, element_id)\n  File "C:\\Users\\daakara\\OneDrive - DPDHL\\Documents\\fpl_ai_agent\\.venv\\Lib\\site-packages\\streamlit\\elements\\lib\\utils.py", line 145, in _register_element_id\n    raise StreamlitDuplicateElementKey(user_key)\nstreamlit.errors.StreamlitDuplicateElementKey: There are multiple elements with the same `key=\'recent_dashboard\'`. To fix this, please make sure that the `key` argument is unique for each element you create.\n'}
2025-09-19 20:46:57,072 - fpl_analytics - INFO - User Action: data_refresh - Details: {'success': True}
2025-09-19 20:46:57,073 - fpl_analytics - ERROR - Error in app_controller_run: {'error_type': 'StreamlitDuplicateElementKey', 'error_message': "There are multiple elements with the same `key='recent_dashboard'`. To fix this, please make sure that the `key` argument is unique for each element you create.", 'context': 'app_controller_run', 'traceback': 'Traceback (most recent call last):\n  File "C:\\Users\\daakara\\OneDrive - DPDHL\\Documents\\fpl_ai_agent\\main_modular_app\\core\\app_controller.py", line 154, in run\n    recent_page = self.nav_manager.render_recent_pages()\n                  ^^^^^^^^^^^^^^^^^^^^^^^^^^^^^^^^^^^^^^\n  File "C:\\Users\\daakara\\OneDrive - DPDHL\\Documents\\fpl_ai_agent\\main_modular_app\\utils\\modern_ui_components.py", line 217, in render_recent_pages\n    if st.sidebar.button(page_names.get(page, page), key=f"recent_{page}"):\n       ^^^^^^^^^^^^^^^^^^^^^^^^^^^^^^^^^^^^^^^^^^^^^^^^^^^^^^^^^^^^^^^^^^^\n  File "C:\\Users\\daakara\\OneDrive - DPDHL\\Documents\\fpl_ai_agent\\.venv\\Lib\\site-packages\\streamlit\\runtime\\metrics_util.py", line 443, in wrapped_func\n    result = non_optional_func(*args, **kwargs)\n             ^^^^^^^^^^^^^^^^^^^^^^^^^^^^^^^^^^\n  File "C:\\Users\\daakara\\OneDrive - DPDHL\\Documents\\fpl_ai_agent\\.venv\\Lib\\site-packages\\streamlit\\elements\\widgets\\button.py", line 268, in button\n    return self.dg._button(\n           ^^^^^^^^^^^^^^^^\n  File "C:\\Users\\daakara\\OneDrive - DPDHL\\Documents\\fpl_ai_agent\\.venv\\Lib\\site-packages\\streamlit\\elements\\widgets\\button.py", line 1121, in _button\n    element_id = compute_and_register_element_id(\n                 ^^^^^^^^^^^^^^^^^^^^^^^^^^^^^^^^\n  File "C:\\Users\\daakara\\OneDrive - DPDHL\\Documents\\fpl_ai_agent\\.venv\\Lib\\site-packages\\streamlit\\elements\\lib\\utils.py", line 253, in compute_and_register_element_id\n    _register_element_id(ctx, element_type, element_id)\n  File "C:\\Users\\daakara\\OneDrive - DPDHL\\Documents\\fpl_ai_agent\\.venv\\Lib\\site-packages\\streamlit\\elements\\lib\\utils.py", line 145, in _register_element_id\n    raise StreamlitDuplicateElementKey(user_key)\nstreamlit.errors.StreamlitDuplicateElementKey: There are multiple elements with the same `key=\'recent_dashboard\'`. To fix this, please make sure that the `key` argument is unique for each element you create.\n'}
2025-09-19 20:46:57,079 - fpl_analytics - INFO - Performance - app_run: 1.88s - {'page': 'dashboard'}
2025-09-19 20:46:57,079 - fpl_analytics - ERROR - Error in run: {'error_type': 'StreamlitDuplicateElementKey', 'error_message': "There are multiple elements with the same `key='recent_dashboard'`. To fix this, please make sure that the `key` argument is unique for each element you create.", 'context': 'run', 'traceback': 'Traceback (most recent call last):\n  File "C:\\Users\\daakara\\OneDrive - DPDHL\\Documents\\fpl_ai_agent\\main_modular_app\\utils\\error_handling.py", line 99, in wrapper\n    return func(*args, **kwargs)\n           ^^^^^^^^^^^^^^^^^^^^^\n  File "C:\\Users\\daakara\\OneDrive - DPDHL\\Documents\\fpl_ai_agent\\main_modular_app\\core\\app_controller.py", line 154, in run\n    recent_page = self.nav_manager.render_recent_pages()\n                  ^^^^^^^^^^^^^^^^^^^^^^^^^^^^^^^^^^^^^^\n  File "C:\\Users\\daakara\\OneDrive - DPDHL\\Documents\\fpl_ai_agent\\main_modular_app\\utils\\modern_ui_components.py", line 217, in render_recent_pages\n    if st.sidebar.button(page_names.get(page, page), key=f"recent_{page}"):\n       ^^^^^^^^^^^^^^^^^^^^^^^^^^^^^^^^^^^^^^^^^^^^^^^^^^^^^^^^^^^^^^^^^^^\n  File "C:\\Users\\daakara\\OneDrive - DPDHL\\Documents\\fpl_ai_agent\\.venv\\Lib\\site-packages\\streamlit\\runtime\\metrics_util.py", line 443, in wrapped_func\n    result = non_optional_func(*args, **kwargs)\n             ^^^^^^^^^^^^^^^^^^^^^^^^^^^^^^^^^^\n  File "C:\\Users\\daakara\\OneDrive - DPDHL\\Documents\\fpl_ai_agent\\.venv\\Lib\\site-packages\\streamlit\\elements\\widgets\\button.py", line 268, in button\n    return self.dg._button(\n           ^^^^^^^^^^^^^^^^\n  File "C:\\Users\\daakara\\OneDrive - DPDHL\\Documents\\fpl_ai_agent\\.venv\\Lib\\site-packages\\streamlit\\elements\\widgets\\button.py", line 1121, in _button\n    element_id = compute_and_register_element_id(\n                 ^^^^^^^^^^^^^^^^^^^^^^^^^^^^^^^^\n  File "C:\\Users\\daakara\\OneDrive - DPDHL\\Documents\\fpl_ai_agent\\.venv\\Lib\\site-packages\\streamlit\\elements\\lib\\utils.py", line 253, in compute_and_register_element_id\n    _register_element_id(ctx, element_type, element_id)\n  File "C:\\Users\\daakara\\OneDrive - DPDHL\\Documents\\fpl_ai_agent\\.venv\\Lib\\site-packages\\streamlit\\elements\\lib\\utils.py", line 145, in _register_element_id\n    raise StreamlitDuplicateElementKey(user_key)\nstreamlit.errors.StreamlitDuplicateElementKey: There are multiple elements with the same `key=\'recent_dashboard\'`. To fix this, please make sure that the `key` argument is unique for each element you create.\n'}
2025-09-19 20:47:03,786 - fpl_analytics - ERROR - Error in app_controller_run: {'error_type': 'StreamlitDuplicateElementKey', 'error_message': "There are multiple elements with the same `key='recent_players'`. To fix this, please make sure that the `key` argument is unique for each element you create.", 'context': 'app_controller_run', 'traceback': 'Traceback (most recent call last):\n  File "C:\\Users\\daakara\\OneDrive - DPDHL\\Documents\\fpl_ai_agent\\main_modular_app\\core\\app_controller.py", line 154, in run\n    recent_page = self.nav_manager.render_recent_pages()\n                  ^^^^^^^^^^^^^^^^^^^^^^^^^^^^^^^^^^^^^^\n  File "C:\\Users\\daakara\\OneDrive - DPDHL\\Documents\\fpl_ai_agent\\main_modular_app\\utils\\modern_ui_components.py", line 217, in render_recent_pages\n    if st.sidebar.button(page_names.get(page, page), key=f"recent_{page}"):\n       ^^^^^^^^^^^^^^^^^^^^^^^^^^^^^^^^^^^^^^^^^^^^^^^^^^^^^^^^^^^^^^^^^^^\n  File "C:\\Users\\daakara\\OneDrive - DPDHL\\Documents\\fpl_ai_agent\\.venv\\Lib\\site-packages\\streamlit\\runtime\\metrics_util.py", line 443, in wrapped_func\n    result = non_optional_func(*args, **kwargs)\n             ^^^^^^^^^^^^^^^^^^^^^^^^^^^^^^^^^^\n  File "C:\\Users\\daakara\\OneDrive - DPDHL\\Documents\\fpl_ai_agent\\.venv\\Lib\\site-packages\\streamlit\\elements\\widgets\\button.py", line 268, in button\n    return self.dg._button(\n           ^^^^^^^^^^^^^^^^\n  File "C:\\Users\\daakara\\OneDrive - DPDHL\\Documents\\fpl_ai_agent\\.venv\\Lib\\site-packages\\streamlit\\elements\\widgets\\button.py", line 1121, in _button\n    element_id = compute_and_register_element_id(\n                 ^^^^^^^^^^^^^^^^^^^^^^^^^^^^^^^^\n  File "C:\\Users\\daakara\\OneDrive - DPDHL\\Documents\\fpl_ai_agent\\.venv\\Lib\\site-packages\\streamlit\\elements\\lib\\utils.py", line 253, in compute_and_register_element_id\n    _register_element_id(ctx, element_type, element_id)\n  File "C:\\Users\\daakara\\OneDrive - DPDHL\\Documents\\fpl_ai_agent\\.venv\\Lib\\site-packages\\streamlit\\elements\\lib\\utils.py", line 145, in _register_element_id\n    raise StreamlitDuplicateElementKey(user_key)\nstreamlit.errors.StreamlitDuplicateElementKey: There are multiple elements with the same `key=\'recent_players\'`. To fix this, please make sure that the `key` argument is unique for each element you create.\n'}
2025-09-19 20:47:03,788 - fpl_analytics - INFO - Performance - app_run: 0.02s - {'page': 'players'}
2025-09-19 20:47:03,791 - fpl_analytics - ERROR - Error in run: {'error_type': 'StreamlitDuplicateElementKey', 'error_message': "There are multiple elements with the same `key='recent_players'`. To fix this, please make sure that the `key` argument is unique for each element you create.", 'context': 'run', 'traceback': 'Traceback (most recent call last):\n  File "C:\\Users\\daakara\\OneDrive - DPDHL\\Documents\\fpl_ai_agent\\main_modular_app\\utils\\error_handling.py", line 99, in wrapper\n    return func(*args, **kwargs)\n           ^^^^^^^^^^^^^^^^^^^^^\n  File "C:\\Users\\daakara\\OneDrive - DPDHL\\Documents\\fpl_ai_agent\\main_modular_app\\core\\app_controller.py", line 154, in run\n    recent_page = self.nav_manager.render_recent_pages()\n                  ^^^^^^^^^^^^^^^^^^^^^^^^^^^^^^^^^^^^^^\n  File "C:\\Users\\daakara\\OneDrive - DPDHL\\Documents\\fpl_ai_agent\\main_modular_app\\utils\\modern_ui_components.py", line 217, in render_recent_pages\n    if st.sidebar.button(page_names.get(page, page), key=f"recent_{page}"):\n       ^^^^^^^^^^^^^^^^^^^^^^^^^^^^^^^^^^^^^^^^^^^^^^^^^^^^^^^^^^^^^^^^^^^\n  File "C:\\Users\\daakara\\OneDrive - DPDHL\\Documents\\fpl_ai_agent\\.venv\\Lib\\site-packages\\streamlit\\runtime\\metrics_util.py", line 443, in wrapped_func\n    result = non_optional_func(*args, **kwargs)\n             ^^^^^^^^^^^^^^^^^^^^^^^^^^^^^^^^^^\n  File "C:\\Users\\daakara\\OneDrive - DPDHL\\Documents\\fpl_ai_agent\\.venv\\Lib\\site-packages\\streamlit\\elements\\widgets\\button.py", line 268, in button\n    return self.dg._button(\n           ^^^^^^^^^^^^^^^^\n  File "C:\\Users\\daakara\\OneDrive - DPDHL\\Documents\\fpl_ai_agent\\.venv\\Lib\\site-packages\\streamlit\\elements\\widgets\\button.py", line 1121, in _button\n    element_id = compute_and_register_element_id(\n                 ^^^^^^^^^^^^^^^^^^^^^^^^^^^^^^^^\n  File "C:\\Users\\daakara\\OneDrive - DPDHL\\Documents\\fpl_ai_agent\\.venv\\Lib\\site-packages\\streamlit\\elements\\lib\\utils.py", line 253, in compute_and_register_element_id\n    _register_element_id(ctx, element_type, element_id)\n  File "C:\\Users\\daakara\\OneDrive - DPDHL\\Documents\\fpl_ai_agent\\.venv\\Lib\\site-packages\\streamlit\\elements\\lib\\utils.py", line 145, in _register_element_id\n    raise StreamlitDuplicateElementKey(user_key)\nstreamlit.errors.StreamlitDuplicateElementKey: There are multiple elements with the same `key=\'recent_players\'`. To fix this, please make sure that the `key` argument is unique for each element you create.\n'}
2025-09-19 20:47:08,228 - fpl_analytics - ERROR - Error in app_controller_run: {'error_type': 'StreamlitDuplicateElementKey', 'error_message': "There are multiple elements with the same `key='recent_players'`. To fix this, please make sure that the `key` argument is unique for each element you create.", 'context': 'app_controller_run', 'traceback': 'Traceback (most recent call last):\n  File "C:\\Users\\daakara\\OneDrive - DPDHL\\Documents\\fpl_ai_agent\\main_modular_app\\core\\app_controller.py", line 154, in run\n    recent_page = self.nav_manager.render_recent_pages()\n                  ^^^^^^^^^^^^^^^^^^^^^^^^^^^^^^^^^^^^^^\n  File "C:\\Users\\daakara\\OneDrive - DPDHL\\Documents\\fpl_ai_agent\\main_modular_app\\utils\\modern_ui_components.py", line 217, in render_recent_pages\n    if st.sidebar.button(page_names.get(page, page), key=f"recent_{page}"):\n       ^^^^^^^^^^^^^^^^^^^^^^^^^^^^^^^^^^^^^^^^^^^^^^^^^^^^^^^^^^^^^^^^^^^\n  File "C:\\Users\\daakara\\OneDrive - DPDHL\\Documents\\fpl_ai_agent\\.venv\\Lib\\site-packages\\streamlit\\runtime\\metrics_util.py", line 443, in wrapped_func\n    result = non_optional_func(*args, **kwargs)\n             ^^^^^^^^^^^^^^^^^^^^^^^^^^^^^^^^^^\n  File "C:\\Users\\daakara\\OneDrive - DPDHL\\Documents\\fpl_ai_agent\\.venv\\Lib\\site-packages\\streamlit\\elements\\widgets\\button.py", line 268, in button\n    return self.dg._button(\n           ^^^^^^^^^^^^^^^^\n  File "C:\\Users\\daakara\\OneDrive - DPDHL\\Documents\\fpl_ai_agent\\.venv\\Lib\\site-packages\\streamlit\\elements\\widgets\\button.py", line 1121, in _button\n    element_id = compute_and_register_element_id(\n                 ^^^^^^^^^^^^^^^^^^^^^^^^^^^^^^^^\n  File "C:\\Users\\daakara\\OneDrive - DPDHL\\Documents\\fpl_ai_agent\\.venv\\Lib\\site-packages\\streamlit\\elements\\lib\\utils.py", line 253, in compute_and_register_element_id\n    _register_element_id(ctx, element_type, element_id)\n  File "C:\\Users\\daakara\\OneDrive - DPDHL\\Documents\\fpl_ai_agent\\.venv\\Lib\\site-packages\\streamlit\\elements\\lib\\utils.py", line 145, in _register_element_id\n    raise StreamlitDuplicateElementKey(user_key)\nstreamlit.errors.StreamlitDuplicateElementKey: There are multiple elements with the same `key=\'recent_players\'`. To fix this, please make sure that the `key` argument is unique for each element you create.\n'}
2025-09-19 20:47:08,229 - fpl_analytics - INFO - Performance - app_run: 0.01s - {'page': 'my_team'}
2025-09-19 20:47:08,231 - fpl_analytics - ERROR - Error in run: {'error_type': 'StreamlitDuplicateElementKey', 'error_message': "There are multiple elements with the same `key='recent_players'`. To fix this, please make sure that the `key` argument is unique for each element you create.", 'context': 'run', 'traceback': 'Traceback (most recent call last):\n  File "C:\\Users\\daakara\\OneDrive - DPDHL\\Documents\\fpl_ai_agent\\main_modular_app\\utils\\error_handling.py", line 99, in wrapper\n    return func(*args, **kwargs)\n           ^^^^^^^^^^^^^^^^^^^^^\n  File "C:\\Users\\daakara\\OneDrive - DPDHL\\Documents\\fpl_ai_agent\\main_modular_app\\core\\app_controller.py", line 154, in run\n    recent_page = self.nav_manager.render_recent_pages()\n                  ^^^^^^^^^^^^^^^^^^^^^^^^^^^^^^^^^^^^^^\n  File "C:\\Users\\daakara\\OneDrive - DPDHL\\Documents\\fpl_ai_agent\\main_modular_app\\utils\\modern_ui_components.py", line 217, in render_recent_pages\n    if st.sidebar.button(page_names.get(page, page), key=f"recent_{page}"):\n       ^^^^^^^^^^^^^^^^^^^^^^^^^^^^^^^^^^^^^^^^^^^^^^^^^^^^^^^^^^^^^^^^^^^\n  File "C:\\Users\\daakara\\OneDrive - DPDHL\\Documents\\fpl_ai_agent\\.venv\\Lib\\site-packages\\streamlit\\runtime\\metrics_util.py", line 443, in wrapped_func\n    result = non_optional_func(*args, **kwargs)\n             ^^^^^^^^^^^^^^^^^^^^^^^^^^^^^^^^^^\n  File "C:\\Users\\daakara\\OneDrive - DPDHL\\Documents\\fpl_ai_agent\\.venv\\Lib\\site-packages\\streamlit\\elements\\widgets\\button.py", line 268, in button\n    return self.dg._button(\n           ^^^^^^^^^^^^^^^^\n  File "C:\\Users\\daakara\\OneDrive - DPDHL\\Documents\\fpl_ai_agent\\.venv\\Lib\\site-packages\\streamlit\\elements\\widgets\\button.py", line 1121, in _button\n    element_id = compute_and_register_element_id(\n                 ^^^^^^^^^^^^^^^^^^^^^^^^^^^^^^^^\n  File "C:\\Users\\daakara\\OneDrive - DPDHL\\Documents\\fpl_ai_agent\\.venv\\Lib\\site-packages\\streamlit\\elements\\lib\\utils.py", line 253, in compute_and_register_element_id\n    _register_element_id(ctx, element_type, element_id)\n  File "C:\\Users\\daakara\\OneDrive - DPDHL\\Documents\\fpl_ai_agent\\.venv\\Lib\\site-packages\\streamlit\\elements\\lib\\utils.py", line 145, in _register_element_id\n    raise StreamlitDuplicateElementKey(user_key)\nstreamlit.errors.StreamlitDuplicateElementKey: There are multiple elements with the same `key=\'recent_players\'`. To fix this, please make sure that the `key` argument is unique for each element you create.\n'}
2025-09-19 20:51:16,744 - fpl_analytics - ERROR - Error in app_controller_run: {'error_type': 'StreamlitDuplicateElementKey', 'error_message': "There are multiple elements with the same `key='recent_players'`. To fix this, please make sure that the `key` argument is unique for each element you create.", 'context': 'app_controller_run', 'traceback': 'Traceback (most recent call last):\n  File "C:\\Users\\daakara\\OneDrive - DPDHL\\Documents\\fpl_ai_agent\\main_modular_app\\core\\app_controller.py", line 154, in run\n    recent_page = self.nav_manager.render_recent_pages()\n                  ^^^^^^^^^^^^^^^^^^^^^^^^^^^^^^^^^^^^^^\n  File "C:\\Users\\daakara\\OneDrive - DPDHL\\Documents\\fpl_ai_agent\\main_modular_app\\utils\\modern_ui_components.py", line 217, in render_recent_pages\n    unique_recent_pages = []\n           ^^^^^^^^^^^^^^^^^^\n  File "C:\\Users\\daakara\\OneDrive - DPDHL\\Documents\\fpl_ai_agent\\.venv\\Lib\\site-packages\\streamlit\\runtime\\metrics_util.py", line 443, in wrapped_func\n    result = non_optional_func(*args, **kwargs)\n             ^^^^^^^^^^^^^^^^^^^^^^^^^^^^^^^^^^\n  File "C:\\Users\\daakara\\OneDrive - DPDHL\\Documents\\fpl_ai_agent\\.venv\\Lib\\site-packages\\streamlit\\elements\\widgets\\button.py", line 268, in button\n    return self.dg._button(\n           ^^^^^^^^^^^^^^^^\n  File "C:\\Users\\daakara\\OneDrive - DPDHL\\Documents\\fpl_ai_agent\\.venv\\Lib\\site-packages\\streamlit\\elements\\widgets\\button.py", line 1121, in _button\n    element_id = compute_and_register_element_id(\n                 ^^^^^^^^^^^^^^^^^^^^^^^^^^^^^^^^\n  File "C:\\Users\\daakara\\OneDrive - DPDHL\\Documents\\fpl_ai_agent\\.venv\\Lib\\site-packages\\streamlit\\elements\\lib\\utils.py", line 253, in compute_and_register_element_id\n    _register_element_id(ctx, element_type, element_id)\n  File "C:\\Users\\daakara\\OneDrive - DPDHL\\Documents\\fpl_ai_agent\\.venv\\Lib\\site-packages\\streamlit\\elements\\lib\\utils.py", line 145, in _register_element_id\n    raise StreamlitDuplicateElementKey(user_key)\nstreamlit.errors.StreamlitDuplicateElementKey: There are multiple elements with the same `key=\'recent_players\'`. To fix this, please make sure that the `key` argument is unique for each element you create.\n'}
2025-09-19 20:51:16,747 - fpl_analytics - INFO - Performance - app_run: 0.02s - {'page': 'my_team'}
2025-09-19 20:51:16,749 - fpl_analytics - ERROR - Error in run: {'error_type': 'StreamlitDuplicateElementKey', 'error_message': "There are multiple elements with the same `key='recent_players'`. To fix this, please make sure that the `key` argument is unique for each element you create.", 'context': 'run', 'traceback': 'Traceback (most recent call last):\n  File "C:\\Users\\daakara\\OneDrive - DPDHL\\Documents\\fpl_ai_agent\\main_modular_app\\utils\\error_handling.py", line 99, in wrapper\n    return func(*args, **kwargs)\n           ^^^^^^^^^^^^^^^^^^^^^\n  File "C:\\Users\\daakara\\OneDrive - DPDHL\\Documents\\fpl_ai_agent\\main_modular_app\\core\\app_controller.py", line 154, in run\n    recent_page = self.nav_manager.render_recent_pages()\n                  ^^^^^^^^^^^^^^^^^^^^^^^^^^^^^^^^^^^^^^\n  File "C:\\Users\\daakara\\OneDrive - DPDHL\\Documents\\fpl_ai_agent\\main_modular_app\\utils\\modern_ui_components.py", line 217, in render_recent_pages\n    unique_recent_pages = []\n           ^^^^^^^^^^^^^^^^^^\n  File "C:\\Users\\daakara\\OneDrive - DPDHL\\Documents\\fpl_ai_agent\\.venv\\Lib\\site-packages\\streamlit\\runtime\\metrics_util.py", line 443, in wrapped_func\n    result = non_optional_func(*args, **kwargs)\n             ^^^^^^^^^^^^^^^^^^^^^^^^^^^^^^^^^^\n  File "C:\\Users\\daakara\\OneDrive - DPDHL\\Documents\\fpl_ai_agent\\.venv\\Lib\\site-packages\\streamlit\\elements\\widgets\\button.py", line 268, in button\n    return self.dg._button(\n           ^^^^^^^^^^^^^^^^\n  File "C:\\Users\\daakara\\OneDrive - DPDHL\\Documents\\fpl_ai_agent\\.venv\\Lib\\site-packages\\streamlit\\elements\\widgets\\button.py", line 1121, in _button\n    element_id = compute_and_register_element_id(\n                 ^^^^^^^^^^^^^^^^^^^^^^^^^^^^^^^^\n  File "C:\\Users\\daakara\\OneDrive - DPDHL\\Documents\\fpl_ai_agent\\.venv\\Lib\\site-packages\\streamlit\\elements\\lib\\utils.py", line 253, in compute_and_register_element_id\n    _register_element_id(ctx, element_type, element_id)\n  File "C:\\Users\\daakara\\OneDrive - DPDHL\\Documents\\fpl_ai_agent\\.venv\\Lib\\site-packages\\streamlit\\elements\\lib\\utils.py", line 145, in _register_element_id\n    raise StreamlitDuplicateElementKey(user_key)\nstreamlit.errors.StreamlitDuplicateElementKey: There are multiple elements with the same `key=\'recent_players\'`. To fix this, please make sure that the `key` argument is unique for each element you create.\n'}
2025-09-19 20:51:24,601 - fpl_analytics - ERROR - Error in app_controller_run: {'error_type': 'StreamlitDuplicateElementKey', 'error_message': "There are multiple elements with the same `key='recent_players'`. To fix this, please make sure that the `key` argument is unique for each element you create.", 'context': 'app_controller_run', 'traceback': 'Traceback (most recent call last):\n  File "C:\\Users\\daakara\\OneDrive - DPDHL\\Documents\\fpl_ai_agent\\main_modular_app\\core\\app_controller.py", line 154, in run\n    recent_page = self.nav_manager.render_recent_pages()\n                  ^^^^^^^^^^^^^^^^^^^^^^^^^^^^^^^^^^^^^^\n  File "C:\\Users\\daakara\\OneDrive - DPDHL\\Documents\\fpl_ai_agent\\main_modular_app\\utils\\modern_ui_components.py", line 217, in render_recent_pages\n    unique_recent_pages = []\n           ^^^^^^^^^^^^^^^^^^\n  File "C:\\Users\\daakara\\OneDrive - DPDHL\\Documents\\fpl_ai_agent\\.venv\\Lib\\site-packages\\streamlit\\runtime\\metrics_util.py", line 443, in wrapped_func\n    result = non_optional_func(*args, **kwargs)\n             ^^^^^^^^^^^^^^^^^^^^^^^^^^^^^^^^^^\n  File "C:\\Users\\daakara\\OneDrive - DPDHL\\Documents\\fpl_ai_agent\\.venv\\Lib\\site-packages\\streamlit\\elements\\widgets\\button.py", line 268, in button\n    return self.dg._button(\n           ^^^^^^^^^^^^^^^^\n  File "C:\\Users\\daakara\\OneDrive - DPDHL\\Documents\\fpl_ai_agent\\.venv\\Lib\\site-packages\\streamlit\\elements\\widgets\\button.py", line 1121, in _button\n    element_id = compute_and_register_element_id(\n                 ^^^^^^^^^^^^^^^^^^^^^^^^^^^^^^^^\n  File "C:\\Users\\daakara\\OneDrive - DPDHL\\Documents\\fpl_ai_agent\\.venv\\Lib\\site-packages\\streamlit\\elements\\lib\\utils.py", line 253, in compute_and_register_element_id\n    _register_element_id(ctx, element_type, element_id)\n  File "C:\\Users\\daakara\\OneDrive - DPDHL\\Documents\\fpl_ai_agent\\.venv\\Lib\\site-packages\\streamlit\\elements\\lib\\utils.py", line 145, in _register_element_id\n    raise StreamlitDuplicateElementKey(user_key)\nstreamlit.errors.StreamlitDuplicateElementKey: There are multiple elements with the same `key=\'recent_players\'`. To fix this, please make sure that the `key` argument is unique for each element you create.\n'}
2025-09-19 20:51:24,603 - fpl_analytics - INFO - Performance - app_run: 0.02s - {'page': 'my_team'}
2025-09-19 20:51:24,605 - fpl_analytics - ERROR - Error in run: {'error_type': 'StreamlitDuplicateElementKey', 'error_message': "There are multiple elements with the same `key='recent_players'`. To fix this, please make sure that the `key` argument is unique for each element you create.", 'context': 'run', 'traceback': 'Traceback (most recent call last):\n  File "C:\\Users\\daakara\\OneDrive - DPDHL\\Documents\\fpl_ai_agent\\main_modular_app\\utils\\error_handling.py", line 99, in wrapper\n    return func(*args, **kwargs)\n           ^^^^^^^^^^^^^^^^^^^^^\n  File "C:\\Users\\daakara\\OneDrive - DPDHL\\Documents\\fpl_ai_agent\\main_modular_app\\core\\app_controller.py", line 154, in run\n    recent_page = self.nav_manager.render_recent_pages()\n                  ^^^^^^^^^^^^^^^^^^^^^^^^^^^^^^^^^^^^^^\n  File "C:\\Users\\daakara\\OneDrive - DPDHL\\Documents\\fpl_ai_agent\\main_modular_app\\utils\\modern_ui_components.py", line 217, in render_recent_pages\n    unique_recent_pages = []\n           ^^^^^^^^^^^^^^^^^^\n  File "C:\\Users\\daakara\\OneDrive - DPDHL\\Documents\\fpl_ai_agent\\.venv\\Lib\\site-packages\\streamlit\\runtime\\metrics_util.py", line 443, in wrapped_func\n    result = non_optional_func(*args, **kwargs)\n             ^^^^^^^^^^^^^^^^^^^^^^^^^^^^^^^^^^\n  File "C:\\Users\\daakara\\OneDrive - DPDHL\\Documents\\fpl_ai_agent\\.venv\\Lib\\site-packages\\streamlit\\elements\\widgets\\button.py", line 268, in button\n    return self.dg._button(\n           ^^^^^^^^^^^^^^^^\n  File "C:\\Users\\daakara\\OneDrive - DPDHL\\Documents\\fpl_ai_agent\\.venv\\Lib\\site-packages\\streamlit\\elements\\widgets\\button.py", line 1121, in _button\n    element_id = compute_and_register_element_id(\n                 ^^^^^^^^^^^^^^^^^^^^^^^^^^^^^^^^\n  File "C:\\Users\\daakara\\OneDrive - DPDHL\\Documents\\fpl_ai_agent\\.venv\\Lib\\site-packages\\streamlit\\elements\\lib\\utils.py", line 253, in compute_and_register_element_id\n    _register_element_id(ctx, element_type, element_id)\n  File "C:\\Users\\daakara\\OneDrive - DPDHL\\Documents\\fpl_ai_agent\\.venv\\Lib\\site-packages\\streamlit\\elements\\lib\\utils.py", line 145, in _register_element_id\n    raise StreamlitDuplicateElementKey(user_key)\nstreamlit.errors.StreamlitDuplicateElementKey: There are multiple elements with the same `key=\'recent_players\'`. To fix this, please make sure that the `key` argument is unique for each element you create.\n'}
2025-09-19 20:51:30,573 - fpl_analytics - ERROR - Error in app_controller_run: {'error_type': 'StreamlitDuplicateElementKey', 'error_message': "There are multiple elements with the same `key='recent_players'`. To fix this, please make sure that the `key` argument is unique for each element you create.", 'context': 'app_controller_run', 'traceback': 'Traceback (most recent call last):\n  File "C:\\Users\\daakara\\OneDrive - DPDHL\\Documents\\fpl_ai_agent\\main_modular_app\\core\\app_controller.py", line 154, in run\n    recent_page = self.nav_manager.render_recent_pages()\n                  ^^^^^^^^^^^^^^^^^^^^^^^^^^^^^^^^^^^^^^\n  File "C:\\Users\\daakara\\OneDrive - DPDHL\\Documents\\fpl_ai_agent\\main_modular_app\\utils\\modern_ui_components.py", line 217, in render_recent_pages\n    unique_recent_pages = []\n           ^^^^^^^^^^^^^^^^^^\n  File "C:\\Users\\daakara\\OneDrive - DPDHL\\Documents\\fpl_ai_agent\\.venv\\Lib\\site-packages\\streamlit\\runtime\\metrics_util.py", line 443, in wrapped_func\n    result = non_optional_func(*args, **kwargs)\n             ^^^^^^^^^^^^^^^^^^^^^^^^^^^^^^^^^^\n  File "C:\\Users\\daakara\\OneDrive - DPDHL\\Documents\\fpl_ai_agent\\.venv\\Lib\\site-packages\\streamlit\\elements\\widgets\\button.py", line 268, in button\n    return self.dg._button(\n           ^^^^^^^^^^^^^^^^\n  File "C:\\Users\\daakara\\OneDrive - DPDHL\\Documents\\fpl_ai_agent\\.venv\\Lib\\site-packages\\streamlit\\elements\\widgets\\button.py", line 1121, in _button\n    element_id = compute_and_register_element_id(\n                 ^^^^^^^^^^^^^^^^^^^^^^^^^^^^^^^^\n  File "C:\\Users\\daakara\\OneDrive - DPDHL\\Documents\\fpl_ai_agent\\.venv\\Lib\\site-packages\\streamlit\\elements\\lib\\utils.py", line 253, in compute_and_register_element_id\n    _register_element_id(ctx, element_type, element_id)\n  File "C:\\Users\\daakara\\OneDrive - DPDHL\\Documents\\fpl_ai_agent\\.venv\\Lib\\site-packages\\streamlit\\elements\\lib\\utils.py", line 145, in _register_element_id\n    raise StreamlitDuplicateElementKey(user_key)\nstreamlit.errors.StreamlitDuplicateElementKey: There are multiple elements with the same `key=\'recent_players\'`. To fix this, please make sure that the `key` argument is unique for each element you create.\n'}
2025-09-19 20:51:30,575 - fpl_analytics - INFO - Performance - app_run: 1.29s - {'page': 'my_team'}
2025-09-19 20:51:30,575 - fpl_analytics - ERROR - Error in run: {'error_type': 'StreamlitDuplicateElementKey', 'error_message': "There are multiple elements with the same `key='recent_players'`. To fix this, please make sure that the `key` argument is unique for each element you create.", 'context': 'run', 'traceback': 'Traceback (most recent call last):\n  File "C:\\Users\\daakara\\OneDrive - DPDHL\\Documents\\fpl_ai_agent\\main_modular_app\\utils\\error_handling.py", line 99, in wrapper\n    return func(*args, **kwargs)\n           ^^^^^^^^^^^^^^^^^^^^^\n  File "C:\\Users\\daakara\\OneDrive - DPDHL\\Documents\\fpl_ai_agent\\main_modular_app\\core\\app_controller.py", line 154, in run\n    recent_page = self.nav_manager.render_recent_pages()\n                  ^^^^^^^^^^^^^^^^^^^^^^^^^^^^^^^^^^^^^^\n  File "C:\\Users\\daakara\\OneDrive - DPDHL\\Documents\\fpl_ai_agent\\main_modular_app\\utils\\modern_ui_components.py", line 217, in render_recent_pages\n    unique_recent_pages = []\n           ^^^^^^^^^^^^^^^^^^\n  File "C:\\Users\\daakara\\OneDrive - DPDHL\\Documents\\fpl_ai_agent\\.venv\\Lib\\site-packages\\streamlit\\runtime\\metrics_util.py", line 443, in wrapped_func\n    result = non_optional_func(*args, **kwargs)\n             ^^^^^^^^^^^^^^^^^^^^^^^^^^^^^^^^^^\n  File "C:\\Users\\daakara\\OneDrive - DPDHL\\Documents\\fpl_ai_agent\\.venv\\Lib\\site-packages\\streamlit\\elements\\widgets\\button.py", line 268, in button\n    return self.dg._button(\n           ^^^^^^^^^^^^^^^^\n  File "C:\\Users\\daakara\\OneDrive - DPDHL\\Documents\\fpl_ai_agent\\.venv\\Lib\\site-packages\\streamlit\\elements\\widgets\\button.py", line 1121, in _button\n    element_id = compute_and_register_element_id(\n                 ^^^^^^^^^^^^^^^^^^^^^^^^^^^^^^^^\n  File "C:\\Users\\daakara\\OneDrive - DPDHL\\Documents\\fpl_ai_agent\\.venv\\Lib\\site-packages\\streamlit\\elements\\lib\\utils.py", line 253, in compute_and_register_element_id\n    _register_element_id(ctx, element_type, element_id)\n  File "C:\\Users\\daakara\\OneDrive - DPDHL\\Documents\\fpl_ai_agent\\.venv\\Lib\\site-packages\\streamlit\\elements\\lib\\utils.py", line 145, in _register_element_id\n    raise StreamlitDuplicateElementKey(user_key)\nstreamlit.errors.StreamlitDuplicateElementKey: There are multiple elements with the same `key=\'recent_players\'`. To fix this, please make sure that the `key` argument is unique for each element you create.\n'}
2025-09-19 20:51:58,233 - fpl_analytics - INFO - Performance - page_render_dashboard: 0.00s
2025-09-19 20:51:58,238 - fpl_analytics - INFO - Performance - app_run: 0.02s - {'page': 'dashboard'}
2025-09-19 21:02:52,429 - fpl_analytics - INFO - Performance - app_run: 0.02s - {'page': 'dashboard'}
2025-09-19 21:02:52,951 - fpl_analytics - INFO - Performance - page_render_dashboard: 0.41s
2025-09-19 21:02:52,956 - fpl_analytics - INFO - Performance - app_run: 0.43s - {'page': 'dashboard'}
2025-09-19 21:03:06,403 - fpl_analytics - ERROR - Error in app_controller_run: {'error_type': 'StreamlitAPIException', 'error_message': 'Could not find page: `fixtures`. Must be the file path relative to the main script, from the directory: `main_modular_app`. Only the main app file and files in the `pages/` directory are supported.', 'context': 'app_controller_run', 'traceback': 'Traceback (most recent call last):\n  File "C:\\Users\\daakara\\OneDrive - DPDHL\\Documents\\fpl_ai_agent\\main_modular_app\\core\\app_controller.py", line 167, in run\n    self.render_enhanced_dashboard()\n  File "C:\\Users\\daakara\\OneDrive - DPDHL\\Documents\\fpl_ai_agent\\main_modular_app\\core\\app_controller.py", line 384, in render_enhanced_dashboard\n    st.switch_page("fixtures")\n  File "C:\\Users\\daakara\\OneDrive - DPDHL\\Documents\\fpl_ai_agent\\.venv\\Lib\\site-packages\\streamlit\\runtime\\metrics_util.py", line 443, in wrapped_func\n    result = non_optional_func(*args, **kwargs)\n             ^^^^^^^^^^^^^^^^^^^^^^^^^^^^^^^^^^\n  File "C:\\Users\\daakara\\OneDrive - DPDHL\\Documents\\fpl_ai_agent\\.venv\\Lib\\site-packages\\streamlit\\commands\\execution_control.py", line 222, in switch_page\n    raise StreamlitAPIException(\nstreamlit.errors.StreamlitAPIException: Could not find page: `fixtures`. Must be the file path relative to the main script, from the directory: `main_modular_app`. Only the main app file and files in the `pages/` directory are supported.\n'}
2025-09-19 21:03:06,404 - fpl_analytics - INFO - Performance - app_run: 0.09s - {'page': 'dashboard'}
2025-09-19 21:03:06,406 - fpl_analytics - ERROR - Error in run: {'error_type': 'StreamlitAPIException', 'error_message': 'Could not find page: `fixtures`. Must be the file path relative to the main script, from the directory: `main_modular_app`. Only the main app file and files in the `pages/` directory are supported.', 'context': 'run', 'traceback': 'Traceback (most recent call last):\n  File "C:\\Users\\daakara\\OneDrive - DPDHL\\Documents\\fpl_ai_agent\\main_modular_app\\utils\\error_handling.py", line 99, in wrapper\n    return func(*args, **kwargs)\n           ^^^^^^^^^^^^^^^^^^^^^\n  File "C:\\Users\\daakara\\OneDrive - DPDHL\\Documents\\fpl_ai_agent\\main_modular_app\\core\\app_controller.py", line 167, in run\n    self.render_enhanced_dashboard()\n  File "C:\\Users\\daakara\\OneDrive - DPDHL\\Documents\\fpl_ai_agent\\main_modular_app\\core\\app_controller.py", line 384, in render_enhanced_dashboard\n    st.switch_page("fixtures")\n  File "C:\\Users\\daakara\\OneDrive - DPDHL\\Documents\\fpl_ai_agent\\.venv\\Lib\\site-packages\\streamlit\\runtime\\metrics_util.py", line 443, in wrapped_func\n    result = non_optional_func(*args, **kwargs)\n             ^^^^^^^^^^^^^^^^^^^^^^^^^^^^^^^^^^\n  File "C:\\Users\\daakara\\OneDrive - DPDHL\\Documents\\fpl_ai_agent\\.venv\\Lib\\site-packages\\streamlit\\commands\\execution_control.py", line 222, in switch_page\n    raise StreamlitAPIException(\nstreamlit.errors.StreamlitAPIException: Could not find page: `fixtures`. Must be the file path relative to the main script, from the directory: `main_modular_app`. Only the main app file and files in the `pages/` directory are supported.\n'}
2025-09-19 21:03:18,136 - fpl_analytics - INFO - Performance - page_render_fixtures: 1.88s
2025-09-19 21:03:18,140 - fpl_analytics - INFO - Performance - app_run: 1.90s - {'page': 'fixtures'}
2025-09-19 21:04:13,077 - fpl_analytics - INFO - Performance - page_render_my_team: 1.26s
2025-09-19 21:04:13,077 - fpl_analytics - INFO - Performance - app_run: 1.27s - {'page': 'my_team'}
2025-09-19 21:04:17,594 - fpl_analytics - INFO - Performance - app_run: 1.35s - {'page': 'my_team'}
2025-09-19 21:04:19,593 - fpl_analytics - INFO - Performance - app_run: 2.65s - {'page': 'my_team'}
2025-09-19 21:04:20,005 - fpl_analytics - INFO - Performance - page_render_my_team: 0.28s
2025-09-19 21:04:20,008 - fpl_analytics - INFO - Performance - app_run: 0.29s - {'page': 'my_team'}
2025-09-19 21:05:21,139 - fpl_analytics - INFO - Performance - page_render_dashboard: 0.00s
2025-09-19 21:05:21,144 - fpl_analytics - INFO - Performance - app_run: 0.02s - {'page': 'dashboard'}
