2025-09-19 18:06:38,890 - fpl_analytics - INFO - Performance - page_render_dashboard: 0.00s
2025-09-19 18:06:38,946 - fpl_analytics - INFO - Performance - app_run: 0.11s - {'page': 'dashboard'}
2025-09-19 18:07:08,585 - fpl_analytics - INFO - Performance - page_render_dashboard: 1.39s
2025-09-19 18:07:08,600 - fpl_analytics - INFO - Performance - app_run: 2.76s - {'page': 'dashboard'}
2025-09-19 18:09:21,039 - fpl_analytics - INFO - Performance - page_render_players: 0.60s
2025-09-19 18:09:21,055 - fpl_analytics - INFO - Performance - app_run: 0.64s - {'page': 'players'}
2025-09-19 18:10:20,796 - fpl_analytics - INFO - Performance - page_render_my_team: 7.79s
2025-09-19 18:10:20,821 - fpl_analytics - INFO - Performance - app_run: 7.86s - {'page': 'my_team'}
2025-09-19 18:10:25,586 - fpl_analytics - INFO - Performance - page_render_my_team: 0.87s
2025-09-19 18:10:25,607 - fpl_analytics - INFO - Performance - app_run: 0.93s - {'page': 'my_team'}
2025-09-19 18:10:29,008 - fpl_analytics - INFO - Performance - app_run: 2.25s - {'page': 'my_team'}
2025-09-19 18:10:33,660 - fpl_analytics - INFO - Performance - page_render_my_team: 4.40s
2025-09-19 18:10:33,660 - fpl_analytics - INFO - Performance - app_run: 4.45s - {'page': 'my_team'}
2025-09-19 18:37:43,782 - fpl_analytics - ERROR - Error in app_controller_run: {'error_type': 'AttributeError', 'error_message': 'st.session_state has no attribute "data_loaded". Did you forget to initialize it? More info: https://docs.streamlit.io/develop/concepts/architecture/session-state#initialization', 'context': 'app_controller_run', 'traceback': 'Traceback (most recent call last):\n  File "C:\\Users\\daakara\\OneDrive - DPDHL\\Documents\\fpl_ai_agent\\.venv\\Lib\\site-packages\\streamlit\\runtime\\state\\session_state.py", line 469, in __getitem__\n    return self._getitem(widget_id, key)\n           ^^^^^^^^^^^^^^^^^^^^^^^^^^^^^\n  File "C:\\Users\\daakara\\OneDrive - DPDHL\\Documents\\fpl_ai_agent\\.venv\\Lib\\site-packages\\streamlit\\runtime\\state\\session_state.py", line 517, in _getitem\n    raise KeyError\nKeyError\n\nDuring handling of the above exception, another exception occurred:\n\nTraceback (most recent call last):\n  File "C:\\Users\\daakara\\OneDrive - DPDHL\\Documents\\fpl_ai_agent\\.venv\\Lib\\site-packages\\streamlit\\runtime\\state\\session_state_proxy.py", line 130, in __getattr__\n    return self[key]\n           ~~~~^^^^^\n  File "C:\\Users\\daakara\\OneDrive - DPDHL\\Documents\\fpl_ai_agent\\.venv\\Lib\\site-packages\\streamlit\\runtime\\state\\session_state_proxy.py", line 101, in __getitem__\n    return get_session_state()[key]\n           ~~~~~~~~~~~~~~~~~~~^^^^^\n  File "C:\\Users\\daakara\\OneDrive - DPDHL\\Documents\\fpl_ai_agent\\.venv\\Lib\\site-packages\\streamlit\\runtime\\state\\safe_session_state.py", line 104, in __getitem__\n    return self._state[key]\n           ~~~~~~~~~~~^^^^^\n  File "C:\\Users\\daakara\\OneDrive - DPDHL\\Documents\\fpl_ai_agent\\.venv\\Lib\\site-packages\\streamlit\\runtime\\state\\session_state.py", line 471, in __getitem__\n    raise KeyError(_missing_key_error_message(key))\nKeyError: \'st.session_state has no key "data_loaded". Did you forget to initialize it? More info: https://docs.streamlit.io/develop/concepts/architecture/session-state#initialization\'\n\nDuring handling of the above exception, another exception occurred:\n\nTraceback (most recent call last):\n  File "C:\\Users\\daakara\\OneDrive - DPDHL\\Documents\\fpl_ai_agent\\main_modular_app\\core\\app_controller.py", line 133, in run\n    # Ensure session state is properly initialized\n    ^^^^^^^^^^^^^^^^^^^^^^^^^^^^^\n  File "C:\\Users\\daakara\\OneDrive - DPDHL\\Documents\\fpl_ai_agent\\main_modular_app\\core\\app_controller.py", line 213, in render_enhanced_header\n    # Status indicators\n                        \n  File "C:\\Users\\daakara\\OneDrive - DPDHL\\Documents\\fpl_ai_agent\\.venv\\Lib\\site-packages\\streamlit\\runtime\\state\\session_state_proxy.py", line 132, in __getattr__\n    raise AttributeError(_missing_attr_error_message(key))\nAttributeError: st.session_state has no attribute "data_loaded". Did you forget to initialize it? More info: https://docs.streamlit.io/develop/concepts/architecture/session-state#initialization\n'}
2025-09-19 18:37:43,783 - fpl_analytics - ERROR - Error in run: {'error_type': 'UnboundLocalError', 'error_message': "cannot access local variable 'selected_page' where it is not associated with a value", 'context': 'run', 'traceback': 'Traceback (most recent call last):\n  File "C:\\Users\\daakara\\OneDrive - DPDHL\\Documents\\fpl_ai_agent\\.venv\\Lib\\site-packages\\streamlit\\runtime\\state\\session_state.py", line 469, in __getitem__\n    return self._getitem(widget_id, key)\n           ^^^^^^^^^^^^^^^^^^^^^^^^^^^^^\n  File "C:\\Users\\daakara\\OneDrive - DPDHL\\Documents\\fpl_ai_agent\\.venv\\Lib\\site-packages\\streamlit\\runtime\\state\\session_state.py", line 517, in _getitem\n    raise KeyError\nKeyError\n\nDuring handling of the above exception, another exception occurred:\n\nTraceback (most recent call last):\n  File "C:\\Users\\daakara\\OneDrive - DPDHL\\Documents\\fpl_ai_agent\\.venv\\Lib\\site-packages\\streamlit\\runtime\\state\\session_state_proxy.py", line 130, in __getattr__\n    return self[key]\n           ~~~~^^^^^\n  File "C:\\Users\\daakara\\OneDrive - DPDHL\\Documents\\fpl_ai_agent\\.venv\\Lib\\site-packages\\streamlit\\runtime\\state\\session_state_proxy.py", line 101, in __getitem__\n    return get_session_state()[key]\n           ~~~~~~~~~~~~~~~~~~~^^^^^\n  File "C:\\Users\\daakara\\OneDrive - DPDHL\\Documents\\fpl_ai_agent\\.venv\\Lib\\site-packages\\streamlit\\runtime\\state\\safe_session_state.py", line 104, in __getitem__\n    return self._state[key]\n           ~~~~~~~~~~~^^^^^\n  File "C:\\Users\\daakara\\OneDrive - DPDHL\\Documents\\fpl_ai_agent\\.venv\\Lib\\site-packages\\streamlit\\runtime\\state\\session_state.py", line 471, in __getitem__\n    raise KeyError(_missing_key_error_message(key))\nKeyError: \'st.session_state has no key "data_loaded". Did you forget to initialize it? More info: https://docs.streamlit.io/develop/concepts/architecture/session-state#initialization\'\n\nDuring handling of the above exception, another exception occurred:\n\nTraceback (most recent call last):\n  File "C:\\Users\\daakara\\OneDrive - DPDHL\\Documents\\fpl_ai_agent\\main_modular_app\\core\\app_controller.py", line 133, in run\n    # Ensure session state is properly initialized\n    ^^^^^^^^^^^^^^^^^^^^^^^^^^^^^\n  File "C:\\Users\\daakara\\OneDrive - DPDHL\\Documents\\fpl_ai_agent\\main_modular_app\\core\\app_controller.py", line 213, in render_enhanced_header\n    # Status indicators\n                        \n  File "C:\\Users\\daakara\\OneDrive - DPDHL\\Documents\\fpl_ai_agent\\.venv\\Lib\\site-packages\\streamlit\\runtime\\state\\session_state_proxy.py", line 132, in __getattr__\n    raise AttributeError(_missing_attr_error_message(key))\nAttributeError: st.session_state has no attribute "data_loaded". Did you forget to initialize it? More info: https://docs.streamlit.io/develop/concepts/architecture/session-state#initialization\n\nDuring handling of the above exception, another exception occurred:\n\nTraceback (most recent call last):\n  File "C:\\Users\\daakara\\OneDrive - DPDHL\\Documents\\fpl_ai_agent\\main_modular_app\\utils\\error_handling.py", line 99, in wrapper\n    return func(*args, **kwargs)\n           ^^^^^^^^^^^^^^^^^^^^^\n  File "C:\\Users\\daakara\\OneDrive - DPDHL\\Documents\\fpl_ai_agent\\main_modular_app\\core\\app_controller.py", line 198, in run\nUnboundLocalError: cannot access local variable \'selected_page\' where it is not associated with a value\n'}
2025-09-19 18:37:54,101 - fpl_analytics - ERROR - Error in app_controller_run: {'error_type': 'AttributeError', 'error_message': 'st.session_state has no attribute "data_loaded". Did you forget to initialize it? More info: https://docs.streamlit.io/develop/concepts/architecture/session-state#initialization', 'context': 'app_controller_run', 'traceback': 'Traceback (most recent call last):\n  File "C:\\Users\\daakara\\OneDrive - DPDHL\\Documents\\fpl_ai_agent\\.venv\\Lib\\site-packages\\streamlit\\runtime\\state\\session_state.py", line 469, in __getitem__\n    return self._getitem(widget_id, key)\n           ^^^^^^^^^^^^^^^^^^^^^^^^^^^^^\n  File "C:\\Users\\daakara\\OneDrive - DPDHL\\Documents\\fpl_ai_agent\\.venv\\Lib\\site-packages\\streamlit\\runtime\\state\\session_state.py", line 517, in _getitem\n    raise KeyError\nKeyError\n\nDuring handling of the above exception, another exception occurred:\n\nTraceback (most recent call last):\n  File "C:\\Users\\daakara\\OneDrive - DPDHL\\Documents\\fpl_ai_agent\\.venv\\Lib\\site-packages\\streamlit\\runtime\\state\\session_state_proxy.py", line 130, in __getattr__\n    return self[key]\n           ~~~~^^^^^\n  File "C:\\Users\\daakara\\OneDrive - DPDHL\\Documents\\fpl_ai_agent\\.venv\\Lib\\site-packages\\streamlit\\runtime\\state\\session_state_proxy.py", line 101, in __getitem__\n    return get_session_state()[key]\n           ~~~~~~~~~~~~~~~~~~~^^^^^\n  File "C:\\Users\\daakara\\OneDrive - DPDHL\\Documents\\fpl_ai_agent\\.venv\\Lib\\site-packages\\streamlit\\runtime\\state\\safe_session_state.py", line 104, in __getitem__\n    return self._state[key]\n           ~~~~~~~~~~~^^^^^\n  File "C:\\Users\\daakara\\OneDrive - DPDHL\\Documents\\fpl_ai_agent\\.venv\\Lib\\site-packages\\streamlit\\runtime\\state\\session_state.py", line 471, in __getitem__\n    raise KeyError(_missing_key_error_message(key))\nKeyError: \'st.session_state has no key "data_loaded". Did you forget to initialize it? More info: https://docs.streamlit.io/develop/concepts/architecture/session-state#initialization\'\n\nDuring handling of the above exception, another exception occurred:\n\nTraceback (most recent call last):\n  File "C:\\Users\\daakara\\OneDrive - DPDHL\\Documents\\fpl_ai_agent\\main_modular_app\\core\\app_controller.py", line 133, in run\n    # Ensure session state is properly initialized\n    ^^^^^^^^^^^^^^^^^^^^^^^^^^^^^\n  File "C:\\Users\\daakara\\OneDrive - DPDHL\\Documents\\fpl_ai_agent\\main_modular_app\\core\\app_controller.py", line 213, in render_enhanced_header\n    # Status indicators\n                        \n  File "C:\\Users\\daakara\\OneDrive - DPDHL\\Documents\\fpl_ai_agent\\.venv\\Lib\\site-packages\\streamlit\\runtime\\state\\session_state_proxy.py", line 132, in __getattr__\n    raise AttributeError(_missing_attr_error_message(key))\nAttributeError: st.session_state has no attribute "data_loaded". Did you forget to initialize it? More info: https://docs.streamlit.io/develop/concepts/architecture/session-state#initialization\n'}
2025-09-19 18:37:54,116 - fpl_analytics - ERROR - Error in run: {'error_type': 'UnboundLocalError', 'error_message': "cannot access local variable 'selected_page' where it is not associated with a value", 'context': 'run', 'traceback': 'Traceback (most recent call last):\n  File "C:\\Users\\daakara\\OneDrive - DPDHL\\Documents\\fpl_ai_agent\\.venv\\Lib\\site-packages\\streamlit\\runtime\\state\\session_state.py", line 469, in __getitem__\n    return self._getitem(widget_id, key)\n           ^^^^^^^^^^^^^^^^^^^^^^^^^^^^^\n  File "C:\\Users\\daakara\\OneDrive - DPDHL\\Documents\\fpl_ai_agent\\.venv\\Lib\\site-packages\\streamlit\\runtime\\state\\session_state.py", line 517, in _getitem\n    raise KeyError\nKeyError\n\nDuring handling of the above exception, another exception occurred:\n\nTraceback (most recent call last):\n  File "C:\\Users\\daakara\\OneDrive - DPDHL\\Documents\\fpl_ai_agent\\.venv\\Lib\\site-packages\\streamlit\\runtime\\state\\session_state_proxy.py", line 130, in __getattr__\n    return self[key]\n           ~~~~^^^^^\n  File "C:\\Users\\daakara\\OneDrive - DPDHL\\Documents\\fpl_ai_agent\\.venv\\Lib\\site-packages\\streamlit\\runtime\\state\\session_state_proxy.py", line 101, in __getitem__\n    return get_session_state()[key]\n           ~~~~~~~~~~~~~~~~~~~^^^^^\n  File "C:\\Users\\daakara\\OneDrive - DPDHL\\Documents\\fpl_ai_agent\\.venv\\Lib\\site-packages\\streamlit\\runtime\\state\\safe_session_state.py", line 104, in __getitem__\n    return self._state[key]\n           ~~~~~~~~~~~^^^^^\n  File "C:\\Users\\daakara\\OneDrive - DPDHL\\Documents\\fpl_ai_agent\\.venv\\Lib\\site-packages\\streamlit\\runtime\\state\\session_state.py", line 471, in __getitem__\n    raise KeyError(_missing_key_error_message(key))\nKeyError: \'st.session_state has no key "data_loaded". Did you forget to initialize it? More info: https://docs.streamlit.io/develop/concepts/architecture/session-state#initialization\'\n\nDuring handling of the above exception, another exception occurred:\n\nTraceback (most recent call last):\n  File "C:\\Users\\daakara\\OneDrive - DPDHL\\Documents\\fpl_ai_agent\\main_modular_app\\core\\app_controller.py", line 133, in run\n    # Ensure session state is properly initialized\n    ^^^^^^^^^^^^^^^^^^^^^^^^^^^^^\n  File "C:\\Users\\daakara\\OneDrive - DPDHL\\Documents\\fpl_ai_agent\\main_modular_app\\core\\app_controller.py", line 213, in render_enhanced_header\n    # Status indicators\n                        \n  File "C:\\Users\\daakara\\OneDrive - DPDHL\\Documents\\fpl_ai_agent\\.venv\\Lib\\site-packages\\streamlit\\runtime\\state\\session_state_proxy.py", line 132, in __getattr__\n    raise AttributeError(_missing_attr_error_message(key))\nAttributeError: st.session_state has no attribute "data_loaded". Did you forget to initialize it? More info: https://docs.streamlit.io/develop/concepts/architecture/session-state#initialization\n\nDuring handling of the above exception, another exception occurred:\n\nTraceback (most recent call last):\n  File "C:\\Users\\daakara\\OneDrive - DPDHL\\Documents\\fpl_ai_agent\\main_modular_app\\utils\\error_handling.py", line 99, in wrapper\n    return func(*args, **kwargs)\n           ^^^^^^^^^^^^^^^^^^^^^\n  File "C:\\Users\\daakara\\OneDrive - DPDHL\\Documents\\fpl_ai_agent\\main_modular_app\\core\\app_controller.py", line 198, in run\nUnboundLocalError: cannot access local variable \'selected_page\' where it is not associated with a value\n'}
2025-09-19 18:40:01,616 - fpl_analytics - INFO - Performance - page_render_dashboard: 0.00s
2025-09-19 18:40:01,616 - fpl_analytics - INFO - Performance - app_run: 0.02s - {'page': 'dashboard'}
2025-09-19 18:40:09,355 - fpl_analytics - INFO - User Action: data_refresh - Details: {'success': True}
2025-09-19 18:40:09,671 - fpl_analytics - INFO - Performance - page_render_dashboard: 0.32s
2025-09-19 18:40:09,689 - fpl_analytics - INFO - Performance - app_run: 1.62s - {'page': 'dashboard'}
2025-09-19 18:40:16,765 - fpl_analytics - ERROR - Error in app_controller_run: {'error_type': 'StreamlitAPIException', 'error_message': 'Could not find page: `ai_recommendations`. Must be the file path relative to the main script, from the directory: `main_modular_app`. Only the main app file and files in the `pages/` directory are supported.', 'context': 'app_controller_run', 'traceback': 'Traceback (most recent call last):\n  File "C:\\Users\\daakara\\OneDrive - DPDHL\\Documents\\fpl_ai_agent\\main_modular_app\\core\\app_controller.py", line 167, in run\n    self.render_enhanced_dashboard()\n  File "C:\\Users\\daakara\\OneDrive - DPDHL\\Documents\\fpl_ai_agent\\main_modular_app\\core\\app_controller.py", line 376, in render_enhanced_dashboard\n    st.switch_page("ai_recommendations")\n  File "C:\\Users\\daakara\\OneDrive - DPDHL\\Documents\\fpl_ai_agent\\.venv\\Lib\\site-packages\\streamlit\\runtime\\metrics_util.py", line 443, in wrapped_func\n    result = non_optional_func(*args, **kwargs)\n             ^^^^^^^^^^^^^^^^^^^^^^^^^^^^^^^^^^\n  File "C:\\Users\\daakara\\OneDrive - DPDHL\\Documents\\fpl_ai_agent\\.venv\\Lib\\site-packages\\streamlit\\commands\\execution_control.py", line 222, in switch_page\n    raise StreamlitAPIException(\nstreamlit.errors.StreamlitAPIException: Could not find page: `ai_recommendations`. Must be the file path relative to the main script, from the directory: `main_modular_app`. Only the main app file and files in the `pages/` directory are supported.\n'}
2025-09-19 18:40:16,765 - fpl_analytics - INFO - Performance - app_run: 0.12s - {'page': 'dashboard'}
2025-09-19 18:40:16,781 - fpl_analytics - ERROR - Error in run: {'error_type': 'StreamlitAPIException', 'error_message': 'Could not find page: `ai_recommendations`. Must be the file path relative to the main script, from the directory: `main_modular_app`. Only the main app file and files in the `pages/` directory are supported.', 'context': 'run', 'traceback': 'Traceback (most recent call last):\n  File "C:\\Users\\daakara\\OneDrive - DPDHL\\Documents\\fpl_ai_agent\\main_modular_app\\utils\\error_handling.py", line 99, in wrapper\n    return func(*args, **kwargs)\n           ^^^^^^^^^^^^^^^^^^^^^\n  File "C:\\Users\\daakara\\OneDrive - DPDHL\\Documents\\fpl_ai_agent\\main_modular_app\\core\\app_controller.py", line 167, in run\n    self.render_enhanced_dashboard()\n  File "C:\\Users\\daakara\\OneDrive - DPDHL\\Documents\\fpl_ai_agent\\main_modular_app\\core\\app_controller.py", line 376, in render_enhanced_dashboard\n    st.switch_page("ai_recommendations")\n  File "C:\\Users\\daakara\\OneDrive - DPDHL\\Documents\\fpl_ai_agent\\.venv\\Lib\\site-packages\\streamlit\\runtime\\metrics_util.py", line 443, in wrapped_func\n    result = non_optional_func(*args, **kwargs)\n             ^^^^^^^^^^^^^^^^^^^^^^^^^^^^^^^^^^\n  File "C:\\Users\\daakara\\OneDrive - DPDHL\\Documents\\fpl_ai_agent\\.venv\\Lib\\site-packages\\streamlit\\commands\\execution_control.py", line 222, in switch_page\n    raise StreamlitAPIException(\nstreamlit.errors.StreamlitAPIException: Could not find page: `ai_recommendations`. Must be the file path relative to the main script, from the directory: `main_modular_app`. Only the main app file and files in the `pages/` directory are supported.\n'}
2025-09-19 18:40:37,322 - fpl_analytics - INFO - Performance - page_render_fixtures: 0.40s
2025-09-19 18:40:37,330 - fpl_analytics - INFO - Performance - app_run: 0.45s - {'page': 'fixtures'}
2025-09-19 18:40:48,038 - fpl_analytics - INFO - Performance - page_render_players: 0.64s
2025-09-19 18:40:48,044 - fpl_analytics - INFO - Performance - app_run: 0.68s - {'page': 'players'}
2025-09-19 18:41:40,865 - fpl_analytics - INFO - Performance - page_render_my_team: 1.58s
2025-09-19 18:41:40,881 - fpl_analytics - INFO - Performance - app_run: 1.64s - {'page': 'my_team'}
2025-09-19 18:41:44,117 - fpl_analytics - INFO - Performance - page_render_my_team: 1.14s
2025-09-19 18:41:44,126 - fpl_analytics - INFO - Performance - app_run: 1.19s - {'page': 'my_team'}
2025-09-19 18:41:47,002 - fpl_analytics - INFO - Performance - app_run: 2.44s - {'page': 'my_team'}
2025-09-19 18:41:51,227 - fpl_analytics - INFO - Performance - page_render_my_team: 3.99s
2025-09-19 18:41:51,242 - fpl_analytics - INFO - Performance - app_run: 4.06s - {'page': 'my_team'}
2025-09-19 18:48:31,462 - fpl_analytics - ERROR - Error in app_controller_run: {'error_type': 'StreamlitDuplicateElementKey', 'error_message': "There are multiple elements with the same `key='recent_dashboard'`. To fix this, please make sure that the `key` argument is unique for each element you create.", 'context': 'app_controller_run', 'traceback': 'Traceback (most recent call last):\n  File "C:\\Users\\daakara\\OneDrive - DPDHL\\Documents\\fpl_ai_agent\\main_modular_app\\core\\app_controller.py", line 154, in run\n    recent_page = self.nav_manager.render_recent_pages()\n                  ^^^^^^^^^^^^^^^^^^^^^^^^^^^^^^^^^^^^^^\n  File "C:\\Users\\daakara\\OneDrive - DPDHL\\Documents\\fpl_ai_agent\\main_modular_app\\utils\\modern_ui_components.py", line 217, in render_recent_pages\n    if st.sidebar.button(page_names.get(page, page), key=f"recent_{page}"):\n       ^^^^^^^^^^^^^^^^^^^^^^^^^^^^^^^^^^^^^^^^^^^^^^^^^^^^^^^^^^^^^^^^^^^\n  File "C:\\Users\\daakara\\OneDrive - DPDHL\\Documents\\fpl_ai_agent\\.venv\\Lib\\site-packages\\streamlit\\runtime\\metrics_util.py", line 443, in wrapped_func\n    result = non_optional_func(*args, **kwargs)\n             ^^^^^^^^^^^^^^^^^^^^^^^^^^^^^^^^^^\n  File "C:\\Users\\daakara\\OneDrive - DPDHL\\Documents\\fpl_ai_agent\\.venv\\Lib\\site-packages\\streamlit\\elements\\widgets\\button.py", line 268, in button\n    return self.dg._button(\n           ^^^^^^^^^^^^^^^^\n  File "C:\\Users\\daakara\\OneDrive - DPDHL\\Documents\\fpl_ai_agent\\.venv\\Lib\\site-packages\\streamlit\\elements\\widgets\\button.py", line 1121, in _button\n    element_id = compute_and_register_element_id(\n                 ^^^^^^^^^^^^^^^^^^^^^^^^^^^^^^^^\n  File "C:\\Users\\daakara\\OneDrive - DPDHL\\Documents\\fpl_ai_agent\\.venv\\Lib\\site-packages\\streamlit\\elements\\lib\\utils.py", line 253, in compute_and_register_element_id\n    _register_element_id(ctx, element_type, element_id)\n  File "C:\\Users\\daakara\\OneDrive - DPDHL\\Documents\\fpl_ai_agent\\.venv\\Lib\\site-packages\\streamlit\\elements\\lib\\utils.py", line 145, in _register_element_id\n    raise StreamlitDuplicateElementKey(user_key)\nstreamlit.errors.StreamlitDuplicateElementKey: There are multiple elements with the same `key=\'recent_dashboard\'`. To fix this, please make sure that the `key` argument is unique for each element you create.\n'}
2025-09-19 18:48:31,462 - fpl_analytics - INFO - Performance - app_run: 0.05s - {'page': 'dashboard'}
2025-09-19 18:48:31,472 - fpl_analytics - ERROR - Error in run: {'error_type': 'StreamlitDuplicateElementKey', 'error_message': "There are multiple elements with the same `key='recent_dashboard'`. To fix this, please make sure that the `key` argument is unique for each element you create.", 'context': 'run', 'traceback': 'Traceback (most recent call last):\n  File "C:\\Users\\daakara\\OneDrive - DPDHL\\Documents\\fpl_ai_agent\\main_modular_app\\utils\\error_handling.py", line 99, in wrapper\n    return func(*args, **kwargs)\n           ^^^^^^^^^^^^^^^^^^^^^\n  File "C:\\Users\\daakara\\OneDrive - DPDHL\\Documents\\fpl_ai_agent\\main_modular_app\\core\\app_controller.py", line 154, in run\n    recent_page = self.nav_manager.render_recent_pages()\n                  ^^^^^^^^^^^^^^^^^^^^^^^^^^^^^^^^^^^^^^\n  File "C:\\Users\\daakara\\OneDrive - DPDHL\\Documents\\fpl_ai_agent\\main_modular_app\\utils\\modern_ui_components.py", line 217, in render_recent_pages\n    if st.sidebar.button(page_names.get(page, page), key=f"recent_{page}"):\n       ^^^^^^^^^^^^^^^^^^^^^^^^^^^^^^^^^^^^^^^^^^^^^^^^^^^^^^^^^^^^^^^^^^^\n  File "C:\\Users\\daakara\\OneDrive - DPDHL\\Documents\\fpl_ai_agent\\.venv\\Lib\\site-packages\\streamlit\\runtime\\metrics_util.py", line 443, in wrapped_func\n    result = non_optional_func(*args, **kwargs)\n             ^^^^^^^^^^^^^^^^^^^^^^^^^^^^^^^^^^\n  File "C:\\Users\\daakara\\OneDrive - DPDHL\\Documents\\fpl_ai_agent\\.venv\\Lib\\site-packages\\streamlit\\elements\\widgets\\button.py", line 268, in button\n    return self.dg._button(\n           ^^^^^^^^^^^^^^^^\n  File "C:\\Users\\daakara\\OneDrive - DPDHL\\Documents\\fpl_ai_agent\\.venv\\Lib\\site-packages\\streamlit\\elements\\widgets\\button.py", line 1121, in _button\n    element_id = compute_and_register_element_id(\n                 ^^^^^^^^^^^^^^^^^^^^^^^^^^^^^^^^\n  File "C:\\Users\\daakara\\OneDrive - DPDHL\\Documents\\fpl_ai_agent\\.venv\\Lib\\site-packages\\streamlit\\elements\\lib\\utils.py", line 253, in compute_and_register_element_id\n    _register_element_id(ctx, element_type, element_id)\n  File "C:\\Users\\daakara\\OneDrive - DPDHL\\Documents\\fpl_ai_agent\\.venv\\Lib\\site-packages\\streamlit\\elements\\lib\\utils.py", line 145, in _register_element_id\n    raise StreamlitDuplicateElementKey(user_key)\nstreamlit.errors.StreamlitDuplicateElementKey: There are multiple elements with the same `key=\'recent_dashboard\'`. To fix this, please make sure that the `key` argument is unique for each element you create.\n'}
2025-09-19 18:55:07,587 - fpl_analytics - INFO - Performance - app_run: 0.04s - {'page': 'my_team'}
2025-09-19 18:55:07,896 - fpl_analytics - ERROR - Error in app_controller_run: {'error_type': 'StreamlitDuplicateElementKey', 'error_message': "There are multiple elements with the same `key='recent_dashboard'`. To fix this, please make sure that the `key` argument is unique for each element you create.", 'context': 'app_controller_run', 'traceback': 'Traceback (most recent call last):\n  File "C:\\Users\\daakara\\OneDrive - DPDHL\\Documents\\fpl_ai_agent\\main_modular_app\\core\\app_controller.py", line 154, in run\n    recent_page = self.nav_manager.render_recent_pages()\n                  ^^^^^^^^^^^^^^^^^^^^^^^^^^^^^^^^^^^^^^\n  File "C:\\Users\\daakara\\OneDrive - DPDHL\\Documents\\fpl_ai_agent\\main_modular_app\\utils\\modern_ui_components.py", line 217, in render_recent_pages\n    if st.sidebar.button(page_names.get(page, page), key=f"recent_{page}"):\n       ^^^^^^^^^^^^^^^^^^^^^^^^^^^^^^^^^^^^^^^^^^^^^^^^^^^^^^^^^^^^^^^^^^^\n  File "C:\\Users\\daakara\\OneDrive - DPDHL\\Documents\\fpl_ai_agent\\.venv\\Lib\\site-packages\\streamlit\\runtime\\metrics_util.py", line 443, in wrapped_func\n    result = non_optional_func(*args, **kwargs)\n             ^^^^^^^^^^^^^^^^^^^^^^^^^^^^^^^^^^\n  File "C:\\Users\\daakara\\OneDrive - DPDHL\\Documents\\fpl_ai_agent\\.venv\\Lib\\site-packages\\streamlit\\elements\\widgets\\button.py", line 268, in button\n    return self.dg._button(\n           ^^^^^^^^^^^^^^^^\n  File "C:\\Users\\daakara\\OneDrive - DPDHL\\Documents\\fpl_ai_agent\\.venv\\Lib\\site-packages\\streamlit\\elements\\widgets\\button.py", line 1121, in _button\n    element_id = compute_and_register_element_id(\n                 ^^^^^^^^^^^^^^^^^^^^^^^^^^^^^^^^\n  File "C:\\Users\\daakara\\OneDrive - DPDHL\\Documents\\fpl_ai_agent\\.venv\\Lib\\site-packages\\streamlit\\elements\\lib\\utils.py", line 253, in compute_and_register_element_id\n    _register_element_id(ctx, element_type, element_id)\n  File "C:\\Users\\daakara\\OneDrive - DPDHL\\Documents\\fpl_ai_agent\\.venv\\Lib\\site-packages\\streamlit\\elements\\lib\\utils.py", line 145, in _register_element_id\n    raise StreamlitDuplicateElementKey(user_key)\nstreamlit.errors.StreamlitDuplicateElementKey: There are multiple elements with the same `key=\'recent_dashboard\'`. To fix this, please make sure that the `key` argument is unique for each element you create.\n'}
2025-09-19 18:55:07,904 - fpl_analytics - INFO - Performance - app_run: 0.05s - {'page': 'dashboard'}
2025-09-19 18:55:07,904 - fpl_analytics - ERROR - Error in run: {'error_type': 'StreamlitDuplicateElementKey', 'error_message': "There are multiple elements with the same `key='recent_dashboard'`. To fix this, please make sure that the `key` argument is unique for each element you create.", 'context': 'run', 'traceback': 'Traceback (most recent call last):\n  File "C:\\Users\\daakara\\OneDrive - DPDHL\\Documents\\fpl_ai_agent\\main_modular_app\\utils\\error_handling.py", line 99, in wrapper\n    return func(*args, **kwargs)\n           ^^^^^^^^^^^^^^^^^^^^^\n  File "C:\\Users\\daakara\\OneDrive - DPDHL\\Documents\\fpl_ai_agent\\main_modular_app\\core\\app_controller.py", line 154, in run\n    recent_page = self.nav_manager.render_recent_pages()\n                  ^^^^^^^^^^^^^^^^^^^^^^^^^^^^^^^^^^^^^^\n  File "C:\\Users\\daakara\\OneDrive - DPDHL\\Documents\\fpl_ai_agent\\main_modular_app\\utils\\modern_ui_components.py", line 217, in render_recent_pages\n    if st.sidebar.button(page_names.get(page, page), key=f"recent_{page}"):\n       ^^^^^^^^^^^^^^^^^^^^^^^^^^^^^^^^^^^^^^^^^^^^^^^^^^^^^^^^^^^^^^^^^^^\n  File "C:\\Users\\daakara\\OneDrive - DPDHL\\Documents\\fpl_ai_agent\\.venv\\Lib\\site-packages\\streamlit\\runtime\\metrics_util.py", line 443, in wrapped_func\n    result = non_optional_func(*args, **kwargs)\n             ^^^^^^^^^^^^^^^^^^^^^^^^^^^^^^^^^^\n  File "C:\\Users\\daakara\\OneDrive - DPDHL\\Documents\\fpl_ai_agent\\.venv\\Lib\\site-packages\\streamlit\\elements\\widgets\\button.py", line 268, in button\n    return self.dg._button(\n           ^^^^^^^^^^^^^^^^\n  File "C:\\Users\\daakara\\OneDrive - DPDHL\\Documents\\fpl_ai_agent\\.venv\\Lib\\site-packages\\streamlit\\elements\\widgets\\button.py", line 1121, in _button\n    element_id = compute_and_register_element_id(\n                 ^^^^^^^^^^^^^^^^^^^^^^^^^^^^^^^^\n  File "C:\\Users\\daakara\\OneDrive - DPDHL\\Documents\\fpl_ai_agent\\.venv\\Lib\\site-packages\\streamlit\\elements\\lib\\utils.py", line 253, in compute_and_register_element_id\n    _register_element_id(ctx, element_type, element_id)\n  File "C:\\Users\\daakara\\OneDrive - DPDHL\\Documents\\fpl_ai_agent\\.venv\\Lib\\site-packages\\streamlit\\elements\\lib\\utils.py", line 145, in _register_element_id\n    raise StreamlitDuplicateElementKey(user_key)\nstreamlit.errors.StreamlitDuplicateElementKey: There are multiple elements with the same `key=\'recent_dashboard\'`. To fix this, please make sure that the `key` argument is unique for each element you create.\n'}
2025-09-19 18:55:22,774 - fpl_analytics - ERROR - Error in app_controller_run: {'error_type': 'StreamlitDuplicateElementKey', 'error_message': "There are multiple elements with the same `key='recent_dashboard'`. To fix this, please make sure that the `key` argument is unique for each element you create.", 'context': 'app_controller_run', 'traceback': 'Traceback (most recent call last):\n  File "C:\\Users\\daakara\\OneDrive - DPDHL\\Documents\\fpl_ai_agent\\main_modular_app\\core\\app_controller.py", line 154, in run\n    recent_page = self.nav_manager.render_recent_pages()\n                  ^^^^^^^^^^^^^^^^^^^^^^^^^^^^^^^^^^^^^^\n  File "C:\\Users\\daakara\\OneDrive - DPDHL\\Documents\\fpl_ai_agent\\main_modular_app\\utils\\modern_ui_components.py", line 217, in render_recent_pages\n    if st.sidebar.button(page_names.get(page, page), key=f"recent_{page}"):\n       ^^^^^^^^^^^^^^^^^^^^^^^^^^^^^^^^^^^^^^^^^^^^^^^^^^^^^^^^^^^^^^^^^^^\n  File "C:\\Users\\daakara\\OneDrive - DPDHL\\Documents\\fpl_ai_agent\\.venv\\Lib\\site-packages\\streamlit\\runtime\\metrics_util.py", line 443, in wrapped_func\n    result = non_optional_func(*args, **kwargs)\n             ^^^^^^^^^^^^^^^^^^^^^^^^^^^^^^^^^^\n  File "C:\\Users\\daakara\\OneDrive - DPDHL\\Documents\\fpl_ai_agent\\.venv\\Lib\\site-packages\\streamlit\\elements\\widgets\\button.py", line 268, in button\n    return self.dg._button(\n           ^^^^^^^^^^^^^^^^\n  File "C:\\Users\\daakara\\OneDrive - DPDHL\\Documents\\fpl_ai_agent\\.venv\\Lib\\site-packages\\streamlit\\elements\\widgets\\button.py", line 1121, in _button\n    element_id = compute_and_register_element_id(\n                 ^^^^^^^^^^^^^^^^^^^^^^^^^^^^^^^^\n  File "C:\\Users\\daakara\\OneDrive - DPDHL\\Documents\\fpl_ai_agent\\.venv\\Lib\\site-packages\\streamlit\\elements\\lib\\utils.py", line 253, in compute_and_register_element_id\n    _register_element_id(ctx, element_type, element_id)\n  File "C:\\Users\\daakara\\OneDrive - DPDHL\\Documents\\fpl_ai_agent\\.venv\\Lib\\site-packages\\streamlit\\elements\\lib\\utils.py", line 145, in _register_element_id\n    raise StreamlitDuplicateElementKey(user_key)\nstreamlit.errors.StreamlitDuplicateElementKey: There are multiple elements with the same `key=\'recent_dashboard\'`. To fix this, please make sure that the `key` argument is unique for each element you create.\n'}
2025-09-19 18:55:22,774 - fpl_analytics - INFO - Performance - app_run: 1.79s - {'page': 'dashboard'}
2025-09-19 18:55:22,784 - fpl_analytics - ERROR - Error in run: {'error_type': 'StreamlitDuplicateElementKey', 'error_message': "There are multiple elements with the same `key='recent_dashboard'`. To fix this, please make sure that the `key` argument is unique for each element you create.", 'context': 'run', 'traceback': 'Traceback (most recent call last):\n  File "C:\\Users\\daakara\\OneDrive - DPDHL\\Documents\\fpl_ai_agent\\main_modular_app\\utils\\error_handling.py", line 99, in wrapper\n    return func(*args, **kwargs)\n           ^^^^^^^^^^^^^^^^^^^^^\n  File "C:\\Users\\daakara\\OneDrive - DPDHL\\Documents\\fpl_ai_agent\\main_modular_app\\core\\app_controller.py", line 154, in run\n    recent_page = self.nav_manager.render_recent_pages()\n                  ^^^^^^^^^^^^^^^^^^^^^^^^^^^^^^^^^^^^^^\n  File "C:\\Users\\daakara\\OneDrive - DPDHL\\Documents\\fpl_ai_agent\\main_modular_app\\utils\\modern_ui_components.py", line 217, in render_recent_pages\n    if st.sidebar.button(page_names.get(page, page), key=f"recent_{page}"):\n       ^^^^^^^^^^^^^^^^^^^^^^^^^^^^^^^^^^^^^^^^^^^^^^^^^^^^^^^^^^^^^^^^^^^\n  File "C:\\Users\\daakara\\OneDrive - DPDHL\\Documents\\fpl_ai_agent\\.venv\\Lib\\site-packages\\streamlit\\runtime\\metrics_util.py", line 443, in wrapped_func\n    result = non_optional_func(*args, **kwargs)\n             ^^^^^^^^^^^^^^^^^^^^^^^^^^^^^^^^^^\n  File "C:\\Users\\daakara\\OneDrive - DPDHL\\Documents\\fpl_ai_agent\\.venv\\Lib\\site-packages\\streamlit\\elements\\widgets\\button.py", line 268, in button\n    return self.dg._button(\n           ^^^^^^^^^^^^^^^^\n  File "C:\\Users\\daakara\\OneDrive - DPDHL\\Documents\\fpl_ai_agent\\.venv\\Lib\\site-packages\\streamlit\\elements\\widgets\\button.py", line 1121, in _button\n    element_id = compute_and_register_element_id(\n                 ^^^^^^^^^^^^^^^^^^^^^^^^^^^^^^^^\n  File "C:\\Users\\daakara\\OneDrive - DPDHL\\Documents\\fpl_ai_agent\\.venv\\Lib\\site-packages\\streamlit\\elements\\lib\\utils.py", line 253, in compute_and_register_element_id\n    _register_element_id(ctx, element_type, element_id)\n  File "C:\\Users\\daakara\\OneDrive - DPDHL\\Documents\\fpl_ai_agent\\.venv\\Lib\\site-packages\\streamlit\\elements\\lib\\utils.py", line 145, in _register_element_id\n    raise StreamlitDuplicateElementKey(user_key)\nstreamlit.errors.StreamlitDuplicateElementKey: There are multiple elements with the same `key=\'recent_dashboard\'`. To fix this, please make sure that the `key` argument is unique for each element you create.\n'}
2025-09-19 18:55:25,457 - fpl_analytics - INFO - Performance - app_run: 0.03s - {'page': 'my_team'}
2025-09-19 18:55:25,725 - fpl_analytics - ERROR - Error in app_controller_run: {'error_type': 'StreamlitDuplicateElementKey', 'error_message': "There are multiple elements with the same `key='recent_dashboard'`. To fix this, please make sure that the `key` argument is unique for each element you create.", 'context': 'app_controller_run', 'traceback': 'Traceback (most recent call last):\n  File "C:\\Users\\daakara\\OneDrive - DPDHL\\Documents\\fpl_ai_agent\\main_modular_app\\core\\app_controller.py", line 154, in run\n    recent_page = self.nav_manager.render_recent_pages()\n                  ^^^^^^^^^^^^^^^^^^^^^^^^^^^^^^^^^^^^^^\n  File "C:\\Users\\daakara\\OneDrive - DPDHL\\Documents\\fpl_ai_agent\\main_modular_app\\utils\\modern_ui_components.py", line 217, in render_recent_pages\n    if st.sidebar.button(page_names.get(page, page), key=f"recent_{page}"):\n       ^^^^^^^^^^^^^^^^^^^^^^^^^^^^^^^^^^^^^^^^^^^^^^^^^^^^^^^^^^^^^^^^^^^\n  File "C:\\Users\\daakara\\OneDrive - DPDHL\\Documents\\fpl_ai_agent\\.venv\\Lib\\site-packages\\streamlit\\runtime\\metrics_util.py", line 443, in wrapped_func\n    result = non_optional_func(*args, **kwargs)\n             ^^^^^^^^^^^^^^^^^^^^^^^^^^^^^^^^^^\n  File "C:\\Users\\daakara\\OneDrive - DPDHL\\Documents\\fpl_ai_agent\\.venv\\Lib\\site-packages\\streamlit\\elements\\widgets\\button.py", line 268, in button\n    return self.dg._button(\n           ^^^^^^^^^^^^^^^^\n  File "C:\\Users\\daakara\\OneDrive - DPDHL\\Documents\\fpl_ai_agent\\.venv\\Lib\\site-packages\\streamlit\\elements\\widgets\\button.py", line 1121, in _button\n    element_id = compute_and_register_element_id(\n                 ^^^^^^^^^^^^^^^^^^^^^^^^^^^^^^^^\n  File "C:\\Users\\daakara\\OneDrive - DPDHL\\Documents\\fpl_ai_agent\\.venv\\Lib\\site-packages\\streamlit\\elements\\lib\\utils.py", line 253, in compute_and_register_element_id\n    _register_element_id(ctx, element_type, element_id)\n  File "C:\\Users\\daakara\\OneDrive - DPDHL\\Documents\\fpl_ai_agent\\.venv\\Lib\\site-packages\\streamlit\\elements\\lib\\utils.py", line 145, in _register_element_id\n    raise StreamlitDuplicateElementKey(user_key)\nstreamlit.errors.StreamlitDuplicateElementKey: There are multiple elements with the same `key=\'recent_dashboard\'`. To fix this, please make sure that the `key` argument is unique for each element you create.\n'}
2025-09-19 18:55:25,725 - fpl_analytics - INFO - Performance - app_run: 0.02s - {'page': 'dashboard'}
2025-09-19 18:55:25,739 - fpl_analytics - ERROR - Error in run: {'error_type': 'StreamlitDuplicateElementKey', 'error_message': "There are multiple elements with the same `key='recent_dashboard'`. To fix this, please make sure that the `key` argument is unique for each element you create.", 'context': 'run', 'traceback': 'Traceback (most recent call last):\n  File "C:\\Users\\daakara\\OneDrive - DPDHL\\Documents\\fpl_ai_agent\\main_modular_app\\utils\\error_handling.py", line 99, in wrapper\n    return func(*args, **kwargs)\n           ^^^^^^^^^^^^^^^^^^^^^\n  File "C:\\Users\\daakara\\OneDrive - DPDHL\\Documents\\fpl_ai_agent\\main_modular_app\\core\\app_controller.py", line 154, in run\n    recent_page = self.nav_manager.render_recent_pages()\n                  ^^^^^^^^^^^^^^^^^^^^^^^^^^^^^^^^^^^^^^\n  File "C:\\Users\\daakara\\OneDrive - DPDHL\\Documents\\fpl_ai_agent\\main_modular_app\\utils\\modern_ui_components.py", line 217, in render_recent_pages\n    if st.sidebar.button(page_names.get(page, page), key=f"recent_{page}"):\n       ^^^^^^^^^^^^^^^^^^^^^^^^^^^^^^^^^^^^^^^^^^^^^^^^^^^^^^^^^^^^^^^^^^^\n  File "C:\\Users\\daakara\\OneDrive - DPDHL\\Documents\\fpl_ai_agent\\.venv\\Lib\\site-packages\\streamlit\\runtime\\metrics_util.py", line 443, in wrapped_func\n    result = non_optional_func(*args, **kwargs)\n             ^^^^^^^^^^^^^^^^^^^^^^^^^^^^^^^^^^\n  File "C:\\Users\\daakara\\OneDrive - DPDHL\\Documents\\fpl_ai_agent\\.venv\\Lib\\site-packages\\streamlit\\elements\\widgets\\button.py", line 268, in button\n    return self.dg._button(\n           ^^^^^^^^^^^^^^^^\n  File "C:\\Users\\daakara\\OneDrive - DPDHL\\Documents\\fpl_ai_agent\\.venv\\Lib\\site-packages\\streamlit\\elements\\widgets\\button.py", line 1121, in _button\n    element_id = compute_and_register_element_id(\n                 ^^^^^^^^^^^^^^^^^^^^^^^^^^^^^^^^\n  File "C:\\Users\\daakara\\OneDrive - DPDHL\\Documents\\fpl_ai_agent\\.venv\\Lib\\site-packages\\streamlit\\elements\\lib\\utils.py", line 253, in compute_and_register_element_id\n    _register_element_id(ctx, element_type, element_id)\n  File "C:\\Users\\daakara\\OneDrive - DPDHL\\Documents\\fpl_ai_agent\\.venv\\Lib\\site-packages\\streamlit\\elements\\lib\\utils.py", line 145, in _register_element_id\n    raise StreamlitDuplicateElementKey(user_key)\nstreamlit.errors.StreamlitDuplicateElementKey: There are multiple elements with the same `key=\'recent_dashboard\'`. To fix this, please make sure that the `key` argument is unique for each element you create.\n'}
2025-09-19 18:55:30,768 - fpl_analytics - ERROR - Error in app_controller_run: {'error_type': 'StreamlitDuplicateElementKey', 'error_message': "There are multiple elements with the same `key='recent_my_team'`. To fix this, please make sure that the `key` argument is unique for each element you create.", 'context': 'app_controller_run', 'traceback': 'Traceback (most recent call last):\n  File "C:\\Users\\daakara\\OneDrive - DPDHL\\Documents\\fpl_ai_agent\\main_modular_app\\core\\app_controller.py", line 154, in run\n    recent_page = self.nav_manager.render_recent_pages()\n                  ^^^^^^^^^^^^^^^^^^^^^^^^^^^^^^^^^^^^^^\n  File "C:\\Users\\daakara\\OneDrive - DPDHL\\Documents\\fpl_ai_agent\\main_modular_app\\utils\\modern_ui_components.py", line 217, in render_recent_pages\n    if st.sidebar.button(page_names.get(page, page), key=f"recent_{page}"):\n       ^^^^^^^^^^^^^^^^^^^^^^^^^^^^^^^^^^^^^^^^^^^^^^^^^^^^^^^^^^^^^^^^^^^\n  File "C:\\Users\\daakara\\OneDrive - DPDHL\\Documents\\fpl_ai_agent\\.venv\\Lib\\site-packages\\streamlit\\runtime\\metrics_util.py", line 443, in wrapped_func\n    result = non_optional_func(*args, **kwargs)\n             ^^^^^^^^^^^^^^^^^^^^^^^^^^^^^^^^^^\n  File "C:\\Users\\daakara\\OneDrive - DPDHL\\Documents\\fpl_ai_agent\\.venv\\Lib\\site-packages\\streamlit\\elements\\widgets\\button.py", line 268, in button\n    return self.dg._button(\n           ^^^^^^^^^^^^^^^^\n  File "C:\\Users\\daakara\\OneDrive - DPDHL\\Documents\\fpl_ai_agent\\.venv\\Lib\\site-packages\\streamlit\\elements\\widgets\\button.py", line 1121, in _button\n    element_id = compute_and_register_element_id(\n                 ^^^^^^^^^^^^^^^^^^^^^^^^^^^^^^^^\n  File "C:\\Users\\daakara\\OneDrive - DPDHL\\Documents\\fpl_ai_agent\\.venv\\Lib\\site-packages\\streamlit\\elements\\lib\\utils.py", line 253, in compute_and_register_element_id\n    _register_element_id(ctx, element_type, element_id)\n  File "C:\\Users\\daakara\\OneDrive - DPDHL\\Documents\\fpl_ai_agent\\.venv\\Lib\\site-packages\\streamlit\\elements\\lib\\utils.py", line 145, in _register_element_id\n    raise StreamlitDuplicateElementKey(user_key)\nstreamlit.errors.StreamlitDuplicateElementKey: There are multiple elements with the same `key=\'recent_my_team\'`. To fix this, please make sure that the `key` argument is unique for each element you create.\n'}
2025-09-19 18:55:30,768 - fpl_analytics - INFO - Performance - app_run: 0.02s - {'page': 'my_team'}
2025-09-19 18:55:30,783 - fpl_analytics - ERROR - Error in run: {'error_type': 'StreamlitDuplicateElementKey', 'error_message': "There are multiple elements with the same `key='recent_my_team'`. To fix this, please make sure that the `key` argument is unique for each element you create.", 'context': 'run', 'traceback': 'Traceback (most recent call last):\n  File "C:\\Users\\daakara\\OneDrive - DPDHL\\Documents\\fpl_ai_agent\\main_modular_app\\utils\\error_handling.py", line 99, in wrapper\n    return func(*args, **kwargs)\n           ^^^^^^^^^^^^^^^^^^^^^\n  File "C:\\Users\\daakara\\OneDrive - DPDHL\\Documents\\fpl_ai_agent\\main_modular_app\\core\\app_controller.py", line 154, in run\n    recent_page = self.nav_manager.render_recent_pages()\n                  ^^^^^^^^^^^^^^^^^^^^^^^^^^^^^^^^^^^^^^\n  File "C:\\Users\\daakara\\OneDrive - DPDHL\\Documents\\fpl_ai_agent\\main_modular_app\\utils\\modern_ui_components.py", line 217, in render_recent_pages\n    if st.sidebar.button(page_names.get(page, page), key=f"recent_{page}"):\n       ^^^^^^^^^^^^^^^^^^^^^^^^^^^^^^^^^^^^^^^^^^^^^^^^^^^^^^^^^^^^^^^^^^^\n  File "C:\\Users\\daakara\\OneDrive - DPDHL\\Documents\\fpl_ai_agent\\.venv\\Lib\\site-packages\\streamlit\\runtime\\metrics_util.py", line 443, in wrapped_func\n    result = non_optional_func(*args, **kwargs)\n             ^^^^^^^^^^^^^^^^^^^^^^^^^^^^^^^^^^\n  File "C:\\Users\\daakara\\OneDrive - DPDHL\\Documents\\fpl_ai_agent\\.venv\\Lib\\site-packages\\streamlit\\elements\\widgets\\button.py", line 268, in button\n    return self.dg._button(\n           ^^^^^^^^^^^^^^^^\n  File "C:\\Users\\daakara\\OneDrive - DPDHL\\Documents\\fpl_ai_agent\\.venv\\Lib\\site-packages\\streamlit\\elements\\widgets\\button.py", line 1121, in _button\n    element_id = compute_and_register_element_id(\n                 ^^^^^^^^^^^^^^^^^^^^^^^^^^^^^^^^\n  File "C:\\Users\\daakara\\OneDrive - DPDHL\\Documents\\fpl_ai_agent\\.venv\\Lib\\site-packages\\streamlit\\elements\\lib\\utils.py", line 253, in compute_and_register_element_id\n    _register_element_id(ctx, element_type, element_id)\n  File "C:\\Users\\daakara\\OneDrive - DPDHL\\Documents\\fpl_ai_agent\\.venv\\Lib\\site-packages\\streamlit\\elements\\lib\\utils.py", line 145, in _register_element_id\n    raise StreamlitDuplicateElementKey(user_key)\nstreamlit.errors.StreamlitDuplicateElementKey: There are multiple elements with the same `key=\'recent_my_team\'`. To fix this, please make sure that the `key` argument is unique for each element you create.\n'}
2025-09-19 18:55:38,767 - fpl_analytics - ERROR - Error in app_controller_run: {'error_type': 'StreamlitDuplicateElementKey', 'error_message': "There are multiple elements with the same `key='recent_my_team'`. To fix this, please make sure that the `key` argument is unique for each element you create.", 'context': 'app_controller_run', 'traceback': 'Traceback (most recent call last):\n  File "C:\\Users\\daakara\\OneDrive - DPDHL\\Documents\\fpl_ai_agent\\main_modular_app\\core\\app_controller.py", line 154, in run\n    recent_page = self.nav_manager.render_recent_pages()\n                  ^^^^^^^^^^^^^^^^^^^^^^^^^^^^^^^^^^^^^^\n  File "C:\\Users\\daakara\\OneDrive - DPDHL\\Documents\\fpl_ai_agent\\main_modular_app\\utils\\modern_ui_components.py", line 217, in render_recent_pages\n    if st.sidebar.button(page_names.get(page, page), key=f"recent_{page}"):\n       ^^^^^^^^^^^^^^^^^^^^^^^^^^^^^^^^^^^^^^^^^^^^^^^^^^^^^^^^^^^^^^^^^^^\n  File "C:\\Users\\daakara\\OneDrive - DPDHL\\Documents\\fpl_ai_agent\\.venv\\Lib\\site-packages\\streamlit\\runtime\\metrics_util.py", line 443, in wrapped_func\n    result = non_optional_func(*args, **kwargs)\n             ^^^^^^^^^^^^^^^^^^^^^^^^^^^^^^^^^^\n  File "C:\\Users\\daakara\\OneDrive - DPDHL\\Documents\\fpl_ai_agent\\.venv\\Lib\\site-packages\\streamlit\\elements\\widgets\\button.py", line 268, in button\n    return self.dg._button(\n           ^^^^^^^^^^^^^^^^\n  File "C:\\Users\\daakara\\OneDrive - DPDHL\\Documents\\fpl_ai_agent\\.venv\\Lib\\site-packages\\streamlit\\elements\\widgets\\button.py", line 1121, in _button\n    element_id = compute_and_register_element_id(\n                 ^^^^^^^^^^^^^^^^^^^^^^^^^^^^^^^^\n  File "C:\\Users\\daakara\\OneDrive - DPDHL\\Documents\\fpl_ai_agent\\.venv\\Lib\\site-packages\\streamlit\\elements\\lib\\utils.py", line 253, in compute_and_register_element_id\n    _register_element_id(ctx, element_type, element_id)\n  File "C:\\Users\\daakara\\OneDrive - DPDHL\\Documents\\fpl_ai_agent\\.venv\\Lib\\site-packages\\streamlit\\elements\\lib\\utils.py", line 145, in _register_element_id\n    raise StreamlitDuplicateElementKey(user_key)\nstreamlit.errors.StreamlitDuplicateElementKey: There are multiple elements with the same `key=\'recent_my_team\'`. To fix this, please make sure that the `key` argument is unique for each element you create.\n'}
2025-09-19 18:55:38,767 - fpl_analytics - INFO - Performance - app_run: 0.03s - {'page': 'fixtures'}
2025-09-19 18:55:38,767 - fpl_analytics - ERROR - Error in run: {'error_type': 'StreamlitDuplicateElementKey', 'error_message': "There are multiple elements with the same `key='recent_my_team'`. To fix this, please make sure that the `key` argument is unique for each element you create.", 'context': 'run', 'traceback': 'Traceback (most recent call last):\n  File "C:\\Users\\daakara\\OneDrive - DPDHL\\Documents\\fpl_ai_agent\\main_modular_app\\utils\\error_handling.py", line 99, in wrapper\n    return func(*args, **kwargs)\n           ^^^^^^^^^^^^^^^^^^^^^\n  File "C:\\Users\\daakara\\OneDrive - DPDHL\\Documents\\fpl_ai_agent\\main_modular_app\\core\\app_controller.py", line 154, in run\n    recent_page = self.nav_manager.render_recent_pages()\n                  ^^^^^^^^^^^^^^^^^^^^^^^^^^^^^^^^^^^^^^\n  File "C:\\Users\\daakara\\OneDrive - DPDHL\\Documents\\fpl_ai_agent\\main_modular_app\\utils\\modern_ui_components.py", line 217, in render_recent_pages\n    if st.sidebar.button(page_names.get(page, page), key=f"recent_{page}"):\n       ^^^^^^^^^^^^^^^^^^^^^^^^^^^^^^^^^^^^^^^^^^^^^^^^^^^^^^^^^^^^^^^^^^^\n  File "C:\\Users\\daakara\\OneDrive - DPDHL\\Documents\\fpl_ai_agent\\.venv\\Lib\\site-packages\\streamlit\\runtime\\metrics_util.py", line 443, in wrapped_func\n    result = non_optional_func(*args, **kwargs)\n             ^^^^^^^^^^^^^^^^^^^^^^^^^^^^^^^^^^\n  File "C:\\Users\\daakara\\OneDrive - DPDHL\\Documents\\fpl_ai_agent\\.venv\\Lib\\site-packages\\streamlit\\elements\\widgets\\button.py", line 268, in button\n    return self.dg._button(\n           ^^^^^^^^^^^^^^^^\n  File "C:\\Users\\daakara\\OneDrive - DPDHL\\Documents\\fpl_ai_agent\\.venv\\Lib\\site-packages\\streamlit\\elements\\widgets\\button.py", line 1121, in _button\n    element_id = compute_and_register_element_id(\n                 ^^^^^^^^^^^^^^^^^^^^^^^^^^^^^^^^\n  File "C:\\Users\\daakara\\OneDrive - DPDHL\\Documents\\fpl_ai_agent\\.venv\\Lib\\site-packages\\streamlit\\elements\\lib\\utils.py", line 253, in compute_and_register_element_id\n    _register_element_id(ctx, element_type, element_id)\n  File "C:\\Users\\daakara\\OneDrive - DPDHL\\Documents\\fpl_ai_agent\\.venv\\Lib\\site-packages\\streamlit\\elements\\lib\\utils.py", line 145, in _register_element_id\n    raise StreamlitDuplicateElementKey(user_key)\nstreamlit.errors.StreamlitDuplicateElementKey: There are multiple elements with the same `key=\'recent_my_team\'`. To fix this, please make sure that the `key` argument is unique for each element you create.\n'}
2025-09-19 20:33:10,219 - fpl_analytics - ERROR - Error in app_controller_run: {'error_type': 'StreamlitDuplicateElementKey', 'error_message': "There are multiple elements with the same `key='recent_my_team'`. To fix this, please make sure that the `key` argument is unique for each element you create.", 'context': 'app_controller_run', 'traceback': 'Traceback (most recent call last):\n  File "C:\\Users\\daakara\\OneDrive - DPDHL\\Documents\\fpl_ai_agent\\main_modular_app\\core\\app_controller.py", line 154, in run\n    recent_page = self.nav_manager.render_recent_pages()\n                  ^^^^^^^^^^^^^^^^^^^^^^^^^^^^^^^^^^^^^^\n  File "C:\\Users\\daakara\\OneDrive - DPDHL\\Documents\\fpl_ai_agent\\main_modular_app\\utils\\modern_ui_components.py", line 217, in render_recent_pages\n    if st.sidebar.button(page_names.get(page, page), key=f"recent_{page}"):\n       ^^^^^^^^^^^^^^^^^^^^^^^^^^^^^^^^^^^^^^^^^^^^^^^^^^^^^^^^^^^^^^^^^^^\n  File "C:\\Users\\daakara\\OneDrive - DPDHL\\Documents\\fpl_ai_agent\\.venv\\Lib\\site-packages\\streamlit\\runtime\\metrics_util.py", line 443, in wrapped_func\n    result = non_optional_func(*args, **kwargs)\n             ^^^^^^^^^^^^^^^^^^^^^^^^^^^^^^^^^^\n  File "C:\\Users\\daakara\\OneDrive - DPDHL\\Documents\\fpl_ai_agent\\.venv\\Lib\\site-packages\\streamlit\\elements\\widgets\\button.py", line 268, in button\n    return self.dg._button(\n           ^^^^^^^^^^^^^^^^\n  File "C:\\Users\\daakara\\OneDrive - DPDHL\\Documents\\fpl_ai_agent\\.venv\\Lib\\site-packages\\streamlit\\elements\\widgets\\button.py", line 1121, in _button\n    element_id = compute_and_register_element_id(\n                 ^^^^^^^^^^^^^^^^^^^^^^^^^^^^^^^^\n  File "C:\\Users\\daakara\\OneDrive - DPDHL\\Documents\\fpl_ai_agent\\.venv\\Lib\\site-packages\\streamlit\\elements\\lib\\utils.py", line 253, in compute_and_register_element_id\n    _register_element_id(ctx, element_type, element_id)\n  File "C:\\Users\\daakara\\OneDrive - DPDHL\\Documents\\fpl_ai_agent\\.venv\\Lib\\site-packages\\streamlit\\elements\\lib\\utils.py", line 145, in _register_element_id\n    raise StreamlitDuplicateElementKey(user_key)\nstreamlit.errors.StreamlitDuplicateElementKey: There are multiple elements with the same `key=\'recent_my_team\'`. To fix this, please make sure that the `key` argument is unique for each element you create.\n'}
2025-09-19 20:33:10,226 - fpl_analytics - INFO - Performance - app_run: 34.30s - {'page': 'my_team'}
2025-09-19 20:33:10,229 - fpl_analytics - ERROR - Error in run: {'error_type': 'StreamlitDuplicateElementKey', 'error_message': "There are multiple elements with the same `key='recent_my_team'`. To fix this, please make sure that the `key` argument is unique for each element you create.", 'context': 'run', 'traceback': 'Traceback (most recent call last):\n  File "C:\\Users\\daakara\\OneDrive - DPDHL\\Documents\\fpl_ai_agent\\main_modular_app\\utils\\error_handling.py", line 99, in wrapper\n    return func(*args, **kwargs)\n           ^^^^^^^^^^^^^^^^^^^^^\n  File "C:\\Users\\daakara\\OneDrive - DPDHL\\Documents\\fpl_ai_agent\\main_modular_app\\core\\app_controller.py", line 154, in run\n    recent_page = self.nav_manager.render_recent_pages()\n                  ^^^^^^^^^^^^^^^^^^^^^^^^^^^^^^^^^^^^^^\n  File "C:\\Users\\daakara\\OneDrive - DPDHL\\Documents\\fpl_ai_agent\\main_modular_app\\utils\\modern_ui_components.py", line 217, in render_recent_pages\n    if st.sidebar.button(page_names.get(page, page), key=f"recent_{page}"):\n       ^^^^^^^^^^^^^^^^^^^^^^^^^^^^^^^^^^^^^^^^^^^^^^^^^^^^^^^^^^^^^^^^^^^\n  File "C:\\Users\\daakara\\OneDrive - DPDHL\\Documents\\fpl_ai_agent\\.venv\\Lib\\site-packages\\streamlit\\runtime\\metrics_util.py", line 443, in wrapped_func\n    result = non_optional_func(*args, **kwargs)\n             ^^^^^^^^^^^^^^^^^^^^^^^^^^^^^^^^^^\n  File "C:\\Users\\daakara\\OneDrive - DPDHL\\Documents\\fpl_ai_agent\\.venv\\Lib\\site-packages\\streamlit\\elements\\widgets\\button.py", line 268, in button\n    return self.dg._button(\n           ^^^^^^^^^^^^^^^^\n  File "C:\\Users\\daakara\\OneDrive - DPDHL\\Documents\\fpl_ai_agent\\.venv\\Lib\\site-packages\\streamlit\\elements\\widgets\\button.py", line 1121, in _button\n    element_id = compute_and_register_element_id(\n                 ^^^^^^^^^^^^^^^^^^^^^^^^^^^^^^^^\n  File "C:\\Users\\daakara\\OneDrive - DPDHL\\Documents\\fpl_ai_agent\\.venv\\Lib\\site-packages\\streamlit\\elements\\lib\\utils.py", line 253, in compute_and_register_element_id\n    _register_element_id(ctx, element_type, element_id)\n  File "C:\\Users\\daakara\\OneDrive - DPDHL\\Documents\\fpl_ai_agent\\.venv\\Lib\\site-packages\\streamlit\\elements\\lib\\utils.py", line 145, in _register_element_id\n    raise StreamlitDuplicateElementKey(user_key)\nstreamlit.errors.StreamlitDuplicateElementKey: There are multiple elements with the same `key=\'recent_my_team\'`. To fix this, please make sure that the `key` argument is unique for each element you create.\n'}
2025-09-19 20:33:23,950 - fpl_analytics - ERROR - Error in app_controller_run: {'error_type': 'StreamlitDuplicateElementKey', 'error_message': "There are multiple elements with the same `key='recent_my_team'`. To fix this, please make sure that the `key` argument is unique for each element you create.", 'context': 'app_controller_run', 'traceback': 'Traceback (most recent call last):\n  File "C:\\Users\\daakara\\OneDrive - DPDHL\\Documents\\fpl_ai_agent\\main_modular_app\\core\\app_controller.py", line 154, in run\n    recent_page = self.nav_manager.render_recent_pages()\n                  ^^^^^^^^^^^^^^^^^^^^^^^^^^^^^^^^^^^^^^\n  File "C:\\Users\\daakara\\OneDrive - DPDHL\\Documents\\fpl_ai_agent\\main_modular_app\\utils\\modern_ui_components.py", line 217, in render_recent_pages\n    if st.sidebar.button(page_names.get(page, page), key=f"recent_{page}"):\n       ^^^^^^^^^^^^^^^^^^^^^^^^^^^^^^^^^^^^^^^^^^^^^^^^^^^^^^^^^^^^^^^^^^^\n  File "C:\\Users\\daakara\\OneDrive - DPDHL\\Documents\\fpl_ai_agent\\.venv\\Lib\\site-packages\\streamlit\\runtime\\metrics_util.py", line 443, in wrapped_func\n    result = non_optional_func(*args, **kwargs)\n             ^^^^^^^^^^^^^^^^^^^^^^^^^^^^^^^^^^\n  File "C:\\Users\\daakara\\OneDrive - DPDHL\\Documents\\fpl_ai_agent\\.venv\\Lib\\site-packages\\streamlit\\elements\\widgets\\button.py", line 268, in button\n    return self.dg._button(\n           ^^^^^^^^^^^^^^^^\n  File "C:\\Users\\daakara\\OneDrive - DPDHL\\Documents\\fpl_ai_agent\\.venv\\Lib\\site-packages\\streamlit\\elements\\widgets\\button.py", line 1121, in _button\n    element_id = compute_and_register_element_id(\n                 ^^^^^^^^^^^^^^^^^^^^^^^^^^^^^^^^\n  File "C:\\Users\\daakara\\OneDrive - DPDHL\\Documents\\fpl_ai_agent\\.venv\\Lib\\site-packages\\streamlit\\elements\\lib\\utils.py", line 253, in compute_and_register_element_id\n    _register_element_id(ctx, element_type, element_id)\n  File "C:\\Users\\daakara\\OneDrive - DPDHL\\Documents\\fpl_ai_agent\\.venv\\Lib\\site-packages\\streamlit\\elements\\lib\\utils.py", line 145, in _register_element_id\n    raise StreamlitDuplicateElementKey(user_key)\nstreamlit.errors.StreamlitDuplicateElementKey: There are multiple elements with the same `key=\'recent_my_team\'`. To fix this, please make sure that the `key` argument is unique for each element you create.\n'}
2025-09-19 20:33:23,952 - fpl_analytics - INFO - Performance - app_run: 0.02s - {'page': 'players'}
2025-09-19 20:33:23,955 - fpl_analytics - ERROR - Error in run: {'error_type': 'StreamlitDuplicateElementKey', 'error_message': "There are multiple elements with the same `key='recent_my_team'`. To fix this, please make sure that the `key` argument is unique for each element you create.", 'context': 'run', 'traceback': 'Traceback (most recent call last):\n  File "C:\\Users\\daakara\\OneDrive - DPDHL\\Documents\\fpl_ai_agent\\main_modular_app\\utils\\error_handling.py", line 99, in wrapper\n    return func(*args, **kwargs)\n           ^^^^^^^^^^^^^^^^^^^^^\n  File "C:\\Users\\daakara\\OneDrive - DPDHL\\Documents\\fpl_ai_agent\\main_modular_app\\core\\app_controller.py", line 154, in run\n    recent_page = self.nav_manager.render_recent_pages()\n                  ^^^^^^^^^^^^^^^^^^^^^^^^^^^^^^^^^^^^^^\n  File "C:\\Users\\daakara\\OneDrive - DPDHL\\Documents\\fpl_ai_agent\\main_modular_app\\utils\\modern_ui_components.py", line 217, in render_recent_pages\n    if st.sidebar.button(page_names.get(page, page), key=f"recent_{page}"):\n       ^^^^^^^^^^^^^^^^^^^^^^^^^^^^^^^^^^^^^^^^^^^^^^^^^^^^^^^^^^^^^^^^^^^\n  File "C:\\Users\\daakara\\OneDrive - DPDHL\\Documents\\fpl_ai_agent\\.venv\\Lib\\site-packages\\streamlit\\runtime\\metrics_util.py", line 443, in wrapped_func\n    result = non_optional_func(*args, **kwargs)\n             ^^^^^^^^^^^^^^^^^^^^^^^^^^^^^^^^^^\n  File "C:\\Users\\daakara\\OneDrive - DPDHL\\Documents\\fpl_ai_agent\\.venv\\Lib\\site-packages\\streamlit\\elements\\widgets\\button.py", line 268, in button\n    return self.dg._button(\n           ^^^^^^^^^^^^^^^^\n  File "C:\\Users\\daakara\\OneDrive - DPDHL\\Documents\\fpl_ai_agent\\.venv\\Lib\\site-packages\\streamlit\\elements\\widgets\\button.py", line 1121, in _button\n    element_id = compute_and_register_element_id(\n                 ^^^^^^^^^^^^^^^^^^^^^^^^^^^^^^^^\n  File "C:\\Users\\daakara\\OneDrive - DPDHL\\Documents\\fpl_ai_agent\\.venv\\Lib\\site-packages\\streamlit\\elements\\lib\\utils.py", line 253, in compute_and_register_element_id\n    _register_element_id(ctx, element_type, element_id)\n  File "C:\\Users\\daakara\\OneDrive - DPDHL\\Documents\\fpl_ai_agent\\.venv\\Lib\\site-packages\\streamlit\\elements\\lib\\utils.py", line 145, in _register_element_id\n    raise StreamlitDuplicateElementKey(user_key)\nstreamlit.errors.StreamlitDuplicateElementKey: There are multiple elements with the same `key=\'recent_my_team\'`. To fix this, please make sure that the `key` argument is unique for each element you create.\n'}
2025-09-19 20:44:03,904 - fpl_analytics - ERROR - Error in app_controller_run: {'error_type': 'StreamlitDuplicateElementKey', 'error_message': "There are multiple elements with the same `key='recent_my_team'`. To fix this, please make sure that the `key` argument is unique for each element you create.", 'context': 'app_controller_run', 'traceback': 'Traceback (most recent call last):\n  File "C:\\Users\\daakara\\OneDrive - DPDHL\\Documents\\fpl_ai_agent\\main_modular_app\\core\\app_controller.py", line 154, in run\n    recent_page = self.nav_manager.render_recent_pages()\n                  ^^^^^^^^^^^^^^^^^^^^^^^^^^^^^^^^^^^^^^\n  File "C:\\Users\\daakara\\OneDrive - DPDHL\\Documents\\fpl_ai_agent\\main_modular_app\\utils\\modern_ui_components.py", line 217, in render_recent_pages\n    if st.sidebar.button(page_names.get(page, page), key=f"recent_{page}"):\n       ^^^^^^^^^^^^^^^^^^^^^^^^^^^^^^^^^^^^^^^^^^^^^^^^^^^^^^^^^^^^^^^^^^^\n  File "C:\\Users\\daakara\\OneDrive - DPDHL\\Documents\\fpl_ai_agent\\.venv\\Lib\\site-packages\\streamlit\\runtime\\metrics_util.py", line 443, in wrapped_func\n    result = non_optional_func(*args, **kwargs)\n             ^^^^^^^^^^^^^^^^^^^^^^^^^^^^^^^^^^\n  File "C:\\Users\\daakara\\OneDrive - DPDHL\\Documents\\fpl_ai_agent\\.venv\\Lib\\site-packages\\streamlit\\elements\\widgets\\button.py", line 268, in button\n    return self.dg._button(\n           ^^^^^^^^^^^^^^^^\n  File "C:\\Users\\daakara\\OneDrive - DPDHL\\Documents\\fpl_ai_agent\\.venv\\Lib\\site-packages\\streamlit\\elements\\widgets\\button.py", line 1121, in _button\n    element_id = compute_and_register_element_id(\n                 ^^^^^^^^^^^^^^^^^^^^^^^^^^^^^^^^\n  File "C:\\Users\\daakara\\OneDrive - DPDHL\\Documents\\fpl_ai_agent\\.venv\\Lib\\site-packages\\streamlit\\elements\\lib\\utils.py", line 253, in compute_and_register_element_id\n    _register_element_id(ctx, element_type, element_id)\n  File "C:\\Users\\daakara\\OneDrive - DPDHL\\Documents\\fpl_ai_agent\\.venv\\Lib\\site-packages\\streamlit\\elements\\lib\\utils.py", line 145, in _register_element_id\n    raise StreamlitDuplicateElementKey(user_key)\nstreamlit.errors.StreamlitDuplicateElementKey: There are multiple elements with the same `key=\'recent_my_team\'`. To fix this, please make sure that the `key` argument is unique for each element you create.\n'}
2025-09-19 20:44:03,905 - fpl_analytics - INFO - Performance - app_run: 0.02s - {'page': 'dashboard'}
2025-09-19 20:44:03,906 - fpl_analytics - ERROR - Error in run: {'error_type': 'StreamlitDuplicateElementKey', 'error_message': "There are multiple elements with the same `key='recent_my_team'`. To fix this, please make sure that the `key` argument is unique for each element you create.", 'context': 'run', 'traceback': 'Traceback (most recent call last):\n  File "C:\\Users\\daakara\\OneDrive - DPDHL\\Documents\\fpl_ai_agent\\main_modular_app\\utils\\error_handling.py", line 99, in wrapper\n    return func(*args, **kwargs)\n           ^^^^^^^^^^^^^^^^^^^^^\n  File "C:\\Users\\daakara\\OneDrive - DPDHL\\Documents\\fpl_ai_agent\\main_modular_app\\core\\app_controller.py", line 154, in run\n    recent_page = self.nav_manager.render_recent_pages()\n                  ^^^^^^^^^^^^^^^^^^^^^^^^^^^^^^^^^^^^^^\n  File "C:\\Users\\daakara\\OneDrive - DPDHL\\Documents\\fpl_ai_agent\\main_modular_app\\utils\\modern_ui_components.py", line 217, in render_recent_pages\n    if st.sidebar.button(page_names.get(page, page), key=f"recent_{page}"):\n       ^^^^^^^^^^^^^^^^^^^^^^^^^^^^^^^^^^^^^^^^^^^^^^^^^^^^^^^^^^^^^^^^^^^\n  File "C:\\Users\\daakara\\OneDrive - DPDHL\\Documents\\fpl_ai_agent\\.venv\\Lib\\site-packages\\streamlit\\runtime\\metrics_util.py", line 443, in wrapped_func\n    result = non_optional_func(*args, **kwargs)\n             ^^^^^^^^^^^^^^^^^^^^^^^^^^^^^^^^^^\n  File "C:\\Users\\daakara\\OneDrive - DPDHL\\Documents\\fpl_ai_agent\\.venv\\Lib\\site-packages\\streamlit\\elements\\widgets\\button.py", line 268, in button\n    return self.dg._button(\n           ^^^^^^^^^^^^^^^^\n  File "C:\\Users\\daakara\\OneDrive - DPDHL\\Documents\\fpl_ai_agent\\.venv\\Lib\\site-packages\\streamlit\\elements\\widgets\\button.py", line 1121, in _button\n    element_id = compute_and_register_element_id(\n                 ^^^^^^^^^^^^^^^^^^^^^^^^^^^^^^^^\n  File "C:\\Users\\daakara\\OneDrive - DPDHL\\Documents\\fpl_ai_agent\\.venv\\Lib\\site-packages\\streamlit\\elements\\lib\\utils.py", line 253, in compute_and_register_element_id\n    _register_element_id(ctx, element_type, element_id)\n  File "C:\\Users\\daakara\\OneDrive - DPDHL\\Documents\\fpl_ai_agent\\.venv\\Lib\\site-packages\\streamlit\\elements\\lib\\utils.py", line 145, in _register_element_id\n    raise StreamlitDuplicateElementKey(user_key)\nstreamlit.errors.StreamlitDuplicateElementKey: There are multiple elements with the same `key=\'recent_my_team\'`. To fix this, please make sure that the `key` argument is unique for each element you create.\n'}
2025-09-19 20:44:12,927 - fpl_analytics - ERROR - Error in app_controller_run: {'error_type': 'StreamlitDuplicateElementKey', 'error_message': "There are multiple elements with the same `key='recent_fixtures'`. To fix this, please make sure that the `key` argument is unique for each element you create.", 'context': 'app_controller_run', 'traceback': 'Traceback (most recent call last):\n  File "C:\\Users\\daakara\\OneDrive - DPDHL\\Documents\\fpl_ai_agent\\main_modular_app\\core\\app_controller.py", line 154, in run\n    recent_page = self.nav_manager.render_recent_pages()\n                  ^^^^^^^^^^^^^^^^^^^^^^^^^^^^^^^^^^^^^^\n  File "C:\\Users\\daakara\\OneDrive - DPDHL\\Documents\\fpl_ai_agent\\main_modular_app\\utils\\modern_ui_components.py", line 217, in render_recent_pages\n    if st.sidebar.button(page_names.get(page, page), key=f"recent_{page}"):\n       ^^^^^^^^^^^^^^^^^^^^^^^^^^^^^^^^^^^^^^^^^^^^^^^^^^^^^^^^^^^^^^^^^^^\n  File "C:\\Users\\daakara\\OneDrive - DPDHL\\Documents\\fpl_ai_agent\\.venv\\Lib\\site-packages\\streamlit\\runtime\\metrics_util.py", line 443, in wrapped_func\n    result = non_optional_func(*args, **kwargs)\n             ^^^^^^^^^^^^^^^^^^^^^^^^^^^^^^^^^^\n  File "C:\\Users\\daakara\\OneDrive - DPDHL\\Documents\\fpl_ai_agent\\.venv\\Lib\\site-packages\\streamlit\\elements\\widgets\\button.py", line 268, in button\n    return self.dg._button(\n           ^^^^^^^^^^^^^^^^\n  File "C:\\Users\\daakara\\OneDrive - DPDHL\\Documents\\fpl_ai_agent\\.venv\\Lib\\site-packages\\streamlit\\elements\\widgets\\button.py", line 1121, in _button\n    element_id = compute_and_register_element_id(\n                 ^^^^^^^^^^^^^^^^^^^^^^^^^^^^^^^^\n  File "C:\\Users\\daakara\\OneDrive - DPDHL\\Documents\\fpl_ai_agent\\.venv\\Lib\\site-packages\\streamlit\\elements\\lib\\utils.py", line 253, in compute_and_register_element_id\n    _register_element_id(ctx, element_type, element_id)\n  File "C:\\Users\\daakara\\OneDrive - DPDHL\\Documents\\fpl_ai_agent\\.venv\\Lib\\site-packages\\streamlit\\elements\\lib\\utils.py", line 145, in _register_element_id\n    raise StreamlitDuplicateElementKey(user_key)\nstreamlit.errors.StreamlitDuplicateElementKey: There are multiple elements with the same `key=\'recent_fixtures\'`. To fix this, please make sure that the `key` argument is unique for each element you create.\n'}
2025-09-19 20:44:12,928 - fpl_analytics - INFO - Performance - app_run: 0.01s - {'page': 'fixtures'}
2025-09-19 20:44:12,930 - fpl_analytics - ERROR - Error in run: {'error_type': 'StreamlitDuplicateElementKey', 'error_message': "There are multiple elements with the same `key='recent_fixtures'`. To fix this, please make sure that the `key` argument is unique for each element you create.", 'context': 'run', 'traceback': 'Traceback (most recent call last):\n  File "C:\\Users\\daakara\\OneDrive - DPDHL\\Documents\\fpl_ai_agent\\main_modular_app\\utils\\error_handling.py", line 99, in wrapper\n    return func(*args, **kwargs)\n           ^^^^^^^^^^^^^^^^^^^^^\n  File "C:\\Users\\daakara\\OneDrive - DPDHL\\Documents\\fpl_ai_agent\\main_modular_app\\core\\app_controller.py", line 154, in run\n    recent_page = self.nav_manager.render_recent_pages()\n                  ^^^^^^^^^^^^^^^^^^^^^^^^^^^^^^^^^^^^^^\n  File "C:\\Users\\daakara\\OneDrive - DPDHL\\Documents\\fpl_ai_agent\\main_modular_app\\utils\\modern_ui_components.py", line 217, in render_recent_pages\n    if st.sidebar.button(page_names.get(page, page), key=f"recent_{page}"):\n       ^^^^^^^^^^^^^^^^^^^^^^^^^^^^^^^^^^^^^^^^^^^^^^^^^^^^^^^^^^^^^^^^^^^\n  File "C:\\Users\\daakara\\OneDrive - DPDHL\\Documents\\fpl_ai_agent\\.venv\\Lib\\site-packages\\streamlit\\runtime\\metrics_util.py", line 443, in wrapped_func\n    result = non_optional_func(*args, **kwargs)\n             ^^^^^^^^^^^^^^^^^^^^^^^^^^^^^^^^^^\n  File "C:\\Users\\daakara\\OneDrive - DPDHL\\Documents\\fpl_ai_agent\\.venv\\Lib\\site-packages\\streamlit\\elements\\widgets\\button.py", line 268, in button\n    return self.dg._button(\n           ^^^^^^^^^^^^^^^^\n  File "C:\\Users\\daakara\\OneDrive - DPDHL\\Documents\\fpl_ai_agent\\.venv\\Lib\\site-packages\\streamlit\\elements\\widgets\\button.py", line 1121, in _button\n    element_id = compute_and_register_element_id(\n                 ^^^^^^^^^^^^^^^^^^^^^^^^^^^^^^^^\n  File "C:\\Users\\daakara\\OneDrive - DPDHL\\Documents\\fpl_ai_agent\\.venv\\Lib\\site-packages\\streamlit\\elements\\lib\\utils.py", line 253, in compute_and_register_element_id\n    _register_element_id(ctx, element_type, element_id)\n  File "C:\\Users\\daakara\\OneDrive - DPDHL\\Documents\\fpl_ai_agent\\.venv\\Lib\\site-packages\\streamlit\\elements\\lib\\utils.py", line 145, in _register_element_id\n    raise StreamlitDuplicateElementKey(user_key)\nstreamlit.errors.StreamlitDuplicateElementKey: There are multiple elements with the same `key=\'recent_fixtures\'`. To fix this, please make sure that the `key` argument is unique for each element you create.\n'}
2025-09-19 20:44:17,746 - fpl_analytics - ERROR - Error in app_controller_run: {'error_type': 'StreamlitDuplicateElementKey', 'error_message': "There are multiple elements with the same `key='recent_fixtures'`. To fix this, please make sure that the `key` argument is unique for each element you create.", 'context': 'app_controller_run', 'traceback': 'Traceback (most recent call last):\n  File "C:\\Users\\daakara\\OneDrive - DPDHL\\Documents\\fpl_ai_agent\\main_modular_app\\core\\app_controller.py", line 154, in run\n    recent_page = self.nav_manager.render_recent_pages()\n                  ^^^^^^^^^^^^^^^^^^^^^^^^^^^^^^^^^^^^^^\n  File "C:\\Users\\daakara\\OneDrive - DPDHL\\Documents\\fpl_ai_agent\\main_modular_app\\utils\\modern_ui_components.py", line 217, in render_recent_pages\n    if st.sidebar.button(page_names.get(page, page), key=f"recent_{page}"):\n       ^^^^^^^^^^^^^^^^^^^^^^^^^^^^^^^^^^^^^^^^^^^^^^^^^^^^^^^^^^^^^^^^^^^\n  File "C:\\Users\\daakara\\OneDrive - DPDHL\\Documents\\fpl_ai_agent\\.venv\\Lib\\site-packages\\streamlit\\runtime\\metrics_util.py", line 443, in wrapped_func\n    result = non_optional_func(*args, **kwargs)\n             ^^^^^^^^^^^^^^^^^^^^^^^^^^^^^^^^^^\n  File "C:\\Users\\daakara\\OneDrive - DPDHL\\Documents\\fpl_ai_agent\\.venv\\Lib\\site-packages\\streamlit\\elements\\widgets\\button.py", line 268, in button\n    return self.dg._button(\n           ^^^^^^^^^^^^^^^^\n  File "C:\\Users\\daakara\\OneDrive - DPDHL\\Documents\\fpl_ai_agent\\.venv\\Lib\\site-packages\\streamlit\\elements\\widgets\\button.py", line 1121, in _button\n    element_id = compute_and_register_element_id(\n                 ^^^^^^^^^^^^^^^^^^^^^^^^^^^^^^^^\n  File "C:\\Users\\daakara\\OneDrive - DPDHL\\Documents\\fpl_ai_agent\\.venv\\Lib\\site-packages\\streamlit\\elements\\lib\\utils.py", line 253, in compute_and_register_element_id\n    _register_element_id(ctx, element_type, element_id)\n  File "C:\\Users\\daakara\\OneDrive - DPDHL\\Documents\\fpl_ai_agent\\.venv\\Lib\\site-packages\\streamlit\\elements\\lib\\utils.py", line 145, in _register_element_id\n    raise StreamlitDuplicateElementKey(user_key)\nstreamlit.errors.StreamlitDuplicateElementKey: There are multiple elements with the same `key=\'recent_fixtures\'`. To fix this, please make sure that the `key` argument is unique for each element you create.\n'}
2025-09-19 20:44:17,746 - fpl_analytics - INFO - Performance - app_run: 1.21s - {'page': 'fixtures'}
2025-09-19 20:44:17,754 - fpl_analytics - ERROR - Error in run: {'error_type': 'StreamlitDuplicateElementKey', 'error_message': "There are multiple elements with the same `key='recent_fixtures'`. To fix this, please make sure that the `key` argument is unique for each element you create.", 'context': 'run', 'traceback': 'Traceback (most recent call last):\n  File "C:\\Users\\daakara\\OneDrive - DPDHL\\Documents\\fpl_ai_agent\\main_modular_app\\utils\\error_handling.py", line 99, in wrapper\n    return func(*args, **kwargs)\n           ^^^^^^^^^^^^^^^^^^^^^\n  File "C:\\Users\\daakara\\OneDrive - DPDHL\\Documents\\fpl_ai_agent\\main_modular_app\\core\\app_controller.py", line 154, in run\n    recent_page = self.nav_manager.render_recent_pages()\n                  ^^^^^^^^^^^^^^^^^^^^^^^^^^^^^^^^^^^^^^\n  File "C:\\Users\\daakara\\OneDrive - DPDHL\\Documents\\fpl_ai_agent\\main_modular_app\\utils\\modern_ui_components.py", line 217, in render_recent_pages\n    if st.sidebar.button(page_names.get(page, page), key=f"recent_{page}"):\n       ^^^^^^^^^^^^^^^^^^^^^^^^^^^^^^^^^^^^^^^^^^^^^^^^^^^^^^^^^^^^^^^^^^^\n  File "C:\\Users\\daakara\\OneDrive - DPDHL\\Documents\\fpl_ai_agent\\.venv\\Lib\\site-packages\\streamlit\\runtime\\metrics_util.py", line 443, in wrapped_func\n    result = non_optional_func(*args, **kwargs)\n             ^^^^^^^^^^^^^^^^^^^^^^^^^^^^^^^^^^\n  File "C:\\Users\\daakara\\OneDrive - DPDHL\\Documents\\fpl_ai_agent\\.venv\\Lib\\site-packages\\streamlit\\elements\\widgets\\button.py", line 268, in button\n    return self.dg._button(\n           ^^^^^^^^^^^^^^^^\n  File "C:\\Users\\daakara\\OneDrive - DPDHL\\Documents\\fpl_ai_agent\\.venv\\Lib\\site-packages\\streamlit\\elements\\widgets\\button.py", line 1121, in _button\n    element_id = compute_and_register_element_id(\n                 ^^^^^^^^^^^^^^^^^^^^^^^^^^^^^^^^\n  File "C:\\Users\\daakara\\OneDrive - DPDHL\\Documents\\fpl_ai_agent\\.venv\\Lib\\site-packages\\streamlit\\elements\\lib\\utils.py", line 253, in compute_and_register_element_id\n    _register_element_id(ctx, element_type, element_id)\n  File "C:\\Users\\daakara\\OneDrive - DPDHL\\Documents\\fpl_ai_agent\\.venv\\Lib\\site-packages\\streamlit\\elements\\lib\\utils.py", line 145, in _register_element_id\n    raise StreamlitDuplicateElementKey(user_key)\nstreamlit.errors.StreamlitDuplicateElementKey: There are multiple elements with the same `key=\'recent_fixtures\'`. To fix this, please make sure that the `key` argument is unique for each element you create.\n'}
2025-09-19 20:44:22,022 - fpl_analytics - INFO - Performance - app_run: 0.01s - {'page': 'fixtures'}
2025-09-19 20:44:22,146 - fpl_analytics - ERROR - Error in app_controller_run: {'error_type': 'StreamlitDuplicateElementKey', 'error_message': "There are multiple elements with the same `key='recent_fixtures'`. To fix this, please make sure that the `key` argument is unique for each element you create.", 'context': 'app_controller_run', 'traceback': 'Traceback (most recent call last):\n  File "C:\\Users\\daakara\\OneDrive - DPDHL\\Documents\\fpl_ai_agent\\main_modular_app\\core\\app_controller.py", line 154, in run\n    recent_page = self.nav_manager.render_recent_pages()\n                  ^^^^^^^^^^^^^^^^^^^^^^^^^^^^^^^^^^^^^^\n  File "C:\\Users\\daakara\\OneDrive - DPDHL\\Documents\\fpl_ai_agent\\main_modular_app\\utils\\modern_ui_components.py", line 217, in render_recent_pages\n    if st.sidebar.button(page_names.get(page, page), key=f"recent_{page}"):\n       ^^^^^^^^^^^^^^^^^^^^^^^^^^^^^^^^^^^^^^^^^^^^^^^^^^^^^^^^^^^^^^^^^^^\n  File "C:\\Users\\daakara\\OneDrive - DPDHL\\Documents\\fpl_ai_agent\\.venv\\Lib\\site-packages\\streamlit\\runtime\\metrics_util.py", line 443, in wrapped_func\n    result = non_optional_func(*args, **kwargs)\n             ^^^^^^^^^^^^^^^^^^^^^^^^^^^^^^^^^^\n  File "C:\\Users\\daakara\\OneDrive - DPDHL\\Documents\\fpl_ai_agent\\.venv\\Lib\\site-packages\\streamlit\\elements\\widgets\\button.py", line 268, in button\n    return self.dg._button(\n           ^^^^^^^^^^^^^^^^\n  File "C:\\Users\\daakara\\OneDrive - DPDHL\\Documents\\fpl_ai_agent\\.venv\\Lib\\site-packages\\streamlit\\elements\\widgets\\button.py", line 1121, in _button\n    element_id = compute_and_register_element_id(\n                 ^^^^^^^^^^^^^^^^^^^^^^^^^^^^^^^^\n  File "C:\\Users\\daakara\\OneDrive - DPDHL\\Documents\\fpl_ai_agent\\.venv\\Lib\\site-packages\\streamlit\\elements\\lib\\utils.py", line 253, in compute_and_register_element_id\n    _register_element_id(ctx, element_type, element_id)\n  File "C:\\Users\\daakara\\OneDrive - DPDHL\\Documents\\fpl_ai_agent\\.venv\\Lib\\site-packages\\streamlit\\elements\\lib\\utils.py", line 145, in _register_element_id\n    raise StreamlitDuplicateElementKey(user_key)\nstreamlit.errors.StreamlitDuplicateElementKey: There are multiple elements with the same `key=\'recent_fixtures\'`. To fix this, please make sure that the `key` argument is unique for each element you create.\n'}
2025-09-19 20:44:22,147 - fpl_analytics - INFO - Performance - app_run: 0.01s - {'page': 'fixtures'}
2025-09-19 20:44:22,148 - fpl_analytics - ERROR - Error in run: {'error_type': 'StreamlitDuplicateElementKey', 'error_message': "There are multiple elements with the same `key='recent_fixtures'`. To fix this, please make sure that the `key` argument is unique for each element you create.", 'context': 'run', 'traceback': 'Traceback (most recent call last):\n  File "C:\\Users\\daakara\\OneDrive - DPDHL\\Documents\\fpl_ai_agent\\main_modular_app\\utils\\error_handling.py", line 99, in wrapper\n    return func(*args, **kwargs)\n           ^^^^^^^^^^^^^^^^^^^^^\n  File "C:\\Users\\daakara\\OneDrive - DPDHL\\Documents\\fpl_ai_agent\\main_modular_app\\core\\app_controller.py", line 154, in run\n    recent_page = self.nav_manager.render_recent_pages()\n                  ^^^^^^^^^^^^^^^^^^^^^^^^^^^^^^^^^^^^^^\n  File "C:\\Users\\daakara\\OneDrive - DPDHL\\Documents\\fpl_ai_agent\\main_modular_app\\utils\\modern_ui_components.py", line 217, in render_recent_pages\n    if st.sidebar.button(page_names.get(page, page), key=f"recent_{page}"):\n       ^^^^^^^^^^^^^^^^^^^^^^^^^^^^^^^^^^^^^^^^^^^^^^^^^^^^^^^^^^^^^^^^^^^\n  File "C:\\Users\\daakara\\OneDrive - DPDHL\\Documents\\fpl_ai_agent\\.venv\\Lib\\site-packages\\streamlit\\runtime\\metrics_util.py", line 443, in wrapped_func\n    result = non_optional_func(*args, **kwargs)\n             ^^^^^^^^^^^^^^^^^^^^^^^^^^^^^^^^^^\n  File "C:\\Users\\daakara\\OneDrive - DPDHL\\Documents\\fpl_ai_agent\\.venv\\Lib\\site-packages\\streamlit\\elements\\widgets\\button.py", line 268, in button\n    return self.dg._button(\n           ^^^^^^^^^^^^^^^^\n  File "C:\\Users\\daakara\\OneDrive - DPDHL\\Documents\\fpl_ai_agent\\.venv\\Lib\\site-packages\\streamlit\\elements\\widgets\\button.py", line 1121, in _button\n    element_id = compute_and_register_element_id(\n                 ^^^^^^^^^^^^^^^^^^^^^^^^^^^^^^^^\n  File "C:\\Users\\daakara\\OneDrive - DPDHL\\Documents\\fpl_ai_agent\\.venv\\Lib\\site-packages\\streamlit\\elements\\lib\\utils.py", line 253, in compute_and_register_element_id\n    _register_element_id(ctx, element_type, element_id)\n  File "C:\\Users\\daakara\\OneDrive - DPDHL\\Documents\\fpl_ai_agent\\.venv\\Lib\\site-packages\\streamlit\\elements\\lib\\utils.py", line 145, in _register_element_id\n    raise StreamlitDuplicateElementKey(user_key)\nstreamlit.errors.StreamlitDuplicateElementKey: There are multiple elements with the same `key=\'recent_fixtures\'`. To fix this, please make sure that the `key` argument is unique for each element you create.\n'}
2025-09-19 20:45:06,015 - fpl_analytics - INFO - Performance - page_render_dashboard: 0.00s
2025-09-19 20:45:06,021 - fpl_analytics - INFO - Performance - app_run: 0.02s - {'page': 'dashboard'}
2025-09-19 20:45:13,766 - fpl_analytics - INFO - User Action: data_refresh - Details: {'success': True}
2025-09-19 20:45:14,285 - fpl_analytics - INFO - Performance - page_render_dashboard: 0.51s
2025-09-19 20:45:14,291 - fpl_analytics - INFO - Performance - app_run: 1.76s - {'page': 'dashboard'}
2025-09-19 20:45:31,536 - fpl_analytics - INFO - Performance - page_render_fixtures: 2.41s
2025-09-19 20:45:31,542 - fpl_analytics - INFO - Performance - app_run: 2.43s - {'page': 'fixtures'}
2025-09-19 20:46:02,899 - fpl_analytics - INFO - Performance - page_render_my_team: 1.45s
2025-09-19 20:46:02,909 - fpl_analytics - INFO - Performance - app_run: 1.48s - {'page': 'my_team'}
2025-09-19 20:46:06,037 - fpl_analytics - INFO - Performance - page_render_my_team: 0.85s
2025-09-19 20:46:06,048 - fpl_analytics - INFO - Performance - app_run: 0.87s - {'page': 'my_team'}
2025-09-19 20:46:08,920 - fpl_analytics - INFO - Performance - app_run: 2.05s - {'page': 'my_team'}
2025-09-19 20:46:09,457 - fpl_analytics - INFO - Performance - page_render_my_team: 0.39s
2025-09-19 20:46:09,466 - fpl_analytics - INFO - Performance - app_run: 0.42s - {'page': 'my_team'}
2025-09-19 20:46:20,901 - fpl_analytics - ERROR - Error in app_controller_run: {'error_type': 'StreamlitAPIException', 'error_message': 'Could not find page: `settings`. Must be the file path relative to the main script, from the directory: `main_modular_app`. Only the main app file and files in the `pages/` directory are supported.', 'context': 'app_controller_run', 'traceback': 'Traceback (most recent call last):\n  File "C:\\Users\\daakara\\OneDrive - DPDHL\\Documents\\fpl_ai_agent\\main_modular_app\\core\\app_controller.py", line 142, in run\n    self.handle_quick_action(quick_action)\n  File "C:\\Users\\daakara\\OneDrive - DPDHL\\Documents\\fpl_ai_agent\\main_modular_app\\core\\app_controller.py", line 421, in handle_quick_action\n    st.switch_page("settings")\n  File "C:\\Users\\daakara\\OneDrive - DPDHL\\Documents\\fpl_ai_agent\\.venv\\Lib\\site-packages\\streamlit\\runtime\\metrics_util.py", line 443, in wrapped_func\n    result = non_optional_func(*args, **kwargs)\n             ^^^^^^^^^^^^^^^^^^^^^^^^^^^^^^^^^^\n  File "C:\\Users\\daakara\\OneDrive - DPDHL\\Documents\\fpl_ai_agent\\.venv\\Lib\\site-packages\\streamlit\\commands\\execution_control.py", line 222, in switch_page\n    raise StreamlitAPIException(\nstreamlit.errors.StreamlitAPIException: Could not find page: `settings`. Must be the file path relative to the main script, from the directory: `main_modular_app`. Only the main app file and files in the `pages/` directory are supported.\n'}
2025-09-19 20:46:20,902 - fpl_analytics - INFO - Performance - app_run: 0.02s - {'page': 'dashboard'}
2025-09-19 20:46:20,904 - fpl_analytics - ERROR - Error in run: {'error_type': 'StreamlitAPIException', 'error_message': 'Could not find page: `settings`. Must be the file path relative to the main script, from the directory: `main_modular_app`. Only the main app file and files in the `pages/` directory are supported.', 'context': 'run', 'traceback': 'Traceback (most recent call last):\n  File "C:\\Users\\daakara\\OneDrive - DPDHL\\Documents\\fpl_ai_agent\\main_modular_app\\utils\\error_handling.py", line 99, in wrapper\n    return func(*args, **kwargs)\n           ^^^^^^^^^^^^^^^^^^^^^\n  File "C:\\Users\\daakara\\OneDrive - DPDHL\\Documents\\fpl_ai_agent\\main_modular_app\\core\\app_controller.py", line 142, in run\n    self.handle_quick_action(quick_action)\n  File "C:\\Users\\daakara\\OneDrive - DPDHL\\Documents\\fpl_ai_agent\\main_modular_app\\core\\app_controller.py", line 421, in handle_quick_action\n    st.switch_page("settings")\n  File "C:\\Users\\daakara\\OneDrive - DPDHL\\Documents\\fpl_ai_agent\\.venv\\Lib\\site-packages\\streamlit\\runtime\\metrics_util.py", line 443, in wrapped_func\n    result = non_optional_func(*args, **kwargs)\n             ^^^^^^^^^^^^^^^^^^^^^^^^^^^^^^^^^^\n  File "C:\\Users\\daakara\\OneDrive - DPDHL\\Documents\\fpl_ai_agent\\.venv\\Lib\\site-packages\\streamlit\\commands\\execution_control.py", line 222, in switch_page\n    raise StreamlitAPIException(\nstreamlit.errors.StreamlitAPIException: Could not find page: `settings`. Must be the file path relative to the main script, from the directory: `main_modular_app`. Only the main app file and files in the `pages/` directory are supported.\n'}
2025-09-19 20:46:31,141 - fpl_analytics - INFO - User Action: data_refresh - Details: {'success': True}
2025-09-19 20:46:31,157 - fpl_analytics - ERROR - Error in app_controller_run: {'error_type': 'StreamlitDuplicateElementKey', 'error_message': "There are multiple elements with the same `key='recent_dashboard'`. To fix this, please make sure that the `key` argument is unique for each element you create.", 'context': 'app_controller_run', 'traceback': 'Traceback (most recent call last):\n  File "C:\\Users\\daakara\\OneDrive - DPDHL\\Documents\\fpl_ai_agent\\main_modular_app\\core\\app_controller.py", line 154, in run\n    recent_page = self.nav_manager.render_recent_pages()\n                  ^^^^^^^^^^^^^^^^^^^^^^^^^^^^^^^^^^^^^^\n  File "C:\\Users\\daakara\\OneDrive - DPDHL\\Documents\\fpl_ai_agent\\main_modular_app\\utils\\modern_ui_components.py", line 217, in render_recent_pages\n    if st.sidebar.button(page_names.get(page, page), key=f"recent_{page}"):\n       ^^^^^^^^^^^^^^^^^^^^^^^^^^^^^^^^^^^^^^^^^^^^^^^^^^^^^^^^^^^^^^^^^^^\n  File "C:\\Users\\daakara\\OneDrive - DPDHL\\Documents\\fpl_ai_agent\\.venv\\Lib\\site-packages\\streamlit\\runtime\\metrics_util.py", line 443, in wrapped_func\n    result = non_optional_func(*args, **kwargs)\n             ^^^^^^^^^^^^^^^^^^^^^^^^^^^^^^^^^^\n  File "C:\\Users\\daakara\\OneDrive - DPDHL\\Documents\\fpl_ai_agent\\.venv\\Lib\\site-packages\\streamlit\\elements\\widgets\\button.py", line 268, in button\n    return self.dg._button(\n           ^^^^^^^^^^^^^^^^\n  File "C:\\Users\\daakara\\OneDrive - DPDHL\\Documents\\fpl_ai_agent\\.venv\\Lib\\site-packages\\streamlit\\elements\\widgets\\button.py", line 1121, in _button\n    element_id = compute_and_register_element_id(\n                 ^^^^^^^^^^^^^^^^^^^^^^^^^^^^^^^^\n  File "C:\\Users\\daakara\\OneDrive - DPDHL\\Documents\\fpl_ai_agent\\.venv\\Lib\\site-packages\\streamlit\\elements\\lib\\utils.py", line 253, in compute_and_register_element_id\n    _register_element_id(ctx, element_type, element_id)\n  File "C:\\Users\\daakara\\OneDrive - DPDHL\\Documents\\fpl_ai_agent\\.venv\\Lib\\site-packages\\streamlit\\elements\\lib\\utils.py", line 145, in _register_element_id\n    raise StreamlitDuplicateElementKey(user_key)\nstreamlit.errors.StreamlitDuplicateElementKey: There are multiple elements with the same `key=\'recent_dashboard\'`. To fix this, please make sure that the `key` argument is unique for each element you create.\n'}
2025-09-19 20:46:31,158 - fpl_analytics - INFO - Performance - app_run: 1.13s - {'page': 'dashboard'}
2025-09-19 20:46:31,159 - fpl_analytics - ERROR - Error in run: {'error_type': 'StreamlitDuplicateElementKey', 'error_message': "There are multiple elements with the same `key='recent_dashboard'`. To fix this, please make sure that the `key` argument is unique for each element you create.", 'context': 'run', 'traceback': 'Traceback (most recent call last):\n  File "C:\\Users\\daakara\\OneDrive - DPDHL\\Documents\\fpl_ai_agent\\main_modular_app\\utils\\error_handling.py", line 99, in wrapper\n    return func(*args, **kwargs)\n           ^^^^^^^^^^^^^^^^^^^^^\n  File "C:\\Users\\daakara\\OneDrive - DPDHL\\Documents\\fpl_ai_agent\\main_modular_app\\core\\app_controller.py", line 154, in run\n    recent_page = self.nav_manager.render_recent_pages()\n                  ^^^^^^^^^^^^^^^^^^^^^^^^^^^^^^^^^^^^^^\n  File "C:\\Users\\daakara\\OneDrive - DPDHL\\Documents\\fpl_ai_agent\\main_modular_app\\utils\\modern_ui_components.py", line 217, in render_recent_pages\n    if st.sidebar.button(page_names.get(page, page), key=f"recent_{page}"):\n       ^^^^^^^^^^^^^^^^^^^^^^^^^^^^^^^^^^^^^^^^^^^^^^^^^^^^^^^^^^^^^^^^^^^\n  File "C:\\Users\\daakara\\OneDrive - DPDHL\\Documents\\fpl_ai_agent\\.venv\\Lib\\site-packages\\streamlit\\runtime\\metrics_util.py", line 443, in wrapped_func\n    result = non_optional_func(*args, **kwargs)\n             ^^^^^^^^^^^^^^^^^^^^^^^^^^^^^^^^^^\n  File "C:\\Users\\daakara\\OneDrive - DPDHL\\Documents\\fpl_ai_agent\\.venv\\Lib\\site-packages\\streamlit\\elements\\widgets\\button.py", line 268, in button\n    return self.dg._button(\n           ^^^^^^^^^^^^^^^^\n  File "C:\\Users\\daakara\\OneDrive - DPDHL\\Documents\\fpl_ai_agent\\.venv\\Lib\\site-packages\\streamlit\\elements\\widgets\\button.py", line 1121, in _button\n    element_id = compute_and_register_element_id(\n                 ^^^^^^^^^^^^^^^^^^^^^^^^^^^^^^^^\n  File "C:\\Users\\daakara\\OneDrive - DPDHL\\Documents\\fpl_ai_agent\\.venv\\Lib\\site-packages\\streamlit\\elements\\lib\\utils.py", line 253, in compute_and_register_element_id\n    _register_element_id(ctx, element_type, element_id)\n  File "C:\\Users\\daakara\\OneDrive - DPDHL\\Documents\\fpl_ai_agent\\.venv\\Lib\\site-packages\\streamlit\\elements\\lib\\utils.py", line 145, in _register_element_id\n    raise StreamlitDuplicateElementKey(user_key)\nstreamlit.errors.StreamlitDuplicateElementKey: There are multiple elements with the same `key=\'recent_dashboard\'`. To fix this, please make sure that the `key` argument is unique for each element you create.\n'}
2025-09-19 20:46:40,820 - fpl_analytics - ERROR - Error in app_controller_run: {'error_type': 'StreamlitDuplicateElementKey', 'error_message': "There are multiple elements with the same `key='recent_dashboard'`. To fix this, please make sure that the `key` argument is unique for each element you create.", 'context': 'app_controller_run', 'traceback': 'Traceback (most recent call last):\n  File "C:\\Users\\daakara\\OneDrive - DPDHL\\Documents\\fpl_ai_agent\\main_modular_app\\core\\app_controller.py", line 154, in run\n    recent_page = self.nav_manager.render_recent_pages()\n                  ^^^^^^^^^^^^^^^^^^^^^^^^^^^^^^^^^^^^^^\n  File "C:\\Users\\daakara\\OneDrive - DPDHL\\Documents\\fpl_ai_agent\\main_modular_app\\utils\\modern_ui_components.py", line 217, in render_recent_pages\n    if st.sidebar.button(page_names.get(page, page), key=f"recent_{page}"):\n       ^^^^^^^^^^^^^^^^^^^^^^^^^^^^^^^^^^^^^^^^^^^^^^^^^^^^^^^^^^^^^^^^^^^\n  File "C:\\Users\\daakara\\OneDrive - DPDHL\\Documents\\fpl_ai_agent\\.venv\\Lib\\site-packages\\streamlit\\runtime\\metrics_util.py", line 443, in wrapped_func\n    result = non_optional_func(*args, **kwargs)\n             ^^^^^^^^^^^^^^^^^^^^^^^^^^^^^^^^^^\n  File "C:\\Users\\daakara\\OneDrive - DPDHL\\Documents\\fpl_ai_agent\\.venv\\Lib\\site-packages\\streamlit\\elements\\widgets\\button.py", line 268, in button\n    return self.dg._button(\n           ^^^^^^^^^^^^^^^^\n  File "C:\\Users\\daakara\\OneDrive - DPDHL\\Documents\\fpl_ai_agent\\.venv\\Lib\\site-packages\\streamlit\\elements\\widgets\\button.py", line 1121, in _button\n    element_id = compute_and_register_element_id(\n                 ^^^^^^^^^^^^^^^^^^^^^^^^^^^^^^^^\n  File "C:\\Users\\daakara\\OneDrive - DPDHL\\Documents\\fpl_ai_agent\\.venv\\Lib\\site-packages\\streamlit\\elements\\lib\\utils.py", line 253, in compute_and_register_element_id\n    _register_element_id(ctx, element_type, element_id)\n  File "C:\\Users\\daakara\\OneDrive - DPDHL\\Documents\\fpl_ai_agent\\.venv\\Lib\\site-packages\\streamlit\\elements\\lib\\utils.py", line 145, in _register_element_id\n    raise StreamlitDuplicateElementKey(user_key)\nstreamlit.errors.StreamlitDuplicateElementKey: There are multiple elements with the same `key=\'recent_dashboard\'`. To fix this, please make sure that the `key` argument is unique for each element you create.\n'}
2025-09-19 20:46:40,821 - fpl_analytics - INFO - Performance - app_run: 0.02s - {'page': 'players'}
2025-09-19 20:46:40,823 - fpl_analytics - ERROR - Error in run: {'error_type': 'StreamlitDuplicateElementKey', 'error_message': "There are multiple elements with the same `key='recent_dashboard'`. To fix this, please make sure that the `key` argument is unique for each element you create.", 'context': 'run', 'traceback': 'Traceback (most recent call last):\n  File "C:\\Users\\daakara\\OneDrive - DPDHL\\Documents\\fpl_ai_agent\\main_modular_app\\utils\\error_handling.py", line 99, in wrapper\n    return func(*args, **kwargs)\n           ^^^^^^^^^^^^^^^^^^^^^\n  File "C:\\Users\\daakara\\OneDrive - DPDHL\\Documents\\fpl_ai_agent\\main_modular_app\\core\\app_controller.py", line 154, in run\n    recent_page = self.nav_manager.render_recent_pages()\n                  ^^^^^^^^^^^^^^^^^^^^^^^^^^^^^^^^^^^^^^\n  File "C:\\Users\\daakara\\OneDrive - DPDHL\\Documents\\fpl_ai_agent\\main_modular_app\\utils\\modern_ui_components.py", line 217, in render_recent_pages\n    if st.sidebar.button(page_names.get(page, page), key=f"recent_{page}"):\n       ^^^^^^^^^^^^^^^^^^^^^^^^^^^^^^^^^^^^^^^^^^^^^^^^^^^^^^^^^^^^^^^^^^^\n  File "C:\\Users\\daakara\\OneDrive - DPDHL\\Documents\\fpl_ai_agent\\.venv\\Lib\\site-packages\\streamlit\\runtime\\metrics_util.py", line 443, in wrapped_func\n    result = non_optional_func(*args, **kwargs)\n             ^^^^^^^^^^^^^^^^^^^^^^^^^^^^^^^^^^\n  File "C:\\Users\\daakara\\OneDrive - DPDHL\\Documents\\fpl_ai_agent\\.venv\\Lib\\site-packages\\streamlit\\elements\\widgets\\button.py", line 268, in button\n    return self.dg._button(\n           ^^^^^^^^^^^^^^^^\n  File "C:\\Users\\daakara\\OneDrive - DPDHL\\Documents\\fpl_ai_agent\\.venv\\Lib\\site-packages\\streamlit\\elements\\widgets\\button.py", line 1121, in _button\n    element_id = compute_and_register_element_id(\n                 ^^^^^^^^^^^^^^^^^^^^^^^^^^^^^^^^\n  File "C:\\Users\\daakara\\OneDrive - DPDHL\\Documents\\fpl_ai_agent\\.venv\\Lib\\site-packages\\streamlit\\elements\\lib\\utils.py", line 253, in compute_and_register_element_id\n    _register_element_id(ctx, element_type, element_id)\n  File "C:\\Users\\daakara\\OneDrive - DPDHL\\Documents\\fpl_ai_agent\\.venv\\Lib\\site-packages\\streamlit\\elements\\lib\\utils.py", line 145, in _register_element_id\n    raise StreamlitDuplicateElementKey(user_key)\nstreamlit.errors.StreamlitDuplicateElementKey: There are multiple elements with the same `key=\'recent_dashboard\'`. To fix this, please make sure that the `key` argument is unique for each element you create.\n'}
2025-09-19 20:46:45,168 - fpl_analytics - ERROR - Error in app_controller_run: {'error_type': 'StreamlitDuplicateElementKey', 'error_message': "There are multiple elements with the same `key='recent_fixtures'`. To fix this, please make sure that the `key` argument is unique for each element you create.", 'context': 'app_controller_run', 'traceback': 'Traceback (most recent call last):\n  File "C:\\Users\\daakara\\OneDrive - DPDHL\\Documents\\fpl_ai_agent\\main_modular_app\\core\\app_controller.py", line 154, in run\n    recent_page = self.nav_manager.render_recent_pages()\n                  ^^^^^^^^^^^^^^^^^^^^^^^^^^^^^^^^^^^^^^\n  File "C:\\Users\\daakara\\OneDrive - DPDHL\\Documents\\fpl_ai_agent\\main_modular_app\\utils\\modern_ui_components.py", line 217, in render_recent_pages\n    if st.sidebar.button(page_names.get(page, page), key=f"recent_{page}"):\n       ^^^^^^^^^^^^^^^^^^^^^^^^^^^^^^^^^^^^^^^^^^^^^^^^^^^^^^^^^^^^^^^^^^^\n  File "C:\\Users\\daakara\\OneDrive - DPDHL\\Documents\\fpl_ai_agent\\.venv\\Lib\\site-packages\\streamlit\\runtime\\metrics_util.py", line 443, in wrapped_func\n    result = non_optional_func(*args, **kwargs)\n             ^^^^^^^^^^^^^^^^^^^^^^^^^^^^^^^^^^\n  File "C:\\Users\\daakara\\OneDrive - DPDHL\\Documents\\fpl_ai_agent\\.venv\\Lib\\site-packages\\streamlit\\elements\\widgets\\button.py", line 268, in button\n    return self.dg._button(\n           ^^^^^^^^^^^^^^^^\n  File "C:\\Users\\daakara\\OneDrive - DPDHL\\Documents\\fpl_ai_agent\\.venv\\Lib\\site-packages\\streamlit\\elements\\widgets\\button.py", line 1121, in _button\n    element_id = compute_and_register_element_id(\n                 ^^^^^^^^^^^^^^^^^^^^^^^^^^^^^^^^\n  File "C:\\Users\\daakara\\OneDrive - DPDHL\\Documents\\fpl_ai_agent\\.venv\\Lib\\site-packages\\streamlit\\elements\\lib\\utils.py", line 253, in compute_and_register_element_id\n    _register_element_id(ctx, element_type, element_id)\n  File "C:\\Users\\daakara\\OneDrive - DPDHL\\Documents\\fpl_ai_agent\\.venv\\Lib\\site-packages\\streamlit\\elements\\lib\\utils.py", line 145, in _register_element_id\n    raise StreamlitDuplicateElementKey(user_key)\nstreamlit.errors.StreamlitDuplicateElementKey: There are multiple elements with the same `key=\'recent_fixtures\'`. To fix this, please make sure that the `key` argument is unique for each element you create.\n'}
2025-09-19 20:46:45,169 - fpl_analytics - INFO - Performance - app_run: 0.02s - {'page': 'fixtures'}
2025-09-19 20:46:45,172 - fpl_analytics - ERROR - Error in run: {'error_type': 'StreamlitDuplicateElementKey', 'error_message': "There are multiple elements with the same `key='recent_fixtures'`. To fix this, please make sure that the `key` argument is unique for each element you create.", 'context': 'run', 'traceback': 'Traceback (most recent call last):\n  File "C:\\Users\\daakara\\OneDrive - DPDHL\\Documents\\fpl_ai_agent\\main_modular_app\\utils\\error_handling.py", line 99, in wrapper\n    return func(*args, **kwargs)\n           ^^^^^^^^^^^^^^^^^^^^^\n  File "C:\\Users\\daakara\\OneDrive - DPDHL\\Documents\\fpl_ai_agent\\main_modular_app\\core\\app_controller.py", line 154, in run\n    recent_page = self.nav_manager.render_recent_pages()\n                  ^^^^^^^^^^^^^^^^^^^^^^^^^^^^^^^^^^^^^^\n  File "C:\\Users\\daakara\\OneDrive - DPDHL\\Documents\\fpl_ai_agent\\main_modular_app\\utils\\modern_ui_components.py", line 217, in render_recent_pages\n    if st.sidebar.button(page_names.get(page, page), key=f"recent_{page}"):\n       ^^^^^^^^^^^^^^^^^^^^^^^^^^^^^^^^^^^^^^^^^^^^^^^^^^^^^^^^^^^^^^^^^^^\n  File "C:\\Users\\daakara\\OneDrive - DPDHL\\Documents\\fpl_ai_agent\\.venv\\Lib\\site-packages\\streamlit\\runtime\\metrics_util.py", line 443, in wrapped_func\n    result = non_optional_func(*args, **kwargs)\n             ^^^^^^^^^^^^^^^^^^^^^^^^^^^^^^^^^^\n  File "C:\\Users\\daakara\\OneDrive - DPDHL\\Documents\\fpl_ai_agent\\.venv\\Lib\\site-packages\\streamlit\\elements\\widgets\\button.py", line 268, in button\n    return self.dg._button(\n           ^^^^^^^^^^^^^^^^\n  File "C:\\Users\\daakara\\OneDrive - DPDHL\\Documents\\fpl_ai_agent\\.venv\\Lib\\site-packages\\streamlit\\elements\\widgets\\button.py", line 1121, in _button\n    element_id = compute_and_register_element_id(\n                 ^^^^^^^^^^^^^^^^^^^^^^^^^^^^^^^^\n  File "C:\\Users\\daakara\\OneDrive - DPDHL\\Documents\\fpl_ai_agent\\.venv\\Lib\\site-packages\\streamlit\\elements\\lib\\utils.py", line 253, in compute_and_register_element_id\n    _register_element_id(ctx, element_type, element_id)\n  File "C:\\Users\\daakara\\OneDrive - DPDHL\\Documents\\fpl_ai_agent\\.venv\\Lib\\site-packages\\streamlit\\elements\\lib\\utils.py", line 145, in _register_element_id\n    raise StreamlitDuplicateElementKey(user_key)\nstreamlit.errors.StreamlitDuplicateElementKey: There are multiple elements with the same `key=\'recent_fixtures\'`. To fix this, please make sure that the `key` argument is unique for each element you create.\n'}
2025-09-19 20:46:48,751 - fpl_analytics - ERROR - Error in app_controller_run: {'error_type': 'StreamlitDuplicateElementKey', 'error_message': "There are multiple elements with the same `key='recent_dashboard'`. To fix this, please make sure that the `key` argument is unique for each element you create.", 'context': 'app_controller_run', 'traceback': 'Traceback (most recent call last):\n  File "C:\\Users\\daakara\\OneDrive - DPDHL\\Documents\\fpl_ai_agent\\main_modular_app\\core\\app_controller.py", line 154, in run\n    recent_page = self.nav_manager.render_recent_pages()\n                  ^^^^^^^^^^^^^^^^^^^^^^^^^^^^^^^^^^^^^^\n  File "C:\\Users\\daakara\\OneDrive - DPDHL\\Documents\\fpl_ai_agent\\main_modular_app\\utils\\modern_ui_components.py", line 217, in render_recent_pages\n    if st.sidebar.button(page_names.get(page, page), key=f"recent_{page}"):\n       ^^^^^^^^^^^^^^^^^^^^^^^^^^^^^^^^^^^^^^^^^^^^^^^^^^^^^^^^^^^^^^^^^^^\n  File "C:\\Users\\daakara\\OneDrive - DPDHL\\Documents\\fpl_ai_agent\\.venv\\Lib\\site-packages\\streamlit\\runtime\\metrics_util.py", line 443, in wrapped_func\n    result = non_optional_func(*args, **kwargs)\n             ^^^^^^^^^^^^^^^^^^^^^^^^^^^^^^^^^^\n  File "C:\\Users\\daakara\\OneDrive - DPDHL\\Documents\\fpl_ai_agent\\.venv\\Lib\\site-packages\\streamlit\\elements\\widgets\\button.py", line 268, in button\n    return self.dg._button(\n           ^^^^^^^^^^^^^^^^\n  File "C:\\Users\\daakara\\OneDrive - DPDHL\\Documents\\fpl_ai_agent\\.venv\\Lib\\site-packages\\streamlit\\elements\\widgets\\button.py", line 1121, in _button\n    element_id = compute_and_register_element_id(\n                 ^^^^^^^^^^^^^^^^^^^^^^^^^^^^^^^^\n  File "C:\\Users\\daakara\\OneDrive - DPDHL\\Documents\\fpl_ai_agent\\.venv\\Lib\\site-packages\\streamlit\\elements\\lib\\utils.py", line 253, in compute_and_register_element_id\n    _register_element_id(ctx, element_type, element_id)\n  File "C:\\Users\\daakara\\OneDrive - DPDHL\\Documents\\fpl_ai_agent\\.venv\\Lib\\site-packages\\streamlit\\elements\\lib\\utils.py", line 145, in _register_element_id\n    raise StreamlitDuplicateElementKey(user_key)\nstreamlit.errors.StreamlitDuplicateElementKey: There are multiple elements with the same `key=\'recent_dashboard\'`. To fix this, please make sure that the `key` argument is unique for each element you create.\n'}
2025-09-19 20:46:48,752 - fpl_analytics - INFO - Performance - app_run: 0.02s - {'page': 'dashboard'}
2025-09-19 20:46:48,753 - fpl_analytics - ERROR - Error in run: {'error_type': 'StreamlitDuplicateElementKey', 'error_message': "There are multiple elements with the same `key='recent_dashboard'`. To fix this, please make sure that the `key` argument is unique for each element you create.", 'context': 'run', 'traceback': 'Traceback (most recent call last):\n  File "C:\\Users\\daakara\\OneDrive - DPDHL\\Documents\\fpl_ai_agent\\main_modular_app\\utils\\error_handling.py", line 99, in wrapper\n    return func(*args, **kwargs)\n           ^^^^^^^^^^^^^^^^^^^^^\n  File "C:\\Users\\daakara\\OneDrive - DPDHL\\Documents\\fpl_ai_agent\\main_modular_app\\core\\app_controller.py", line 154, in run\n    recent_page = self.nav_manager.render_recent_pages()\n                  ^^^^^^^^^^^^^^^^^^^^^^^^^^^^^^^^^^^^^^\n  File "C:\\Users\\daakara\\OneDrive - DPDHL\\Documents\\fpl_ai_agent\\main_modular_app\\utils\\modern_ui_components.py", line 217, in render_recent_pages\n    if st.sidebar.button(page_names.get(page, page), key=f"recent_{page}"):\n       ^^^^^^^^^^^^^^^^^^^^^^^^^^^^^^^^^^^^^^^^^^^^^^^^^^^^^^^^^^^^^^^^^^^\n  File "C:\\Users\\daakara\\OneDrive - DPDHL\\Documents\\fpl_ai_agent\\.venv\\Lib\\site-packages\\streamlit\\runtime\\metrics_util.py", line 443, in wrapped_func\n    result = non_optional_func(*args, **kwargs)\n             ^^^^^^^^^^^^^^^^^^^^^^^^^^^^^^^^^^\n  File "C:\\Users\\daakara\\OneDrive - DPDHL\\Documents\\fpl_ai_agent\\.venv\\Lib\\site-packages\\streamlit\\elements\\widgets\\button.py", line 268, in button\n    return self.dg._button(\n           ^^^^^^^^^^^^^^^^\n  File "C:\\Users\\daakara\\OneDrive - DPDHL\\Documents\\fpl_ai_agent\\.venv\\Lib\\site-packages\\streamlit\\elements\\widgets\\button.py", line 1121, in _button\n    element_id = compute_and_register_element_id(\n                 ^^^^^^^^^^^^^^^^^^^^^^^^^^^^^^^^\n  File "C:\\Users\\daakara\\OneDrive - DPDHL\\Documents\\fpl_ai_agent\\.venv\\Lib\\site-packages\\streamlit\\elements\\lib\\utils.py", line 253, in compute_and_register_element_id\n    _register_element_id(ctx, element_type, element_id)\n  File "C:\\Users\\daakara\\OneDrive - DPDHL\\Documents\\fpl_ai_agent\\.venv\\Lib\\site-packages\\streamlit\\elements\\lib\\utils.py", line 145, in _register_element_id\n    raise StreamlitDuplicateElementKey(user_key)\nstreamlit.errors.StreamlitDuplicateElementKey: There are multiple elements with the same `key=\'recent_dashboard\'`. To fix this, please make sure that the `key` argument is unique for each element you create.\n'}
2025-09-19 20:46:57,072 - fpl_analytics - INFO - User Action: data_refresh - Details: {'success': True}
2025-09-19 20:46:57,073 - fpl_analytics - ERROR - Error in app_controller_run: {'error_type': 'StreamlitDuplicateElementKey', 'error_message': "There are multiple elements with the same `key='recent_dashboard'`. To fix this, please make sure that the `key` argument is unique for each element you create.", 'context': 'app_controller_run', 'traceback': 'Traceback (most recent call last):\n  File "C:\\Users\\daakara\\OneDrive - DPDHL\\Documents\\fpl_ai_agent\\main_modular_app\\core\\app_controller.py", line 154, in run\n    recent_page = self.nav_manager.render_recent_pages()\n                  ^^^^^^^^^^^^^^^^^^^^^^^^^^^^^^^^^^^^^^\n  File "C:\\Users\\daakara\\OneDrive - DPDHL\\Documents\\fpl_ai_agent\\main_modular_app\\utils\\modern_ui_components.py", line 217, in render_recent_pages\n    if st.sidebar.button(page_names.get(page, page), key=f"recent_{page}"):\n       ^^^^^^^^^^^^^^^^^^^^^^^^^^^^^^^^^^^^^^^^^^^^^^^^^^^^^^^^^^^^^^^^^^^\n  File "C:\\Users\\daakara\\OneDrive - DPDHL\\Documents\\fpl_ai_agent\\.venv\\Lib\\site-packages\\streamlit\\runtime\\metrics_util.py", line 443, in wrapped_func\n    result = non_optional_func(*args, **kwargs)\n             ^^^^^^^^^^^^^^^^^^^^^^^^^^^^^^^^^^\n  File "C:\\Users\\daakara\\OneDrive - DPDHL\\Documents\\fpl_ai_agent\\.venv\\Lib\\site-packages\\streamlit\\elements\\widgets\\button.py", line 268, in button\n    return self.dg._button(\n           ^^^^^^^^^^^^^^^^\n  File "C:\\Users\\daakara\\OneDrive - DPDHL\\Documents\\fpl_ai_agent\\.venv\\Lib\\site-packages\\streamlit\\elements\\widgets\\button.py", line 1121, in _button\n    element_id = compute_and_register_element_id(\n                 ^^^^^^^^^^^^^^^^^^^^^^^^^^^^^^^^\n  File "C:\\Users\\daakara\\OneDrive - DPDHL\\Documents\\fpl_ai_agent\\.venv\\Lib\\site-packages\\streamlit\\elements\\lib\\utils.py", line 253, in compute_and_register_element_id\n    _register_element_id(ctx, element_type, element_id)\n  File "C:\\Users\\daakara\\OneDrive - DPDHL\\Documents\\fpl_ai_agent\\.venv\\Lib\\site-packages\\streamlit\\elements\\lib\\utils.py", line 145, in _register_element_id\n    raise StreamlitDuplicateElementKey(user_key)\nstreamlit.errors.StreamlitDuplicateElementKey: There are multiple elements with the same `key=\'recent_dashboard\'`. To fix this, please make sure that the `key` argument is unique for each element you create.\n'}
2025-09-19 20:46:57,079 - fpl_analytics - INFO - Performance - app_run: 1.88s - {'page': 'dashboard'}
2025-09-19 20:46:57,079 - fpl_analytics - ERROR - Error in run: {'error_type': 'StreamlitDuplicateElementKey', 'error_message': "There are multiple elements with the same `key='recent_dashboard'`. To fix this, please make sure that the `key` argument is unique for each element you create.", 'context': 'run', 'traceback': 'Traceback (most recent call last):\n  File "C:\\Users\\daakara\\OneDrive - DPDHL\\Documents\\fpl_ai_agent\\main_modular_app\\utils\\error_handling.py", line 99, in wrapper\n    return func(*args, **kwargs)\n           ^^^^^^^^^^^^^^^^^^^^^\n  File "C:\\Users\\daakara\\OneDrive - DPDHL\\Documents\\fpl_ai_agent\\main_modular_app\\core\\app_controller.py", line 154, in run\n    recent_page = self.nav_manager.render_recent_pages()\n                  ^^^^^^^^^^^^^^^^^^^^^^^^^^^^^^^^^^^^^^\n  File "C:\\Users\\daakara\\OneDrive - DPDHL\\Documents\\fpl_ai_agent\\main_modular_app\\utils\\modern_ui_components.py", line 217, in render_recent_pages\n    if st.sidebar.button(page_names.get(page, page), key=f"recent_{page}"):\n       ^^^^^^^^^^^^^^^^^^^^^^^^^^^^^^^^^^^^^^^^^^^^^^^^^^^^^^^^^^^^^^^^^^^\n  File "C:\\Users\\daakara\\OneDrive - DPDHL\\Documents\\fpl_ai_agent\\.venv\\Lib\\site-packages\\streamlit\\runtime\\metrics_util.py", line 443, in wrapped_func\n    result = non_optional_func(*args, **kwargs)\n             ^^^^^^^^^^^^^^^^^^^^^^^^^^^^^^^^^^\n  File "C:\\Users\\daakara\\OneDrive - DPDHL\\Documents\\fpl_ai_agent\\.venv\\Lib\\site-packages\\streamlit\\elements\\widgets\\button.py", line 268, in button\n    return self.dg._button(\n           ^^^^^^^^^^^^^^^^\n  File "C:\\Users\\daakara\\OneDrive - DPDHL\\Documents\\fpl_ai_agent\\.venv\\Lib\\site-packages\\streamlit\\elements\\widgets\\button.py", line 1121, in _button\n    element_id = compute_and_register_element_id(\n                 ^^^^^^^^^^^^^^^^^^^^^^^^^^^^^^^^\n  File "C:\\Users\\daakara\\OneDrive - DPDHL\\Documents\\fpl_ai_agent\\.venv\\Lib\\site-packages\\streamlit\\elements\\lib\\utils.py", line 253, in compute_and_register_element_id\n    _register_element_id(ctx, element_type, element_id)\n  File "C:\\Users\\daakara\\OneDrive - DPDHL\\Documents\\fpl_ai_agent\\.venv\\Lib\\site-packages\\streamlit\\elements\\lib\\utils.py", line 145, in _register_element_id\n    raise StreamlitDuplicateElementKey(user_key)\nstreamlit.errors.StreamlitDuplicateElementKey: There are multiple elements with the same `key=\'recent_dashboard\'`. To fix this, please make sure that the `key` argument is unique for each element you create.\n'}
2025-09-19 20:47:03,786 - fpl_analytics - ERROR - Error in app_controller_run: {'error_type': 'StreamlitDuplicateElementKey', 'error_message': "There are multiple elements with the same `key='recent_players'`. To fix this, please make sure that the `key` argument is unique for each element you create.", 'context': 'app_controller_run', 'traceback': 'Traceback (most recent call last):\n  File "C:\\Users\\daakara\\OneDrive - DPDHL\\Documents\\fpl_ai_agent\\main_modular_app\\core\\app_controller.py", line 154, in run\n    recent_page = self.nav_manager.render_recent_pages()\n                  ^^^^^^^^^^^^^^^^^^^^^^^^^^^^^^^^^^^^^^\n  File "C:\\Users\\daakara\\OneDrive - DPDHL\\Documents\\fpl_ai_agent\\main_modular_app\\utils\\modern_ui_components.py", line 217, in render_recent_pages\n    if st.sidebar.button(page_names.get(page, page), key=f"recent_{page}"):\n       ^^^^^^^^^^^^^^^^^^^^^^^^^^^^^^^^^^^^^^^^^^^^^^^^^^^^^^^^^^^^^^^^^^^\n  File "C:\\Users\\daakara\\OneDrive - DPDHL\\Documents\\fpl_ai_agent\\.venv\\Lib\\site-packages\\streamlit\\runtime\\metrics_util.py", line 443, in wrapped_func\n    result = non_optional_func(*args, **kwargs)\n             ^^^^^^^^^^^^^^^^^^^^^^^^^^^^^^^^^^\n  File "C:\\Users\\daakara\\OneDrive - DPDHL\\Documents\\fpl_ai_agent\\.venv\\Lib\\site-packages\\streamlit\\elements\\widgets\\button.py", line 268, in button\n    return self.dg._button(\n           ^^^^^^^^^^^^^^^^\n  File "C:\\Users\\daakara\\OneDrive - DPDHL\\Documents\\fpl_ai_agent\\.venv\\Lib\\site-packages\\streamlit\\elements\\widgets\\button.py", line 1121, in _button\n    element_id = compute_and_register_element_id(\n                 ^^^^^^^^^^^^^^^^^^^^^^^^^^^^^^^^\n  File "C:\\Users\\daakara\\OneDrive - DPDHL\\Documents\\fpl_ai_agent\\.venv\\Lib\\site-packages\\streamlit\\elements\\lib\\utils.py", line 253, in compute_and_register_element_id\n    _register_element_id(ctx, element_type, element_id)\n  File "C:\\Users\\daakara\\OneDrive - DPDHL\\Documents\\fpl_ai_agent\\.venv\\Lib\\site-packages\\streamlit\\elements\\lib\\utils.py", line 145, in _register_element_id\n    raise StreamlitDuplicateElementKey(user_key)\nstreamlit.errors.StreamlitDuplicateElementKey: There are multiple elements with the same `key=\'recent_players\'`. To fix this, please make sure that the `key` argument is unique for each element you create.\n'}
2025-09-19 20:47:03,788 - fpl_analytics - INFO - Performance - app_run: 0.02s - {'page': 'players'}
2025-09-19 20:47:03,791 - fpl_analytics - ERROR - Error in run: {'error_type': 'StreamlitDuplicateElementKey', 'error_message': "There are multiple elements with the same `key='recent_players'`. To fix this, please make sure that the `key` argument is unique for each element you create.", 'context': 'run', 'traceback': 'Traceback (most recent call last):\n  File "C:\\Users\\daakara\\OneDrive - DPDHL\\Documents\\fpl_ai_agent\\main_modular_app\\utils\\error_handling.py", line 99, in wrapper\n    return func(*args, **kwargs)\n           ^^^^^^^^^^^^^^^^^^^^^\n  File "C:\\Users\\daakara\\OneDrive - DPDHL\\Documents\\fpl_ai_agent\\main_modular_app\\core\\app_controller.py", line 154, in run\n    recent_page = self.nav_manager.render_recent_pages()\n                  ^^^^^^^^^^^^^^^^^^^^^^^^^^^^^^^^^^^^^^\n  File "C:\\Users\\daakara\\OneDrive - DPDHL\\Documents\\fpl_ai_agent\\main_modular_app\\utils\\modern_ui_components.py", line 217, in render_recent_pages\n    if st.sidebar.button(page_names.get(page, page), key=f"recent_{page}"):\n       ^^^^^^^^^^^^^^^^^^^^^^^^^^^^^^^^^^^^^^^^^^^^^^^^^^^^^^^^^^^^^^^^^^^\n  File "C:\\Users\\daakara\\OneDrive - DPDHL\\Documents\\fpl_ai_agent\\.venv\\Lib\\site-packages\\streamlit\\runtime\\metrics_util.py", line 443, in wrapped_func\n    result = non_optional_func(*args, **kwargs)\n             ^^^^^^^^^^^^^^^^^^^^^^^^^^^^^^^^^^\n  File "C:\\Users\\daakara\\OneDrive - DPDHL\\Documents\\fpl_ai_agent\\.venv\\Lib\\site-packages\\streamlit\\elements\\widgets\\button.py", line 268, in button\n    return self.dg._button(\n           ^^^^^^^^^^^^^^^^\n  File "C:\\Users\\daakara\\OneDrive - DPDHL\\Documents\\fpl_ai_agent\\.venv\\Lib\\site-packages\\streamlit\\elements\\widgets\\button.py", line 1121, in _button\n    element_id = compute_and_register_element_id(\n                 ^^^^^^^^^^^^^^^^^^^^^^^^^^^^^^^^\n  File "C:\\Users\\daakara\\OneDrive - DPDHL\\Documents\\fpl_ai_agent\\.venv\\Lib\\site-packages\\streamlit\\elements\\lib\\utils.py", line 253, in compute_and_register_element_id\n    _register_element_id(ctx, element_type, element_id)\n  File "C:\\Users\\daakara\\OneDrive - DPDHL\\Documents\\fpl_ai_agent\\.venv\\Lib\\site-packages\\streamlit\\elements\\lib\\utils.py", line 145, in _register_element_id\n    raise StreamlitDuplicateElementKey(user_key)\nstreamlit.errors.StreamlitDuplicateElementKey: There are multiple elements with the same `key=\'recent_players\'`. To fix this, please make sure that the `key` argument is unique for each element you create.\n'}
2025-09-19 20:47:08,228 - fpl_analytics - ERROR - Error in app_controller_run: {'error_type': 'StreamlitDuplicateElementKey', 'error_message': "There are multiple elements with the same `key='recent_players'`. To fix this, please make sure that the `key` argument is unique for each element you create.", 'context': 'app_controller_run', 'traceback': 'Traceback (most recent call last):\n  File "C:\\Users\\daakara\\OneDrive - DPDHL\\Documents\\fpl_ai_agent\\main_modular_app\\core\\app_controller.py", line 154, in run\n    recent_page = self.nav_manager.render_recent_pages()\n                  ^^^^^^^^^^^^^^^^^^^^^^^^^^^^^^^^^^^^^^\n  File "C:\\Users\\daakara\\OneDrive - DPDHL\\Documents\\fpl_ai_agent\\main_modular_app\\utils\\modern_ui_components.py", line 217, in render_recent_pages\n    if st.sidebar.button(page_names.get(page, page), key=f"recent_{page}"):\n       ^^^^^^^^^^^^^^^^^^^^^^^^^^^^^^^^^^^^^^^^^^^^^^^^^^^^^^^^^^^^^^^^^^^\n  File "C:\\Users\\daakara\\OneDrive - DPDHL\\Documents\\fpl_ai_agent\\.venv\\Lib\\site-packages\\streamlit\\runtime\\metrics_util.py", line 443, in wrapped_func\n    result = non_optional_func(*args, **kwargs)\n             ^^^^^^^^^^^^^^^^^^^^^^^^^^^^^^^^^^\n  File "C:\\Users\\daakara\\OneDrive - DPDHL\\Documents\\fpl_ai_agent\\.venv\\Lib\\site-packages\\streamlit\\elements\\widgets\\button.py", line 268, in button\n    return self.dg._button(\n           ^^^^^^^^^^^^^^^^\n  File "C:\\Users\\daakara\\OneDrive - DPDHL\\Documents\\fpl_ai_agent\\.venv\\Lib\\site-packages\\streamlit\\elements\\widgets\\button.py", line 1121, in _button\n    element_id = compute_and_register_element_id(\n                 ^^^^^^^^^^^^^^^^^^^^^^^^^^^^^^^^\n  File "C:\\Users\\daakara\\OneDrive - DPDHL\\Documents\\fpl_ai_agent\\.venv\\Lib\\site-packages\\streamlit\\elements\\lib\\utils.py", line 253, in compute_and_register_element_id\n    _register_element_id(ctx, element_type, element_id)\n  File "C:\\Users\\daakara\\OneDrive - DPDHL\\Documents\\fpl_ai_agent\\.venv\\Lib\\site-packages\\streamlit\\elements\\lib\\utils.py", line 145, in _register_element_id\n    raise StreamlitDuplicateElementKey(user_key)\nstreamlit.errors.StreamlitDuplicateElementKey: There are multiple elements with the same `key=\'recent_players\'`. To fix this, please make sure that the `key` argument is unique for each element you create.\n'}
2025-09-19 20:47:08,229 - fpl_analytics - INFO - Performance - app_run: 0.01s - {'page': 'my_team'}
2025-09-19 20:47:08,231 - fpl_analytics - ERROR - Error in run: {'error_type': 'StreamlitDuplicateElementKey', 'error_message': "There are multiple elements with the same `key='recent_players'`. To fix this, please make sure that the `key` argument is unique for each element you create.", 'context': 'run', 'traceback': 'Traceback (most recent call last):\n  File "C:\\Users\\daakara\\OneDrive - DPDHL\\Documents\\fpl_ai_agent\\main_modular_app\\utils\\error_handling.py", line 99, in wrapper\n    return func(*args, **kwargs)\n           ^^^^^^^^^^^^^^^^^^^^^\n  File "C:\\Users\\daakara\\OneDrive - DPDHL\\Documents\\fpl_ai_agent\\main_modular_app\\core\\app_controller.py", line 154, in run\n    recent_page = self.nav_manager.render_recent_pages()\n                  ^^^^^^^^^^^^^^^^^^^^^^^^^^^^^^^^^^^^^^\n  File "C:\\Users\\daakara\\OneDrive - DPDHL\\Documents\\fpl_ai_agent\\main_modular_app\\utils\\modern_ui_components.py", line 217, in render_recent_pages\n    if st.sidebar.button(page_names.get(page, page), key=f"recent_{page}"):\n       ^^^^^^^^^^^^^^^^^^^^^^^^^^^^^^^^^^^^^^^^^^^^^^^^^^^^^^^^^^^^^^^^^^^\n  File "C:\\Users\\daakara\\OneDrive - DPDHL\\Documents\\fpl_ai_agent\\.venv\\Lib\\site-packages\\streamlit\\runtime\\metrics_util.py", line 443, in wrapped_func\n    result = non_optional_func(*args, **kwargs)\n             ^^^^^^^^^^^^^^^^^^^^^^^^^^^^^^^^^^\n  File "C:\\Users\\daakara\\OneDrive - DPDHL\\Documents\\fpl_ai_agent\\.venv\\Lib\\site-packages\\streamlit\\elements\\widgets\\button.py", line 268, in button\n    return self.dg._button(\n           ^^^^^^^^^^^^^^^^\n  File "C:\\Users\\daakara\\OneDrive - DPDHL\\Documents\\fpl_ai_agent\\.venv\\Lib\\site-packages\\streamlit\\elements\\widgets\\button.py", line 1121, in _button\n    element_id = compute_and_register_element_id(\n                 ^^^^^^^^^^^^^^^^^^^^^^^^^^^^^^^^\n  File "C:\\Users\\daakara\\OneDrive - DPDHL\\Documents\\fpl_ai_agent\\.venv\\Lib\\site-packages\\streamlit\\elements\\lib\\utils.py", line 253, in compute_and_register_element_id\n    _register_element_id(ctx, element_type, element_id)\n  File "C:\\Users\\daakara\\OneDrive - DPDHL\\Documents\\fpl_ai_agent\\.venv\\Lib\\site-packages\\streamlit\\elements\\lib\\utils.py", line 145, in _register_element_id\n    raise StreamlitDuplicateElementKey(user_key)\nstreamlit.errors.StreamlitDuplicateElementKey: There are multiple elements with the same `key=\'recent_players\'`. To fix this, please make sure that the `key` argument is unique for each element you create.\n'}
2025-09-19 20:51:16,744 - fpl_analytics - ERROR - Error in app_controller_run: {'error_type': 'StreamlitDuplicateElementKey', 'error_message': "There are multiple elements with the same `key='recent_players'`. To fix this, please make sure that the `key` argument is unique for each element you create.", 'context': 'app_controller_run', 'traceback': 'Traceback (most recent call last):\n  File "C:\\Users\\daakara\\OneDrive - DPDHL\\Documents\\fpl_ai_agent\\main_modular_app\\core\\app_controller.py", line 154, in run\n    recent_page = self.nav_manager.render_recent_pages()\n                  ^^^^^^^^^^^^^^^^^^^^^^^^^^^^^^^^^^^^^^\n  File "C:\\Users\\daakara\\OneDrive - DPDHL\\Documents\\fpl_ai_agent\\main_modular_app\\utils\\modern_ui_components.py", line 217, in render_recent_pages\n    unique_recent_pages = []\n           ^^^^^^^^^^^^^^^^^^\n  File "C:\\Users\\daakara\\OneDrive - DPDHL\\Documents\\fpl_ai_agent\\.venv\\Lib\\site-packages\\streamlit\\runtime\\metrics_util.py", line 443, in wrapped_func\n    result = non_optional_func(*args, **kwargs)\n             ^^^^^^^^^^^^^^^^^^^^^^^^^^^^^^^^^^\n  File "C:\\Users\\daakara\\OneDrive - DPDHL\\Documents\\fpl_ai_agent\\.venv\\Lib\\site-packages\\streamlit\\elements\\widgets\\button.py", line 268, in button\n    return self.dg._button(\n           ^^^^^^^^^^^^^^^^\n  File "C:\\Users\\daakara\\OneDrive - DPDHL\\Documents\\fpl_ai_agent\\.venv\\Lib\\site-packages\\streamlit\\elements\\widgets\\button.py", line 1121, in _button\n    element_id = compute_and_register_element_id(\n                 ^^^^^^^^^^^^^^^^^^^^^^^^^^^^^^^^\n  File "C:\\Users\\daakara\\OneDrive - DPDHL\\Documents\\fpl_ai_agent\\.venv\\Lib\\site-packages\\streamlit\\elements\\lib\\utils.py", line 253, in compute_and_register_element_id\n    _register_element_id(ctx, element_type, element_id)\n  File "C:\\Users\\daakara\\OneDrive - DPDHL\\Documents\\fpl_ai_agent\\.venv\\Lib\\site-packages\\streamlit\\elements\\lib\\utils.py", line 145, in _register_element_id\n    raise StreamlitDuplicateElementKey(user_key)\nstreamlit.errors.StreamlitDuplicateElementKey: There are multiple elements with the same `key=\'recent_players\'`. To fix this, please make sure that the `key` argument is unique for each element you create.\n'}
2025-09-19 20:51:16,747 - fpl_analytics - INFO - Performance - app_run: 0.02s - {'page': 'my_team'}
2025-09-19 20:51:16,749 - fpl_analytics - ERROR - Error in run: {'error_type': 'StreamlitDuplicateElementKey', 'error_message': "There are multiple elements with the same `key='recent_players'`. To fix this, please make sure that the `key` argument is unique for each element you create.", 'context': 'run', 'traceback': 'Traceback (most recent call last):\n  File "C:\\Users\\daakara\\OneDrive - DPDHL\\Documents\\fpl_ai_agent\\main_modular_app\\utils\\error_handling.py", line 99, in wrapper\n    return func(*args, **kwargs)\n           ^^^^^^^^^^^^^^^^^^^^^\n  File "C:\\Users\\daakara\\OneDrive - DPDHL\\Documents\\fpl_ai_agent\\main_modular_app\\core\\app_controller.py", line 154, in run\n    recent_page = self.nav_manager.render_recent_pages()\n                  ^^^^^^^^^^^^^^^^^^^^^^^^^^^^^^^^^^^^^^\n  File "C:\\Users\\daakara\\OneDrive - DPDHL\\Documents\\fpl_ai_agent\\main_modular_app\\utils\\modern_ui_components.py", line 217, in render_recent_pages\n    unique_recent_pages = []\n           ^^^^^^^^^^^^^^^^^^\n  File "C:\\Users\\daakara\\OneDrive - DPDHL\\Documents\\fpl_ai_agent\\.venv\\Lib\\site-packages\\streamlit\\runtime\\metrics_util.py", line 443, in wrapped_func\n    result = non_optional_func(*args, **kwargs)\n             ^^^^^^^^^^^^^^^^^^^^^^^^^^^^^^^^^^\n  File "C:\\Users\\daakara\\OneDrive - DPDHL\\Documents\\fpl_ai_agent\\.venv\\Lib\\site-packages\\streamlit\\elements\\widgets\\button.py", line 268, in button\n    return self.dg._button(\n           ^^^^^^^^^^^^^^^^\n  File "C:\\Users\\daakara\\OneDrive - DPDHL\\Documents\\fpl_ai_agent\\.venv\\Lib\\site-packages\\streamlit\\elements\\widgets\\button.py", line 1121, in _button\n    element_id = compute_and_register_element_id(\n                 ^^^^^^^^^^^^^^^^^^^^^^^^^^^^^^^^\n  File "C:\\Users\\daakara\\OneDrive - DPDHL\\Documents\\fpl_ai_agent\\.venv\\Lib\\site-packages\\streamlit\\elements\\lib\\utils.py", line 253, in compute_and_register_element_id\n    _register_element_id(ctx, element_type, element_id)\n  File "C:\\Users\\daakara\\OneDrive - DPDHL\\Documents\\fpl_ai_agent\\.venv\\Lib\\site-packages\\streamlit\\elements\\lib\\utils.py", line 145, in _register_element_id\n    raise StreamlitDuplicateElementKey(user_key)\nstreamlit.errors.StreamlitDuplicateElementKey: There are multiple elements with the same `key=\'recent_players\'`. To fix this, please make sure that the `key` argument is unique for each element you create.\n'}
2025-09-19 20:51:24,601 - fpl_analytics - ERROR - Error in app_controller_run: {'error_type': 'StreamlitDuplicateElementKey', 'error_message': "There are multiple elements with the same `key='recent_players'`. To fix this, please make sure that the `key` argument is unique for each element you create.", 'context': 'app_controller_run', 'traceback': 'Traceback (most recent call last):\n  File "C:\\Users\\daakara\\OneDrive - DPDHL\\Documents\\fpl_ai_agent\\main_modular_app\\core\\app_controller.py", line 154, in run\n    recent_page = self.nav_manager.render_recent_pages()\n                  ^^^^^^^^^^^^^^^^^^^^^^^^^^^^^^^^^^^^^^\n  File "C:\\Users\\daakara\\OneDrive - DPDHL\\Documents\\fpl_ai_agent\\main_modular_app\\utils\\modern_ui_components.py", line 217, in render_recent_pages\n    unique_recent_pages = []\n           ^^^^^^^^^^^^^^^^^^\n  File "C:\\Users\\daakara\\OneDrive - DPDHL\\Documents\\fpl_ai_agent\\.venv\\Lib\\site-packages\\streamlit\\runtime\\metrics_util.py", line 443, in wrapped_func\n    result = non_optional_func(*args, **kwargs)\n             ^^^^^^^^^^^^^^^^^^^^^^^^^^^^^^^^^^\n  File "C:\\Users\\daakara\\OneDrive - DPDHL\\Documents\\fpl_ai_agent\\.venv\\Lib\\site-packages\\streamlit\\elements\\widgets\\button.py", line 268, in button\n    return self.dg._button(\n           ^^^^^^^^^^^^^^^^\n  File "C:\\Users\\daakara\\OneDrive - DPDHL\\Documents\\fpl_ai_agent\\.venv\\Lib\\site-packages\\streamlit\\elements\\widgets\\button.py", line 1121, in _button\n    element_id = compute_and_register_element_id(\n                 ^^^^^^^^^^^^^^^^^^^^^^^^^^^^^^^^\n  File "C:\\Users\\daakara\\OneDrive - DPDHL\\Documents\\fpl_ai_agent\\.venv\\Lib\\site-packages\\streamlit\\elements\\lib\\utils.py", line 253, in compute_and_register_element_id\n    _register_element_id(ctx, element_type, element_id)\n  File "C:\\Users\\daakara\\OneDrive - DPDHL\\Documents\\fpl_ai_agent\\.venv\\Lib\\site-packages\\streamlit\\elements\\lib\\utils.py", line 145, in _register_element_id\n    raise StreamlitDuplicateElementKey(user_key)\nstreamlit.errors.StreamlitDuplicateElementKey: There are multiple elements with the same `key=\'recent_players\'`. To fix this, please make sure that the `key` argument is unique for each element you create.\n'}
2025-09-19 20:51:24,603 - fpl_analytics - INFO - Performance - app_run: 0.02s - {'page': 'my_team'}
2025-09-19 20:51:24,605 - fpl_analytics - ERROR - Error in run: {'error_type': 'StreamlitDuplicateElementKey', 'error_message': "There are multiple elements with the same `key='recent_players'`. To fix this, please make sure that the `key` argument is unique for each element you create.", 'context': 'run', 'traceback': 'Traceback (most recent call last):\n  File "C:\\Users\\daakara\\OneDrive - DPDHL\\Documents\\fpl_ai_agent\\main_modular_app\\utils\\error_handling.py", line 99, in wrapper\n    return func(*args, **kwargs)\n           ^^^^^^^^^^^^^^^^^^^^^\n  File "C:\\Users\\daakara\\OneDrive - DPDHL\\Documents\\fpl_ai_agent\\main_modular_app\\core\\app_controller.py", line 154, in run\n    recent_page = self.nav_manager.render_recent_pages()\n                  ^^^^^^^^^^^^^^^^^^^^^^^^^^^^^^^^^^^^^^\n  File "C:\\Users\\daakara\\OneDrive - DPDHL\\Documents\\fpl_ai_agent\\main_modular_app\\utils\\modern_ui_components.py", line 217, in render_recent_pages\n    unique_recent_pages = []\n           ^^^^^^^^^^^^^^^^^^\n  File "C:\\Users\\daakara\\OneDrive - DPDHL\\Documents\\fpl_ai_agent\\.venv\\Lib\\site-packages\\streamlit\\runtime\\metrics_util.py", line 443, in wrapped_func\n    result = non_optional_func(*args, **kwargs)\n             ^^^^^^^^^^^^^^^^^^^^^^^^^^^^^^^^^^\n  File "C:\\Users\\daakara\\OneDrive - DPDHL\\Documents\\fpl_ai_agent\\.venv\\Lib\\site-packages\\streamlit\\elements\\widgets\\button.py", line 268, in button\n    return self.dg._button(\n           ^^^^^^^^^^^^^^^^\n  File "C:\\Users\\daakara\\OneDrive - DPDHL\\Documents\\fpl_ai_agent\\.venv\\Lib\\site-packages\\streamlit\\elements\\widgets\\button.py", line 1121, in _button\n    element_id = compute_and_register_element_id(\n                 ^^^^^^^^^^^^^^^^^^^^^^^^^^^^^^^^\n  File "C:\\Users\\daakara\\OneDrive - DPDHL\\Documents\\fpl_ai_agent\\.venv\\Lib\\site-packages\\streamlit\\elements\\lib\\utils.py", line 253, in compute_and_register_element_id\n    _register_element_id(ctx, element_type, element_id)\n  File "C:\\Users\\daakara\\OneDrive - DPDHL\\Documents\\fpl_ai_agent\\.venv\\Lib\\site-packages\\streamlit\\elements\\lib\\utils.py", line 145, in _register_element_id\n    raise StreamlitDuplicateElementKey(user_key)\nstreamlit.errors.StreamlitDuplicateElementKey: There are multiple elements with the same `key=\'recent_players\'`. To fix this, please make sure that the `key` argument is unique for each element you create.\n'}
2025-09-19 20:51:30,573 - fpl_analytics - ERROR - Error in app_controller_run: {'error_type': 'StreamlitDuplicateElementKey', 'error_message': "There are multiple elements with the same `key='recent_players'`. To fix this, please make sure that the `key` argument is unique for each element you create.", 'context': 'app_controller_run', 'traceback': 'Traceback (most recent call last):\n  File "C:\\Users\\daakara\\OneDrive - DPDHL\\Documents\\fpl_ai_agent\\main_modular_app\\core\\app_controller.py", line 154, in run\n    recent_page = self.nav_manager.render_recent_pages()\n                  ^^^^^^^^^^^^^^^^^^^^^^^^^^^^^^^^^^^^^^\n  File "C:\\Users\\daakara\\OneDrive - DPDHL\\Documents\\fpl_ai_agent\\main_modular_app\\utils\\modern_ui_components.py", line 217, in render_recent_pages\n    unique_recent_pages = []\n           ^^^^^^^^^^^^^^^^^^\n  File "C:\\Users\\daakara\\OneDrive - DPDHL\\Documents\\fpl_ai_agent\\.venv\\Lib\\site-packages\\streamlit\\runtime\\metrics_util.py", line 443, in wrapped_func\n    result = non_optional_func(*args, **kwargs)\n             ^^^^^^^^^^^^^^^^^^^^^^^^^^^^^^^^^^\n  File "C:\\Users\\daakara\\OneDrive - DPDHL\\Documents\\fpl_ai_agent\\.venv\\Lib\\site-packages\\streamlit\\elements\\widgets\\button.py", line 268, in button\n    return self.dg._button(\n           ^^^^^^^^^^^^^^^^\n  File "C:\\Users\\daakara\\OneDrive - DPDHL\\Documents\\fpl_ai_agent\\.venv\\Lib\\site-packages\\streamlit\\elements\\widgets\\button.py", line 1121, in _button\n    element_id = compute_and_register_element_id(\n                 ^^^^^^^^^^^^^^^^^^^^^^^^^^^^^^^^\n  File "C:\\Users\\daakara\\OneDrive - DPDHL\\Documents\\fpl_ai_agent\\.venv\\Lib\\site-packages\\streamlit\\elements\\lib\\utils.py", line 253, in compute_and_register_element_id\n    _register_element_id(ctx, element_type, element_id)\n  File "C:\\Users\\daakara\\OneDrive - DPDHL\\Documents\\fpl_ai_agent\\.venv\\Lib\\site-packages\\streamlit\\elements\\lib\\utils.py", line 145, in _register_element_id\n    raise StreamlitDuplicateElementKey(user_key)\nstreamlit.errors.StreamlitDuplicateElementKey: There are multiple elements with the same `key=\'recent_players\'`. To fix this, please make sure that the `key` argument is unique for each element you create.\n'}
2025-09-19 20:51:30,575 - fpl_analytics - INFO - Performance - app_run: 1.29s - {'page': 'my_team'}
2025-09-19 20:51:30,575 - fpl_analytics - ERROR - Error in run: {'error_type': 'StreamlitDuplicateElementKey', 'error_message': "There are multiple elements with the same `key='recent_players'`. To fix this, please make sure that the `key` argument is unique for each element you create.", 'context': 'run', 'traceback': 'Traceback (most recent call last):\n  File "C:\\Users\\daakara\\OneDrive - DPDHL\\Documents\\fpl_ai_agent\\main_modular_app\\utils\\error_handling.py", line 99, in wrapper\n    return func(*args, **kwargs)\n           ^^^^^^^^^^^^^^^^^^^^^\n  File "C:\\Users\\daakara\\OneDrive - DPDHL\\Documents\\fpl_ai_agent\\main_modular_app\\core\\app_controller.py", line 154, in run\n    recent_page = self.nav_manager.render_recent_pages()\n                  ^^^^^^^^^^^^^^^^^^^^^^^^^^^^^^^^^^^^^^\n  File "C:\\Users\\daakara\\OneDrive - DPDHL\\Documents\\fpl_ai_agent\\main_modular_app\\utils\\modern_ui_components.py", line 217, in render_recent_pages\n    unique_recent_pages = []\n           ^^^^^^^^^^^^^^^^^^\n  File "C:\\Users\\daakara\\OneDrive - DPDHL\\Documents\\fpl_ai_agent\\.venv\\Lib\\site-packages\\streamlit\\runtime\\metrics_util.py", line 443, in wrapped_func\n    result = non_optional_func(*args, **kwargs)\n             ^^^^^^^^^^^^^^^^^^^^^^^^^^^^^^^^^^\n  File "C:\\Users\\daakara\\OneDrive - DPDHL\\Documents\\fpl_ai_agent\\.venv\\Lib\\site-packages\\streamlit\\elements\\widgets\\button.py", line 268, in button\n    return self.dg._button(\n           ^^^^^^^^^^^^^^^^\n  File "C:\\Users\\daakara\\OneDrive - DPDHL\\Documents\\fpl_ai_agent\\.venv\\Lib\\site-packages\\streamlit\\elements\\widgets\\button.py", line 1121, in _button\n    element_id = compute_and_register_element_id(\n                 ^^^^^^^^^^^^^^^^^^^^^^^^^^^^^^^^\n  File "C:\\Users\\daakara\\OneDrive - DPDHL\\Documents\\fpl_ai_agent\\.venv\\Lib\\site-packages\\streamlit\\elements\\lib\\utils.py", line 253, in compute_and_register_element_id\n    _register_element_id(ctx, element_type, element_id)\n  File "C:\\Users\\daakara\\OneDrive - DPDHL\\Documents\\fpl_ai_agent\\.venv\\Lib\\site-packages\\streamlit\\elements\\lib\\utils.py", line 145, in _register_element_id\n    raise StreamlitDuplicateElementKey(user_key)\nstreamlit.errors.StreamlitDuplicateElementKey: There are multiple elements with the same `key=\'recent_players\'`. To fix this, please make sure that the `key` argument is unique for each element you create.\n'}
2025-09-19 20:51:58,233 - fpl_analytics - INFO - Performance - page_render_dashboard: 0.00s
2025-09-19 20:51:58,238 - fpl_analytics - INFO - Performance - app_run: 0.02s - {'page': 'dashboard'}
2025-09-19 21:02:52,429 - fpl_analytics - INFO - Performance - app_run: 0.02s - {'page': 'dashboard'}
2025-09-19 21:02:52,951 - fpl_analytics - INFO - Performance - page_render_dashboard: 0.41s
2025-09-19 21:02:52,956 - fpl_analytics - INFO - Performance - app_run: 0.43s - {'page': 'dashboard'}
2025-09-19 21:03:06,403 - fpl_analytics - ERROR - Error in app_controller_run: {'error_type': 'StreamlitAPIException', 'error_message': 'Could not find page: `fixtures`. Must be the file path relative to the main script, from the directory: `main_modular_app`. Only the main app file and files in the `pages/` directory are supported.', 'context': 'app_controller_run', 'traceback': 'Traceback (most recent call last):\n  File "C:\\Users\\daakara\\OneDrive - DPDHL\\Documents\\fpl_ai_agent\\main_modular_app\\core\\app_controller.py", line 167, in run\n    self.render_enhanced_dashboard()\n  File "C:\\Users\\daakara\\OneDrive - DPDHL\\Documents\\fpl_ai_agent\\main_modular_app\\core\\app_controller.py", line 384, in render_enhanced_dashboard\n    st.switch_page("fixtures")\n  File "C:\\Users\\daakara\\OneDrive - DPDHL\\Documents\\fpl_ai_agent\\.venv\\Lib\\site-packages\\streamlit\\runtime\\metrics_util.py", line 443, in wrapped_func\n    result = non_optional_func(*args, **kwargs)\n             ^^^^^^^^^^^^^^^^^^^^^^^^^^^^^^^^^^\n  File "C:\\Users\\daakara\\OneDrive - DPDHL\\Documents\\fpl_ai_agent\\.venv\\Lib\\site-packages\\streamlit\\commands\\execution_control.py", line 222, in switch_page\n    raise StreamlitAPIException(\nstreamlit.errors.StreamlitAPIException: Could not find page: `fixtures`. Must be the file path relative to the main script, from the directory: `main_modular_app`. Only the main app file and files in the `pages/` directory are supported.\n'}
2025-09-19 21:03:06,404 - fpl_analytics - INFO - Performance - app_run: 0.09s - {'page': 'dashboard'}
2025-09-19 21:03:06,406 - fpl_analytics - ERROR - Error in run: {'error_type': 'StreamlitAPIException', 'error_message': 'Could not find page: `fixtures`. Must be the file path relative to the main script, from the directory: `main_modular_app`. Only the main app file and files in the `pages/` directory are supported.', 'context': 'run', 'traceback': 'Traceback (most recent call last):\n  File "C:\\Users\\daakara\\OneDrive - DPDHL\\Documents\\fpl_ai_agent\\main_modular_app\\utils\\error_handling.py", line 99, in wrapper\n    return func(*args, **kwargs)\n           ^^^^^^^^^^^^^^^^^^^^^\n  File "C:\\Users\\daakara\\OneDrive - DPDHL\\Documents\\fpl_ai_agent\\main_modular_app\\core\\app_controller.py", line 167, in run\n    self.render_enhanced_dashboard()\n  File "C:\\Users\\daakara\\OneDrive - DPDHL\\Documents\\fpl_ai_agent\\main_modular_app\\core\\app_controller.py", line 384, in render_enhanced_dashboard\n    st.switch_page("fixtures")\n  File "C:\\Users\\daakara\\OneDrive - DPDHL\\Documents\\fpl_ai_agent\\.venv\\Lib\\site-packages\\streamlit\\runtime\\metrics_util.py", line 443, in wrapped_func\n    result = non_optional_func(*args, **kwargs)\n             ^^^^^^^^^^^^^^^^^^^^^^^^^^^^^^^^^^\n  File "C:\\Users\\daakara\\OneDrive - DPDHL\\Documents\\fpl_ai_agent\\.venv\\Lib\\site-packages\\streamlit\\commands\\execution_control.py", line 222, in switch_page\n    raise StreamlitAPIException(\nstreamlit.errors.StreamlitAPIException: Could not find page: `fixtures`. Must be the file path relative to the main script, from the directory: `main_modular_app`. Only the main app file and files in the `pages/` directory are supported.\n'}
2025-09-19 21:03:18,136 - fpl_analytics - INFO - Performance - page_render_fixtures: 1.88s
2025-09-19 21:03:18,140 - fpl_analytics - INFO - Performance - app_run: 1.90s - {'page': 'fixtures'}
2025-09-19 21:04:13,077 - fpl_analytics - INFO - Performance - page_render_my_team: 1.26s
2025-09-19 21:04:13,077 - fpl_analytics - INFO - Performance - app_run: 1.27s - {'page': 'my_team'}
2025-09-19 21:04:17,594 - fpl_analytics - INFO - Performance - app_run: 1.35s - {'page': 'my_team'}
2025-09-19 21:04:19,593 - fpl_analytics - INFO - Performance - app_run: 2.65s - {'page': 'my_team'}
2025-09-19 21:04:20,005 - fpl_analytics - INFO - Performance - page_render_my_team: 0.28s
2025-09-19 21:04:20,008 - fpl_analytics - INFO - Performance - app_run: 0.29s - {'page': 'my_team'}
2025-09-19 21:05:21,139 - fpl_analytics - INFO - Performance - page_render_dashboard: 0.00s
2025-09-19 21:05:21,144 - fpl_analytics - INFO - Performance - app_run: 0.02s - {'page': 'dashboard'}
2025-09-19 21:40:39,511 - fpl_analytics - INFO - Performance - app_run: 0.02s - {'page': 'dashboard'}
2025-09-19 21:40:39,722 - fpl_analytics - INFO - Performance - page_render_dashboard: 0.07s
2025-09-19 21:40:39,732 - fpl_analytics - INFO - Performance - app_run: 0.10s - {'page': 'dashboard'}
2025-09-19 21:41:09,389 - fpl_analytics - INFO - Performance - page_render_dashboard: 0.00s
2025-09-19 21:41:09,396 - fpl_analytics - INFO - Performance - app_run: 0.03s - {'page': 'dashboard'}
2025-09-19 21:42:26,022 - fpl_analytics - INFO - Performance - app_run: 2.59s - {'page': 'dashboard'}
2025-09-19 21:42:27,701 - fpl_analytics - INFO - Performance - page_render_dashboard: 0.08s
2025-09-19 21:42:27,705 - fpl_analytics - INFO - Performance - app_run: 3.36s - {'page': 'dashboard'}
2025-09-19 21:42:55,299 - fpl_analytics - INFO - Performance - page_render_my_team: 15.50s
2025-09-19 21:42:55,302 - fpl_analytics - INFO - Performance - app_run: 15.52s - {'page': 'my_team'}
2025-09-19 21:45:22,609 - fpl_analytics - INFO - Performance - page_render_my_team: 2.17s
2025-09-19 21:45:22,614 - fpl_analytics - INFO - Performance - app_run: 2.19s - {'page': 'my_team'}
2025-09-19 21:46:57,025 - fpl_analytics - INFO - Performance - app_run: 3.43s - {'page': 'my_team'}
2025-09-19 21:46:57,441 - fpl_analytics - INFO - Performance - page_render_my_team: 0.28s
2025-09-19 21:46:57,445 - fpl_analytics - INFO - Performance - app_run: 0.31s - {'page': 'my_team'}
2025-09-19 21:47:11,324 - fpl_analytics - INFO - Performance - page_render_my_team: 0.36s
2025-09-19 21:47:11,324 - fpl_analytics - INFO - Performance - app_run: 0.37s - {'page': 'my_team'}
2025-09-19 22:22:06,023 - fpl_analytics - INFO - Performance - page_render_dashboard: 0.00s
2025-09-19 22:22:06,028 - fpl_analytics - INFO - Performance - app_run: 0.02s - {'page': 'dashboard'}
2025-09-19 22:22:12,962 - fpl_analytics - INFO - User Action: data_refresh - Details: {'success': True}
2025-09-19 22:22:13,402 - fpl_analytics - INFO - Performance - page_render_dashboard: 0.44s
2025-09-19 22:22:13,408 - fpl_analytics - INFO - Performance - app_run: 2.39s - {'page': 'dashboard'}
2025-09-19 22:22:21,896 - fpl_analytics - INFO - Performance - page_render_my_team: 1.55s
2025-09-19 22:22:21,900 - fpl_analytics - INFO - Performance - app_run: 1.56s - {'page': 'my_team'}
2025-09-19 22:22:26,336 - fpl_analytics - INFO - Performance - page_render_my_team: 0.90s
2025-09-19 22:22:26,338 - fpl_analytics - INFO - Performance - app_run: 0.92s - {'page': 'my_team'}
2025-09-19 22:22:30,862 - fpl_analytics - INFO - Performance - app_run: 2.57s - {'page': 'my_team'}
2025-09-19 22:22:31,216 - fpl_analytics - ERROR - Error in app_controller_run: {'error_type': 'ValueError', 'error_message': "Invalid format specifier ':.0f' for object of type 'float'", 'context': 'app_controller_run', 'traceback': 'Traceback (most recent call last):\n  File "C:\\Users\\daakara\\OneDrive - DPDHL\\Documents\\fpl_ai_agent\\main_modular_app\\core\\app_controller.py", line 173, in run\n    self.pages["my_team"].render()\n  File "C:\\Users\\daakara\\OneDrive - DPDHL\\Documents\\fpl_ai_agent\\main_modular_app\\pages\\my_team_page.py", line 64, in render\n    self._display_performance_analysis(team_data)\n  File "C:\\Users\\daakara\\OneDrive - DPDHL\\Documents\\fpl_ai_agent\\main_modular_app\\pages\\my_team_page.py", line 605, in _display_performance_analysis\n    self._create_performance_charts(team_data)\n  File "C:\\Users\\daakara\\OneDrive - DPDHL\\Documents\\fpl_ai_agent\\main_modular_app\\pages\\my_team_page.py", line 695, in _create_performance_charts\n    st.metric("Lowest GW", f"{min(weekly_points)::.0f} pts")\n                             ^^^^^^^^^^^^^^^^^^^^^^^^^\nValueError: Invalid format specifier \':.0f\' for object of type \'float\'\n'}
2025-09-19 22:22:31,216 - fpl_analytics - INFO - Performance - app_run: 0.24s - {'page': 'my_team'}
2025-09-19 22:22:31,227 - fpl_analytics - ERROR - Error in run: {'error_type': 'ValueError', 'error_message': "Invalid format specifier ':.0f' for object of type 'float'", 'context': 'run', 'traceback': 'Traceback (most recent call last):\n  File "C:\\Users\\daakara\\OneDrive - DPDHL\\Documents\\fpl_ai_agent\\main_modular_app\\utils\\error_handling.py", line 99, in wrapper\n    return func(*args, **kwargs)\n           ^^^^^^^^^^^^^^^^^^^^^\n  File "C:\\Users\\daakara\\OneDrive - DPDHL\\Documents\\fpl_ai_agent\\main_modular_app\\core\\app_controller.py", line 173, in run\n    self.pages["my_team"].render()\n  File "C:\\Users\\daakara\\OneDrive - DPDHL\\Documents\\fpl_ai_agent\\main_modular_app\\pages\\my_team_page.py", line 64, in render\n    self._display_performance_analysis(team_data)\n  File "C:\\Users\\daakara\\OneDrive - DPDHL\\Documents\\fpl_ai_agent\\main_modular_app\\pages\\my_team_page.py", line 605, in _display_performance_analysis\n    self._create_performance_charts(team_data)\n  File "C:\\Users\\daakara\\OneDrive - DPDHL\\Documents\\fpl_ai_agent\\main_modular_app\\pages\\my_team_page.py", line 695, in _create_performance_charts\n    st.metric("Lowest GW", f"{min(weekly_points)::.0f} pts")\n                             ^^^^^^^^^^^^^^^^^^^^^^^^^\nValueError: Invalid format specifier \':.0f\' for object of type \'float\'\n'}
2025-09-19 22:23:43,847 - fpl_analytics - INFO - Performance - page_render_players: 0.31s
2025-09-19 22:23:43,853 - fpl_analytics - INFO - Performance - app_run: 0.33s - {'page': 'players'}
2025-09-19 22:25:52,738 - fpl_analytics - INFO - Performance - page_render_players: 0.32s
2025-09-19 22:25:52,744 - fpl_analytics - INFO - Performance - app_run: 0.34s - {'page': 'players'}
2025-09-19 22:25:56,575 - fpl_analytics - INFO - Performance - page_render_players: 0.26s
2025-09-19 22:25:56,577 - fpl_analytics - INFO - Performance - app_run: 0.28s - {'page': 'players'}
2025-09-19 22:26:01,218 - fpl_analytics - INFO - Performance - app_run: 0.02s - {'page': 'my_team'}
2025-09-19 22:26:01,630 - fpl_analytics - INFO - Performance - page_render_players: 0.29s
2025-09-19 22:26:01,637 - fpl_analytics - INFO - Performance - app_run: 0.31s - {'page': 'players'}
2025-09-19 22:26:14,131 - fpl_analytics - ERROR - Error in app_controller_run: {'error_type': 'ValueError', 'error_message': "Invalid format specifier ':.0f' for object of type 'float'", 'context': 'app_controller_run', 'traceback': 'Traceback (most recent call last):\n  File "C:\\Users\\daakara\\OneDrive - DPDHL\\Documents\\fpl_ai_agent\\main_modular_app\\core\\app_controller.py", line 173, in run\n    self.pages["my_team"].render()\n  File "C:\\Users\\daakara\\OneDrive - DPDHL\\Documents\\fpl_ai_agent\\main_modular_app\\pages\\my_team_page.py", line 64, in render\n    self._display_performance_analysis(team_data)\n  File "C:\\Users\\daakara\\OneDrive - DPDHL\\Documents\\fpl_ai_agent\\main_modular_app\\pages\\my_team_page.py", line 605, in _display_performance_analysis\n    self._create_performance_charts(team_data)\n  File "C:\\Users\\daakara\\OneDrive - DPDHL\\Documents\\fpl_ai_agent\\main_modular_app\\pages\\my_team_page.py", line 695, in _create_performance_charts\n    st.metric("Lowest GW", f"{min(weekly_points)::.0f} pts")\n                             ^^^^^^^^^^^^^^^^^^^^^^^^^\nValueError: Invalid format specifier \':.0f\' for object of type \'float\'\n'}
2025-09-19 22:26:14,132 - fpl_analytics - INFO - Performance - app_run: 0.22s - {'page': 'my_team'}
2025-09-19 22:26:14,135 - fpl_analytics - ERROR - Error in run: {'error_type': 'ValueError', 'error_message': "Invalid format specifier ':.0f' for object of type 'float'", 'context': 'run', 'traceback': 'Traceback (most recent call last):\n  File "C:\\Users\\daakara\\OneDrive - DPDHL\\Documents\\fpl_ai_agent\\main_modular_app\\utils\\error_handling.py", line 99, in wrapper\n    return func(*args, **kwargs)\n           ^^^^^^^^^^^^^^^^^^^^^\n  File "C:\\Users\\daakara\\OneDrive - DPDHL\\Documents\\fpl_ai_agent\\main_modular_app\\core\\app_controller.py", line 173, in run\n    self.pages["my_team"].render()\n  File "C:\\Users\\daakara\\OneDrive - DPDHL\\Documents\\fpl_ai_agent\\main_modular_app\\pages\\my_team_page.py", line 64, in render\n    self._display_performance_analysis(team_data)\n  File "C:\\Users\\daakara\\OneDrive - DPDHL\\Documents\\fpl_ai_agent\\main_modular_app\\pages\\my_team_page.py", line 605, in _display_performance_analysis\n    self._create_performance_charts(team_data)\n  File "C:\\Users\\daakara\\OneDrive - DPDHL\\Documents\\fpl_ai_agent\\main_modular_app\\pages\\my_team_page.py", line 695, in _create_performance_charts\n    st.metric("Lowest GW", f"{min(weekly_points)::.0f} pts")\n                             ^^^^^^^^^^^^^^^^^^^^^^^^^\nValueError: Invalid format specifier \':.0f\' for object of type \'float\'\n'}
2025-09-19 22:26:17,991 - fpl_analytics - INFO - Performance - page_render_dashboard: 0.08s
2025-09-19 22:26:18,006 - fpl_analytics - INFO - Performance - app_run: 0.11s - {'page': 'dashboard'}
2025-09-19 22:26:32,058 - fpl_analytics - ERROR - Error in app_controller_run: {'error_type': 'StreamlitAPIException', 'error_message': 'Could not find page: `fixtures`. Must be the file path relative to the main script, from the directory: `main_modular_app`. Only the main app file and files in the `pages/` directory are supported.', 'context': 'app_controller_run', 'traceback': 'Traceback (most recent call last):\n  File "C:\\Users\\daakara\\OneDrive - DPDHL\\Documents\\fpl_ai_agent\\main_modular_app\\core\\app_controller.py", line 167, in run\n    self.render_enhanced_dashboard()\n  File "C:\\Users\\daakara\\OneDrive - DPDHL\\Documents\\fpl_ai_agent\\main_modular_app\\core\\app_controller.py", line 384, in render_enhanced_dashboard\n    st.switch_page("fixtures")\n  File "C:\\Users\\daakara\\OneDrive - DPDHL\\Documents\\fpl_ai_agent\\.venv\\Lib\\site-packages\\streamlit\\runtime\\metrics_util.py", line 443, in wrapped_func\n    result = non_optional_func(*args, **kwargs)\n             ^^^^^^^^^^^^^^^^^^^^^^^^^^^^^^^^^^\n  File "C:\\Users\\daakara\\OneDrive - DPDHL\\Documents\\fpl_ai_agent\\.venv\\Lib\\site-packages\\streamlit\\commands\\execution_control.py", line 222, in switch_page\n    raise StreamlitAPIException(\nstreamlit.errors.StreamlitAPIException: Could not find page: `fixtures`. Must be the file path relative to the main script, from the directory: `main_modular_app`. Only the main app file and files in the `pages/` directory are supported.\n'}
2025-09-19 22:26:32,060 - fpl_analytics - INFO - Performance - app_run: 0.11s - {'page': 'dashboard'}
2025-09-19 22:26:32,062 - fpl_analytics - ERROR - Error in run: {'error_type': 'StreamlitAPIException', 'error_message': 'Could not find page: `fixtures`. Must be the file path relative to the main script, from the directory: `main_modular_app`. Only the main app file and files in the `pages/` directory are supported.', 'context': 'run', 'traceback': 'Traceback (most recent call last):\n  File "C:\\Users\\daakara\\OneDrive - DPDHL\\Documents\\fpl_ai_agent\\main_modular_app\\utils\\error_handling.py", line 99, in wrapper\n    return func(*args, **kwargs)\n           ^^^^^^^^^^^^^^^^^^^^^\n  File "C:\\Users\\daakara\\OneDrive - DPDHL\\Documents\\fpl_ai_agent\\main_modular_app\\core\\app_controller.py", line 167, in run\n    self.render_enhanced_dashboard()\n  File "C:\\Users\\daakara\\OneDrive - DPDHL\\Documents\\fpl_ai_agent\\main_modular_app\\core\\app_controller.py", line 384, in render_enhanced_dashboard\n    st.switch_page("fixtures")\n  File "C:\\Users\\daakara\\OneDrive - DPDHL\\Documents\\fpl_ai_agent\\.venv\\Lib\\site-packages\\streamlit\\runtime\\metrics_util.py", line 443, in wrapped_func\n    result = non_optional_func(*args, **kwargs)\n             ^^^^^^^^^^^^^^^^^^^^^^^^^^^^^^^^^^\n  File "C:\\Users\\daakara\\OneDrive - DPDHL\\Documents\\fpl_ai_agent\\.venv\\Lib\\site-packages\\streamlit\\commands\\execution_control.py", line 222, in switch_page\n    raise StreamlitAPIException(\nstreamlit.errors.StreamlitAPIException: Could not find page: `fixtures`. Must be the file path relative to the main script, from the directory: `main_modular_app`. Only the main app file and files in the `pages/` directory are supported.\n'}
2025-09-19 22:26:39,397 - fpl_analytics - ERROR - Error in app_controller_run: {'error_type': 'StreamlitAPIException', 'error_message': 'Could not find page: `my_team`. Must be the file path relative to the main script, from the directory: `main_modular_app`. Only the main app file and files in the `pages/` directory are supported.', 'context': 'app_controller_run', 'traceback': 'Traceback (most recent call last):\n  File "C:\\Users\\daakara\\OneDrive - DPDHL\\Documents\\fpl_ai_agent\\main_modular_app\\core\\app_controller.py", line 167, in run\n    self.render_enhanced_dashboard()\n  File "C:\\Users\\daakara\\OneDrive - DPDHL\\Documents\\fpl_ai_agent\\main_modular_app\\core\\app_controller.py", line 380, in render_enhanced_dashboard\n    st.switch_page("my_team")\n  File "C:\\Users\\daakara\\OneDrive - DPDHL\\Documents\\fpl_ai_agent\\.venv\\Lib\\site-packages\\streamlit\\runtime\\metrics_util.py", line 443, in wrapped_func\n    result = non_optional_func(*args, **kwargs)\n             ^^^^^^^^^^^^^^^^^^^^^^^^^^^^^^^^^^\n  File "C:\\Users\\daakara\\OneDrive - DPDHL\\Documents\\fpl_ai_agent\\.venv\\Lib\\site-packages\\streamlit\\commands\\execution_control.py", line 222, in switch_page\n    raise StreamlitAPIException(\nstreamlit.errors.StreamlitAPIException: Could not find page: `my_team`. Must be the file path relative to the main script, from the directory: `main_modular_app`. Only the main app file and files in the `pages/` directory are supported.\n'}
2025-09-19 22:26:39,397 - fpl_analytics - INFO - Performance - app_run: 0.10s - {'page': 'dashboard'}
2025-09-19 22:26:39,397 - fpl_analytics - ERROR - Error in run: {'error_type': 'StreamlitAPIException', 'error_message': 'Could not find page: `my_team`. Must be the file path relative to the main script, from the directory: `main_modular_app`. Only the main app file and files in the `pages/` directory are supported.', 'context': 'run', 'traceback': 'Traceback (most recent call last):\n  File "C:\\Users\\daakara\\OneDrive - DPDHL\\Documents\\fpl_ai_agent\\main_modular_app\\utils\\error_handling.py", line 99, in wrapper\n    return func(*args, **kwargs)\n           ^^^^^^^^^^^^^^^^^^^^^\n  File "C:\\Users\\daakara\\OneDrive - DPDHL\\Documents\\fpl_ai_agent\\main_modular_app\\core\\app_controller.py", line 167, in run\n    self.render_enhanced_dashboard()\n  File "C:\\Users\\daakara\\OneDrive - DPDHL\\Documents\\fpl_ai_agent\\main_modular_app\\core\\app_controller.py", line 380, in render_enhanced_dashboard\n    st.switch_page("my_team")\n  File "C:\\Users\\daakara\\OneDrive - DPDHL\\Documents\\fpl_ai_agent\\.venv\\Lib\\site-packages\\streamlit\\runtime\\metrics_util.py", line 443, in wrapped_func\n    result = non_optional_func(*args, **kwargs)\n             ^^^^^^^^^^^^^^^^^^^^^^^^^^^^^^^^^^\n  File "C:\\Users\\daakara\\OneDrive - DPDHL\\Documents\\fpl_ai_agent\\.venv\\Lib\\site-packages\\streamlit\\commands\\execution_control.py", line 222, in switch_page\n    raise StreamlitAPIException(\nstreamlit.errors.StreamlitAPIException: Could not find page: `my_team`. Must be the file path relative to the main script, from the directory: `main_modular_app`. Only the main app file and files in the `pages/` directory are supported.\n'}
2025-09-19 22:26:41,622 - fpl_analytics - ERROR - Error in app_controller_run: {'error_type': 'StreamlitAPIException', 'error_message': 'Could not find page: `my_team`. Must be the file path relative to the main script, from the directory: `main_modular_app`. Only the main app file and files in the `pages/` directory are supported.', 'context': 'app_controller_run', 'traceback': 'Traceback (most recent call last):\n  File "C:\\Users\\daakara\\OneDrive - DPDHL\\Documents\\fpl_ai_agent\\main_modular_app\\core\\app_controller.py", line 167, in run\n    self.render_enhanced_dashboard()\n  File "C:\\Users\\daakara\\OneDrive - DPDHL\\Documents\\fpl_ai_agent\\main_modular_app\\core\\app_controller.py", line 380, in render_enhanced_dashboard\n    st.switch_page("my_team")\n  File "C:\\Users\\daakara\\OneDrive - DPDHL\\Documents\\fpl_ai_agent\\.venv\\Lib\\site-packages\\streamlit\\runtime\\metrics_util.py", line 443, in wrapped_func\n    result = non_optional_func(*args, **kwargs)\n             ^^^^^^^^^^^^^^^^^^^^^^^^^^^^^^^^^^\n  File "C:\\Users\\daakara\\OneDrive - DPDHL\\Documents\\fpl_ai_agent\\.venv\\Lib\\site-packages\\streamlit\\commands\\execution_control.py", line 222, in switch_page\n    raise StreamlitAPIException(\nstreamlit.errors.StreamlitAPIException: Could not find page: `my_team`. Must be the file path relative to the main script, from the directory: `main_modular_app`. Only the main app file and files in the `pages/` directory are supported.\n'}
2025-09-19 22:26:41,623 - fpl_analytics - INFO - Performance - app_run: 0.10s - {'page': 'dashboard'}
2025-09-19 22:26:41,625 - fpl_analytics - ERROR - Error in run: {'error_type': 'StreamlitAPIException', 'error_message': 'Could not find page: `my_team`. Must be the file path relative to the main script, from the directory: `main_modular_app`. Only the main app file and files in the `pages/` directory are supported.', 'context': 'run', 'traceback': 'Traceback (most recent call last):\n  File "C:\\Users\\daakara\\OneDrive - DPDHL\\Documents\\fpl_ai_agent\\main_modular_app\\utils\\error_handling.py", line 99, in wrapper\n    return func(*args, **kwargs)\n           ^^^^^^^^^^^^^^^^^^^^^\n  File "C:\\Users\\daakara\\OneDrive - DPDHL\\Documents\\fpl_ai_agent\\main_modular_app\\core\\app_controller.py", line 167, in run\n    self.render_enhanced_dashboard()\n  File "C:\\Users\\daakara\\OneDrive - DPDHL\\Documents\\fpl_ai_agent\\main_modular_app\\core\\app_controller.py", line 380, in render_enhanced_dashboard\n    st.switch_page("my_team")\n  File "C:\\Users\\daakara\\OneDrive - DPDHL\\Documents\\fpl_ai_agent\\.venv\\Lib\\site-packages\\streamlit\\runtime\\metrics_util.py", line 443, in wrapped_func\n    result = non_optional_func(*args, **kwargs)\n             ^^^^^^^^^^^^^^^^^^^^^^^^^^^^^^^^^^\n  File "C:\\Users\\daakara\\OneDrive - DPDHL\\Documents\\fpl_ai_agent\\.venv\\Lib\\site-packages\\streamlit\\commands\\execution_control.py", line 222, in switch_page\n    raise StreamlitAPIException(\nstreamlit.errors.StreamlitAPIException: Could not find page: `my_team`. Must be the file path relative to the main script, from the directory: `main_modular_app`. Only the main app file and files in the `pages/` directory are supported.\n'}
2025-09-19 22:26:42,247 - fpl_analytics - ERROR - Error in app_controller_run: {'error_type': 'StreamlitAPIException', 'error_message': 'Could not find page: `ai_recommendations`. Must be the file path relative to the main script, from the directory: `main_modular_app`. Only the main app file and files in the `pages/` directory are supported.', 'context': 'app_controller_run', 'traceback': 'Traceback (most recent call last):\n  File "C:\\Users\\daakara\\OneDrive - DPDHL\\Documents\\fpl_ai_agent\\main_modular_app\\core\\app_controller.py", line 167, in run\n    self.render_enhanced_dashboard()\n  File "C:\\Users\\daakara\\OneDrive - DPDHL\\Documents\\fpl_ai_agent\\main_modular_app\\core\\app_controller.py", line 376, in render_enhanced_dashboard\n    st.switch_page("ai_recommendations")\n  File "C:\\Users\\daakara\\OneDrive - DPDHL\\Documents\\fpl_ai_agent\\.venv\\Lib\\site-packages\\streamlit\\runtime\\metrics_util.py", line 443, in wrapped_func\n    result = non_optional_func(*args, **kwargs)\n             ^^^^^^^^^^^^^^^^^^^^^^^^^^^^^^^^^^\n  File "C:\\Users\\daakara\\OneDrive - DPDHL\\Documents\\fpl_ai_agent\\.venv\\Lib\\site-packages\\streamlit\\commands\\execution_control.py", line 222, in switch_page\n    raise StreamlitAPIException(\nstreamlit.errors.StreamlitAPIException: Could not find page: `ai_recommendations`. Must be the file path relative to the main script, from the directory: `main_modular_app`. Only the main app file and files in the `pages/` directory are supported.\n'}
2025-09-19 22:26:42,257 - fpl_analytics - INFO - Performance - app_run: 0.11s - {'page': 'dashboard'}
2025-09-19 22:26:42,258 - fpl_analytics - ERROR - Error in run: {'error_type': 'StreamlitAPIException', 'error_message': 'Could not find page: `ai_recommendations`. Must be the file path relative to the main script, from the directory: `main_modular_app`. Only the main app file and files in the `pages/` directory are supported.', 'context': 'run', 'traceback': 'Traceback (most recent call last):\n  File "C:\\Users\\daakara\\OneDrive - DPDHL\\Documents\\fpl_ai_agent\\main_modular_app\\utils\\error_handling.py", line 99, in wrapper\n    return func(*args, **kwargs)\n           ^^^^^^^^^^^^^^^^^^^^^\n  File "C:\\Users\\daakara\\OneDrive - DPDHL\\Documents\\fpl_ai_agent\\main_modular_app\\core\\app_controller.py", line 167, in run\n    self.render_enhanced_dashboard()\n  File "C:\\Users\\daakara\\OneDrive - DPDHL\\Documents\\fpl_ai_agent\\main_modular_app\\core\\app_controller.py", line 376, in render_enhanced_dashboard\n    st.switch_page("ai_recommendations")\n  File "C:\\Users\\daakara\\OneDrive - DPDHL\\Documents\\fpl_ai_agent\\.venv\\Lib\\site-packages\\streamlit\\runtime\\metrics_util.py", line 443, in wrapped_func\n    result = non_optional_func(*args, **kwargs)\n             ^^^^^^^^^^^^^^^^^^^^^^^^^^^^^^^^^^\n  File "C:\\Users\\daakara\\OneDrive - DPDHL\\Documents\\fpl_ai_agent\\.venv\\Lib\\site-packages\\streamlit\\commands\\execution_control.py", line 222, in switch_page\n    raise StreamlitAPIException(\nstreamlit.errors.StreamlitAPIException: Could not find page: `ai_recommendations`. Must be the file path relative to the main script, from the directory: `main_modular_app`. Only the main app file and files in the `pages/` directory are supported.\n'}
2025-09-19 23:06:40,673 - fpl_analytics - INFO - Performance - page_render_dashboard: 0.00s
2025-09-19 23:06:40,692 - fpl_analytics - INFO - Performance - app_run: 0.04s - {'page': 'dashboard'}
2025-09-19 23:06:49,068 - fpl_analytics - INFO - Performance - app_run: 0.02s - {'page': 'dashboard'}
2025-09-19 23:06:49,371 - fpl_analytics - INFO - Performance - page_render_dashboard: 0.08s
2025-09-19 23:06:49,376 - fpl_analytics - INFO - Performance - app_run: 0.10s - {'page': 'dashboard'}
2025-09-19 23:07:06,658 - fpl_analytics - INFO - Performance - page_render_players: 0.29s
2025-09-19 23:07:06,663 - fpl_analytics - INFO - Performance - app_run: 0.31s - {'page': 'players'}
2025-09-19 23:11:07,421 - fpl_analytics - INFO - Performance - page_render_dashboard: 0.00s
2025-09-19 23:11:07,446 - fpl_analytics - INFO - Performance - app_run: 0.03s - {'page': 'dashboard'}
2025-09-19 23:11:22,437 - fpl_analytics - INFO - User Action: data_refresh - Details: {'success': True}
2025-09-19 23:11:22,875 - fpl_analytics - INFO - Performance - page_render_dashboard: 0.44s
2025-09-19 23:11:22,875 - fpl_analytics - INFO - Performance - app_run: 1.84s - {'page': 'dashboard'}
2025-09-19 23:11:35,454 - fpl_analytics - INFO - Performance - page_render_my_team: 0.88s
2025-09-19 23:11:35,454 - fpl_analytics - INFO - Performance - app_run: 0.97s - {'page': 'my_team'}
2025-09-19 23:11:39,356 - fpl_analytics - INFO - Performance - page_render_my_team: 0.83s
2025-09-19 23:11:39,356 - fpl_analytics - INFO - Performance - app_run: 0.85s - {'page': 'my_team'}
2025-09-19 23:11:43,005 - fpl_analytics - INFO - Performance - app_run: 1.95s - {'page': 'my_team'}
2025-09-19 23:11:43,588 - fpl_analytics - INFO - Performance - page_render_my_team: 0.46s
2025-09-19 23:11:43,588 - fpl_analytics - INFO - Performance - app_run: 0.48s - {'page': 'my_team'}
2025-09-19 23:14:53,842 - fpl_analytics - INFO - Performance - page_render_my_team: 0.59s
2025-09-19 23:14:53,847 - fpl_analytics - INFO - Performance - app_run: 0.61s - {'page': 'my_team'}
2025-09-19 23:25:28,936 - fpl_analytics - INFO - Performance - page_render_dashboard: 0.00s
2025-09-19 23:25:28,952 - fpl_analytics - INFO - Performance - app_run: 0.04s - {'page': 'dashboard'}
2025-09-19 23:25:47,555 - fpl_analytics - INFO - Performance - page_render_dashboard: 0.94s
2025-09-19 23:25:47,560 - fpl_analytics - INFO - Performance - app_run: 2.57s - {'page': 'dashboard'}
2025-09-19 23:25:53,099 - fpl_analytics - INFO - Performance - page_render_my_team: 0.77s
2025-09-19 23:25:53,107 - fpl_analytics - INFO - Performance - app_run: 0.80s - {'page': 'my_team'}
2025-09-19 23:25:59,592 - fpl_analytics - INFO - Performance - page_render_my_team: 0.93s
2025-09-19 23:25:59,594 - fpl_analytics - INFO - Performance - app_run: 0.95s - {'page': 'my_team'}
2025-09-19 23:26:02,113 - fpl_analytics - INFO - Performance - app_run: 1.66s - {'page': 'my_team'}
2025-09-19 23:26:03,078 - fpl_analytics - INFO - Performance - page_render_my_team: 0.79s
2025-09-19 23:26:03,085 - fpl_analytics - INFO - Performance - app_run: 0.83s - {'page': 'my_team'}
2025-09-19 23:27:28,772 - fpl_analytics - INFO - Performance - page_render_my_team: 0.87s
2025-09-19 23:27:28,780 - fpl_analytics - INFO - Performance - app_run: 0.91s - {'page': 'my_team'}
2025-09-19 23:27:58,869 - fpl_analytics - INFO - Performance - page_render_my_team: 0.37s
2025-09-19 23:27:58,872 - fpl_analytics - INFO - Performance - app_run: 0.38s - {'page': 'my_team'}
2025-09-19 23:28:02,094 - fpl_analytics - INFO - Performance - page_render_my_team: 0.36s
2025-09-19 23:28:02,095 - fpl_analytics - INFO - Performance - app_run: 0.37s - {'page': 'my_team'}
2025-09-19 23:28:03,375 - fpl_analytics - INFO - Performance - page_render_my_team: 0.49s
2025-09-19 23:28:03,375 - fpl_analytics - INFO - Performance - app_run: 0.50s - {'page': 'my_team'}
2025-09-19 23:28:34,247 - fpl_analytics - INFO - Performance - page_render_fixtures: 2.03s
2025-09-19 23:28:34,252 - fpl_analytics - INFO - Performance - app_run: 2.05s - {'page': 'fixtures'}
2025-09-19 23:35:02,126 - fpl_analytics - INFO - Performance - page_render_dashboard: 0.00s
2025-09-19 23:35:02,135 - fpl_analytics - INFO - Performance - app_run: 0.04s - {'page': 'dashboard'}
2025-09-19 23:40:15,991 - fpl_analytics - INFO - Performance - page_render_dashboard: 0.00s
2025-09-19 23:40:15,998 - fpl_analytics - INFO - Performance - app_run: 0.03s - {'page': 'dashboard'}
2025-09-20 00:03:32,855 - fpl_analytics - INFO - Performance - page_render_fixtures: 0.76s
2025-09-20 00:03:32,855 - fpl_analytics - INFO - Performance - app_run: 0.77s - {'page': 'fixtures'}
2025-09-20 00:11:15,190 - fpl_analytics - INFO - Performance - page_render_dashboard: 0.00s
2025-09-20 00:11:15,195 - fpl_analytics - INFO - Performance - app_run: 0.02s - {'page': 'dashboard'}
2025-09-20 00:11:31,999 - fpl_analytics - INFO - Performance - page_render_dashboard: 0.00s
2025-09-20 00:11:32,010 - fpl_analytics - INFO - Performance - app_run: 0.04s - {'page': 'dashboard'}
2025-09-20 00:12:37,197 - fpl_analytics - INFO - User Action: data_refresh - Details: {'success': True}
2025-09-20 00:12:37,456 - fpl_analytics - INFO - Performance - page_render_dashboard: 0.25s
2025-09-20 00:12:37,461 - fpl_analytics - INFO - Performance - app_run: 21.65s - {'page': 'dashboard'}
2025-09-20 00:13:16,314 - fpl_analytics - ERROR - Error in app_controller_run: {'error_type': 'NameError', 'error_message': "name 'df' is not defined", 'context': 'app_controller_run', 'traceback': 'Traceback (most recent call last):\n  File "C:\\Users\\daakara\\OneDrive - DPDHL\\Documents\\fpl_ai_agent\\main_modular_app\\core\\app_controller.py", line 171, in run\n    self.pages["fixture_analysis"].render()\n  File "C:\\Users\\daakara\\OneDrive - DPDHL\\Documents\\fpl_ai_agent\\main_modular_app\\pages\\fixture_analysis_page.py", line 67, in render\n    self._display_overall_fixture_difficulty(df)\n  File "C:\\Users\\daakara\\OneDrive - DPDHL\\Documents\\fpl_ai_agent\\main_modular_app\\pages\\fixture_analysis_page.py", line 105, in _display_overall_fixture_difficulty\n    self._display_overall_difficulty_heatmap(df, all_teams)\n  File "C:\\Users\\daakara\\OneDrive - DPDHL\\Documents\\fpl_ai_agent\\main_modular_app\\pages\\fixture_analysis_page.py", line 200, in _display_overall_difficulty_heatmap\n    self._display_team_fixture_breakdown(team_fixtures, df)\n    ^^^^^^^^^^^^^^^^^^^^^^^^^^^^^^^^^^^^^^^^^^^^^^^^^^^\n  File "C:\\Users\\daakara\\OneDrive - DPDHL\\Documents\\fpl_ai_agent\\main_modular_app\\pages\\fixture_analysis_page.py", line 505, in _display_team_fixture_breakdown\n    team_players = df[df[\'team_short_name\'] == team_name]\n                   ^^\nNameError: name \'df\' is not defined\n'}
2025-09-20 00:13:16,315 - fpl_analytics - INFO - Performance - app_run: 0.93s - {'page': 'fixtures'}
2025-09-20 00:13:16,319 - fpl_analytics - ERROR - Error in run: {'error_type': 'NameError', 'error_message': "name 'df' is not defined", 'context': 'run', 'traceback': 'Traceback (most recent call last):\n  File "C:\\Users\\daakara\\OneDrive - DPDHL\\Documents\\fpl_ai_agent\\main_modular_app\\utils\\error_handling.py", line 99, in wrapper\n    return func(*args, **kwargs)\n           ^^^^^^^^^^^^^^^^^^^^^\n  File "C:\\Users\\daakara\\OneDrive - DPDHL\\Documents\\fpl_ai_agent\\main_modular_app\\core\\app_controller.py", line 171, in run\n    self.pages["fixture_analysis"].render()\n  File "C:\\Users\\daakara\\OneDrive - DPDHL\\Documents\\fpl_ai_agent\\main_modular_app\\pages\\fixture_analysis_page.py", line 67, in render\n    self._display_overall_fixture_difficulty(df)\n  File "C:\\Users\\daakara\\OneDrive - DPDHL\\Documents\\fpl_ai_agent\\main_modular_app\\pages\\fixture_analysis_page.py", line 105, in _display_overall_fixture_difficulty\n    self._display_overall_difficulty_heatmap(df, all_teams)\n  File "C:\\Users\\daakara\\OneDrive - DPDHL\\Documents\\fpl_ai_agent\\main_modular_app\\pages\\fixture_analysis_page.py", line 200, in _display_overall_difficulty_heatmap\n    self._display_team_fixture_breakdown(team_fixtures, df)\n    ^^^^^^^^^^^^^^^^^^^^^^^^^^^^^^^^^^^^^^^^^^^^^^^^^^^\n  File "C:\\Users\\daakara\\OneDrive - DPDHL\\Documents\\fpl_ai_agent\\main_modular_app\\pages\\fixture_analysis_page.py", line 505, in _display_team_fixture_breakdown\n    team_players = df[df[\'team_short_name\'] == team_name]\n                   ^^\nNameError: name \'df\' is not defined\n'}
2025-09-20 00:14:55,942 - fpl_analytics - INFO - Performance - app_run: 4.07s - {'page': 'my_team'}
2025-09-20 00:14:56,307 - fpl_analytics - INFO - Performance - page_render_my_team: 1.63s
2025-09-20 00:14:56,322 - fpl_analytics - INFO - Performance - app_run: 1.66s - {'page': 'my_team'}
2025-09-20 00:15:03,955 - fpl_analytics - INFO - Performance - app_run: 6.34s - {'page': 'my_team'}
2025-09-20 00:15:04,499 - fpl_analytics - INFO - Performance - page_render_my_team: 0.41s
2025-09-20 00:15:04,501 - fpl_analytics - INFO - Performance - app_run: 0.43s - {'page': 'my_team'}
2025-09-20 00:16:10,394 - fpl_analytics - INFO - Performance - page_render_my_team: 0.43s
2025-09-20 00:16:10,394 - fpl_analytics - INFO - Performance - app_run: 0.44s - {'page': 'my_team'}
2025-09-20 00:16:26,305 - fpl_analytics - INFO - Performance - page_render_my_team: 0.36s
2025-09-20 00:16:26,305 - fpl_analytics - INFO - Performance - app_run: 0.38s - {'page': 'my_team'}
2025-09-20 00:16:27,137 - fpl_analytics - INFO - Performance - page_render_my_team: 0.40s
2025-09-20 00:16:27,138 - fpl_analytics - INFO - Performance - app_run: 0.41s - {'page': 'my_team'}
2025-09-20 00:16:43,958 - fpl_analytics - INFO - Performance - page_render_ai_recommendations: 0.03s
2025-09-20 00:16:43,968 - fpl_analytics - INFO - Performance - app_run: 0.05s - {'page': 'ai_recommendations'}
2025-09-20 00:16:53,819 - fpl_analytics - INFO - Performance - page_render_team_builder: 0.01s
2025-09-20 00:16:53,824 - fpl_analytics - INFO - Performance - app_run: 0.03s - {'page': 'team_builder'}
2025-09-20 00:17:01,313 - fpl_analytics - INFO - Performance - page_render_players: 0.26s
2025-09-20 00:17:01,319 - fpl_analytics - INFO - Performance - app_run: 0.28s - {'page': 'players'}
